mode: set
FL_2/store/mock/mock_user_repo.go:27.73,31.2 3 1
FL_2/store/mock/mock_user_repo.go:34.71,36.2 1 1
FL_2/store/mock/mock_user_repo.go:39.67,45.2 5 1
FL_2/store/mock/mock_user_repo.go:48.82,51.2 2 1
FL_2/store/mock/mock_user_repo.go:54.72,60.2 5 1
FL_2/store/mock/mock_user_repo.go:63.82,66.2 2 1
FL_2/store/mock/mock_user_repo.go:69.67,74.2 4 1
FL_2/store/mock/mock_user_repo.go:77.92,80.2 2 1
FL_2/store/mock/mock_user_repo.go:83.80,89.2 5 1
FL_2/store/mock/mock_user_repo.go:92.85,95.2 2 1
FL_2/store/mock/mock_user_repo.go:98.69,103.2 4 1
FL_2/store/mock/mock_user_repo.go:106.94,109.2 2 1
FL_2/store/mock/mock_user_repo.go:112.90,118.2 5 1
FL_2/store/mock/mock_user_repo.go:121.95,124.2 2 1
FL_2/store/mock/mock_user_repo.go:127.94,133.2 5 0
FL_2/store/mock/mock_user_repo.go:136.101,139.2 2 0
FL_2/store/mock/mock_user_repo.go:142.91,148.2 5 1
FL_2/store/mock/mock_user_repo.go:151.98,154.2 2 1
FL_2/store/mock/mock_user_repo.go:157.80,163.2 5 1
FL_2/store/mock/mock_user_repo.go:166.90,169.2 2 1
FL_2/store/mock/mock_user_repo.go:172.77,178.2 5 1
FL_2/store/mock/mock_user_repo.go:181.87,184.2 2 1
FL_2/store/mock/mock_user_repo.go:187.78,193.2 5 1
FL_2/store/mock/mock_user_repo.go:196.95,199.2 2 1
FL_2/store/postgresstore/responsevacancyrepository.go:42.92,52.16 3 0
FL_2/store/postgresstore/responsevacancyrepository.go:64.2,64.24 1 0
FL_2/store/postgresstore/responsevacancyrepository.go:52.16,54.29 2 0
FL_2/store/postgresstore/responsevacancyrepository.go:61.3,61.47 1 0
FL_2/store/postgresstore/responsevacancyrepository.go:54.29,55.40 1 0
FL_2/store/postgresstore/responsevacancyrepository.go:55.40,59.5 1 0
FL_2/store/postgresstore/responsevacancyrepository.go:67.97,69.92 2 0
FL_2/store/postgresstore/responsevacancyrepository.go:72.2,72.23 1 0
FL_2/store/postgresstore/responsevacancyrepository.go:69.92,71.3 1 0
FL_2/store/postgresstore/responsevacancyrepository.go:75.108,78.16 3 0
FL_2/store/postgresstore/responsevacancyrepository.go:81.2,81.36 1 0
FL_2/store/postgresstore/responsevacancyrepository.go:84.2,84.23 1 0
FL_2/store/postgresstore/responsevacancyrepository.go:78.16,80.3 1 0
FL_2/store/postgresstore/responsevacancyrepository.go:81.36,83.3 1 0
FL_2/store/postgresstore/responsevacancyrepository.go:87.82,90.16 3 0
FL_2/store/postgresstore/responsevacancyrepository.go:93.2,93.36 1 0
FL_2/store/postgresstore/responsevacancyrepository.go:96.2,96.12 1 0
FL_2/store/postgresstore/responsevacancyrepository.go:90.16,92.3 1 0
FL_2/store/postgresstore/responsevacancyrepository.go:93.36,95.3 1 0
FL_2/usecase/implementation/mediausecase.go:20.91,25.16 5 1
FL_2/usecase/implementation/mediausecase.go:28.2,30.16 3 1
FL_2/usecase/implementation/mediausecase.go:33.2,34.15 2 1
FL_2/usecase/implementation/mediausecase.go:25.16,27.3 1 0
FL_2/usecase/implementation/mediausecase.go:30.16,32.3 1 0
FL_2/usecase/implementation/orderusecase.go:20.72,21.48 1 1
FL_2/usecase/implementation/orderusecase.go:24.2,27.16 4 1
FL_2/usecase/implementation/orderusecase.go:30.2,32.16 3 1
FL_2/usecase/implementation/orderusecase.go:35.2,35.20 1 1
FL_2/usecase/implementation/orderusecase.go:21.48,23.3 1 0
FL_2/usecase/implementation/orderusecase.go:27.16,29.3 1 0
FL_2/usecase/implementation/orderusecase.go:32.16,34.3 1 0
FL_2/usecase/implementation/orderusecase.go:38.66,40.16 2 1
FL_2/usecase/implementation/orderusecase.go:43.2,44.16 2 1
FL_2/usecase/implementation/orderusecase.go:47.2,47.19 1 1
FL_2/usecase/implementation/orderusecase.go:40.16,42.3 1 0
FL_2/usecase/implementation/orderusecase.go:44.16,46.3 1 0
FL_2/usecase/implementation/orderusecase.go:50.83,52.16 2 1
FL_2/usecase/implementation/orderusecase.go:55.2,55.31 1 1
FL_2/usecase/implementation/orderusecase.go:61.2,61.19 1 1
FL_2/usecase/implementation/orderusecase.go:64.2,64.20 1 1
FL_2/usecase/implementation/orderusecase.go:52.16,54.3 1 0
FL_2/usecase/implementation/orderusecase.go:55.31,57.17 2 1
FL_2/usecase/implementation/orderusecase.go:57.17,59.4 1 0
FL_2/usecase/implementation/orderusecase.go:61.19,63.3 1 0
FL_2/usecase/implementation/orderusecase.go:67.83,69.16 2 1
FL_2/usecase/implementation/orderusecase.go:72.2,72.31 1 1
FL_2/usecase/implementation/orderusecase.go:79.2,79.19 1 1
FL_2/usecase/implementation/orderusecase.go:82.2,82.20 1 1
FL_2/usecase/implementation/orderusecase.go:69.16,71.3 1 0
FL_2/usecase/implementation/orderusecase.go:72.31,74.17 2 1
FL_2/usecase/implementation/orderusecase.go:77.3,77.20 1 1
FL_2/usecase/implementation/orderusecase.go:74.17,76.4 1 0
FL_2/usecase/implementation/orderusecase.go:79.19,81.3 1 0
FL_2/usecase/implementation/orderusecase.go:85.65,87.16 2 1
FL_2/usecase/implementation/orderusecase.go:90.2,90.31 1 1
FL_2/usecase/implementation/orderusecase.go:97.2,97.19 1 1
FL_2/usecase/implementation/orderusecase.go:100.2,100.20 1 1
FL_2/usecase/implementation/orderusecase.go:87.16,89.3 1 0
FL_2/usecase/implementation/orderusecase.go:90.31,92.17 2 1
FL_2/usecase/implementation/orderusecase.go:95.3,95.20 1 1
FL_2/usecase/implementation/orderusecase.go:92.17,94.4 1 0
FL_2/usecase/implementation/orderusecase.go:97.19,99.3 1 0
FL_2/usecase/implementation/orderusecase.go:103.64,105.16 2 1
FL_2/usecase/implementation/orderusecase.go:108.2,109.16 2 1
FL_2/usecase/implementation/orderusecase.go:112.2,112.28 1 1
FL_2/usecase/implementation/orderusecase.go:115.2,115.33 1 1
FL_2/usecase/implementation/orderusecase.go:118.2,119.16 2 1
FL_2/usecase/implementation/orderusecase.go:122.2,122.12 1 1
FL_2/usecase/implementation/orderusecase.go:105.16,107.3 1 0
FL_2/usecase/implementation/orderusecase.go:109.16,111.3 1 0
FL_2/usecase/implementation/orderusecase.go:112.28,114.3 1 0
FL_2/usecase/implementation/orderusecase.go:115.33,117.3 1 0
FL_2/usecase/implementation/orderusecase.go:119.16,121.3 1 0
FL_2/usecase/implementation/orderusecase.go:125.64,128.16 3 1
FL_2/usecase/implementation/orderusecase.go:131.2,131.12 1 1
FL_2/usecase/implementation/orderusecase.go:128.16,130.3 1 0
FL_2/usecase/implementation/orderusecase.go:134.64,142.2 2 1
FL_2/usecase/implementation/orderusecase.go:144.77,146.16 2 1
FL_2/usecase/implementation/orderusecase.go:149.2,151.16 3 1
FL_2/usecase/implementation/orderusecase.go:154.2,155.12 2 1
FL_2/usecase/implementation/orderusecase.go:146.16,148.3 1 0
FL_2/usecase/implementation/orderusecase.go:151.16,153.3 1 0
FL_2/usecase/implementation/orderusecase.go:158.58,163.2 4 1
FL_2/usecase/implementation/sessionusecase.go:20.72,27.16 3 0
FL_2/usecase/implementation/sessionusecase.go:30.2,30.57 1 0
FL_2/usecase/implementation/sessionusecase.go:33.2,33.21 1 0
FL_2/usecase/implementation/sessionusecase.go:27.16,29.3 1 0
FL_2/usecase/implementation/sessionusecase.go:30.57,32.3 1 0
FL_2/usecase/implementation/sessionusecase.go:36.84,41.16 3 0
FL_2/usecase/implementation/sessionusecase.go:44.2,45.21 2 0
FL_2/usecase/implementation/sessionusecase.go:41.16,43.3 1 0
FL_2/usecase/implementation/sessionusecase.go:48.86,50.16 2 0
FL_2/usecase/implementation/sessionusecase.go:53.2,53.23 1 0
FL_2/usecase/implementation/sessionusecase.go:50.16,52.3 1 0
FL_2/usecase/implementation/sessionusecase.go:56.69,60.2 3 0
FL_2/store/mock/mock_session_repo.go:26.79,30.2 3 0
FL_2/store/mock/mock_session_repo.go:33.77,35.2 1 0
FL_2/store/mock/mock_session_repo.go:38.67,43.2 4 0
FL_2/store/mock/mock_session_repo.go:46.84,49.2 2 0
FL_2/store/mock/mock_session_repo.go:52.65,57.2 4 0
FL_2/store/mock/mock_session_repo.go:60.82,63.2 2 0
FL_2/server/error.go:26.32,28.2 1 0
FL_2/server/error.go:30.28,32.35 1 0
FL_2/server/error.go:42.2,43.26 2 0
FL_2/server/error.go:53.2,54.27 2 0
FL_2/server/error.go:85.2,85.50 1 0
FL_2/server/error.go:95.2,95.51 1 0
FL_2/server/error.go:105.2,112.3 1 0
FL_2/server/error.go:32.35,41.3 1 0
FL_2/server/error.go:43.26,52.3 1 0
FL_2/server/error.go:54.27,56.18 2 0
FL_2/server/error.go:66.3,68.18 3 0
FL_2/server/error.go:78.3,83.4 1 0
FL_2/server/error.go:56.18,65.4 1 0
FL_2/server/error.go:68.18,77.4 1 0
FL_2/server/error.go:85.50,94.3 1 0
FL_2/server/error.go:95.51,104.3 1 0
FL_2/usecase/implementation/responsevacancyusecase.go:18.105,20.16 2 1
FL_2/usecase/implementation/responsevacancyusecase.go:23.2,24.16 2 1
FL_2/usecase/implementation/responsevacancyusecase.go:27.2,31.16 5 1
FL_2/usecase/implementation/responsevacancyusecase.go:34.2,35.16 2 1
FL_2/usecase/implementation/responsevacancyusecase.go:38.2,39.23 2 1
FL_2/usecase/implementation/responsevacancyusecase.go:20.16,22.3 1 0
FL_2/usecase/implementation/responsevacancyusecase.go:24.16,26.3 1 0
FL_2/usecase/implementation/responsevacancyusecase.go:31.16,33.3 1 0
FL_2/usecase/implementation/responsevacancyusecase.go:35.16,37.3 1 0
FL_2/usecase/implementation/responsevacancyusecase.go:42.94,44.16 2 1
FL_2/usecase/implementation/responsevacancyusecase.go:47.2,47.37 1 1
FL_2/usecase/implementation/responsevacancyusecase.go:54.2,54.22 1 1
FL_2/usecase/implementation/responsevacancyusecase.go:57.2,57.23 1 1
FL_2/usecase/implementation/responsevacancyusecase.go:44.16,46.3 1 0
FL_2/usecase/implementation/responsevacancyusecase.go:47.37,49.17 2 1
FL_2/usecase/implementation/responsevacancyusecase.go:52.3,52.33 1 1
FL_2/usecase/implementation/responsevacancyusecase.go:49.17,51.4 1 0
FL_2/usecase/implementation/responsevacancyusecase.go:54.22,56.3 1 0
FL_2/usecase/implementation/responsevacancyusecase.go:60.105,62.16 2 1
FL_2/usecase/implementation/responsevacancyusecase.go:65.2,65.29 1 1
FL_2/usecase/implementation/responsevacancyusecase.go:62.16,64.3 1 0
FL_2/usecase/implementation/responsevacancyusecase.go:68.79,70.16 2 1
FL_2/usecase/implementation/responsevacancyusecase.go:73.2,73.12 1 1
FL_2/usecase/implementation/responsevacancyusecase.go:70.16,72.3 1 0
FL_2/usecase/implementation/userusecase.go:32.54,34.41 1 1
FL_2/usecase/implementation/userusecase.go:37.2,37.45 1 1
FL_2/usecase/implementation/userusecase.go:41.2,43.29 2 1
FL_2/usecase/implementation/userusecase.go:46.2,47.16 2 1
FL_2/usecase/implementation/userusecase.go:50.2,54.40 2 1
FL_2/usecase/implementation/userusecase.go:70.2,70.12 1 1
FL_2/usecase/implementation/userusecase.go:34.41,36.3 1 1
FL_2/usecase/implementation/userusecase.go:37.45,39.3 1 0
FL_2/usecase/implementation/userusecase.go:43.29,45.3 1 1
FL_2/usecase/implementation/userusecase.go:47.16,49.3 1 1
FL_2/usecase/implementation/userusecase.go:54.40,56.17 2 1
FL_2/usecase/implementation/userusecase.go:59.3,59.50 1 1
FL_2/usecase/implementation/userusecase.go:66.3,66.76 1 1
FL_2/usecase/implementation/userusecase.go:56.17,58.4 1 0
FL_2/usecase/implementation/userusecase.go:59.50,61.18 2 1
FL_2/usecase/implementation/userusecase.go:61.18,63.5 1 0
FL_2/usecase/implementation/userusecase.go:66.76,68.4 1 0
FL_2/usecase/implementation/userusecase.go:73.56,81.2 1 1
FL_2/usecase/implementation/userusecase.go:83.60,86.16 3 1
FL_2/usecase/implementation/userusecase.go:89.2,90.12 2 1
FL_2/usecase/implementation/userusecase.go:86.16,88.3 1 0
FL_2/usecase/implementation/userusecase.go:93.50,95.2 1 1
FL_2/usecase/implementation/userusecase.go:97.92,99.16 2 1
FL_2/usecase/implementation/userusecase.go:102.2,102.19 1 1
FL_2/usecase/implementation/userusecase.go:108.2,108.47 1 1
FL_2/usecase/implementation/userusecase.go:111.2,113.16 3 1
FL_2/usecase/implementation/userusecase.go:116.2,117.18 2 1
FL_2/usecase/implementation/userusecase.go:99.16,101.3 1 1
FL_2/usecase/implementation/userusecase.go:102.19,104.17 2 0
FL_2/usecase/implementation/userusecase.go:104.17,106.4 1 0
FL_2/usecase/implementation/userusecase.go:108.47,110.3 1 0
FL_2/usecase/implementation/userusecase.go:113.16,115.3 1 0
FL_2/usecase/implementation/userusecase.go:120.64,122.16 2 1
FL_2/usecase/implementation/userusecase.go:125.2,125.19 1 1
FL_2/usecase/implementation/userusecase.go:131.2,133.16 3 1
FL_2/usecase/implementation/userusecase.go:136.2,137.18 2 1
FL_2/usecase/implementation/userusecase.go:122.16,124.3 1 0
FL_2/usecase/implementation/userusecase.go:125.19,127.17 2 1
FL_2/usecase/implementation/userusecase.go:127.17,129.4 1 0
FL_2/usecase/implementation/userusecase.go:133.16,135.3 1 0
FL_2/usecase/implementation/userusecase.go:140.73,142.16 2 1
FL_2/usecase/implementation/userusecase.go:146.2,146.55 1 1
FL_2/usecase/implementation/userusecase.go:149.2,149.28 1 1
FL_2/usecase/implementation/userusecase.go:152.2,152.45 1 1
FL_2/usecase/implementation/userusecase.go:155.2,155.22 1 1
FL_2/usecase/implementation/userusecase.go:159.2,159.22 1 1
FL_2/usecase/implementation/userusecase.go:163.2,163.25 1 1
FL_2/usecase/implementation/userusecase.go:167.2,167.22 1 1
FL_2/usecase/implementation/userusecase.go:171.2,171.20 1 1
FL_2/usecase/implementation/userusecase.go:175.2,175.28 1 1
FL_2/usecase/implementation/userusecase.go:179.2,179.22 1 1
FL_2/usecase/implementation/userusecase.go:183.2,185.43 2 1
FL_2/usecase/implementation/userusecase.go:188.2,189.16 2 1
FL_2/usecase/implementation/userusecase.go:192.2,194.16 3 1
FL_2/usecase/implementation/userusecase.go:197.2,198.21 2 1
FL_2/usecase/implementation/userusecase.go:142.16,144.3 1 0
FL_2/usecase/implementation/userusecase.go:146.55,148.3 1 0
FL_2/usecase/implementation/userusecase.go:149.28,151.3 1 0
FL_2/usecase/implementation/userusecase.go:152.45,154.3 1 0
FL_2/usecase/implementation/userusecase.go:155.22,157.3 1 0
FL_2/usecase/implementation/userusecase.go:159.22,161.3 1 0
FL_2/usecase/implementation/userusecase.go:163.25,165.3 1 0
FL_2/usecase/implementation/userusecase.go:167.22,169.3 1 0
FL_2/usecase/implementation/userusecase.go:171.20,173.3 1 1
FL_2/usecase/implementation/userusecase.go:175.28,177.3 1 0
FL_2/usecase/implementation/userusecase.go:179.22,181.3 1 1
FL_2/usecase/implementation/userusecase.go:185.43,187.3 1 0
FL_2/usecase/implementation/userusecase.go:189.16,191.3 1 0
FL_2/usecase/implementation/userusecase.go:194.16,196.3 1 0
FL_2/usecase/implementation/userusecase.go:201.75,204.16 2 1
FL_2/usecase/implementation/userusecase.go:208.2,208.49 1 1
FL_2/usecase/implementation/userusecase.go:215.2,216.16 2 1
FL_2/usecase/implementation/userusecase.go:219.2,219.14 1 1
FL_2/usecase/implementation/userusecase.go:224.2,224.73 1 1
FL_2/usecase/implementation/userusecase.go:227.2,227.12 1 1
FL_2/usecase/implementation/userusecase.go:204.16,206.3 1 0
FL_2/usecase/implementation/userusecase.go:208.49,210.17 2 1
FL_2/usecase/implementation/userusecase.go:210.17,212.4 1 0
FL_2/usecase/implementation/userusecase.go:216.16,218.3 1 0
FL_2/usecase/implementation/userusecase.go:219.14,222.3 1 0
FL_2/usecase/implementation/userusecase.go:224.73,226.3 1 0
FL_2/usecase/implementation/userusecase.go:230.75,232.16 2 1
FL_2/usecase/implementation/userusecase.go:235.2,237.16 2 1
FL_2/usecase/implementation/userusecase.go:241.2,241.12 1 1
FL_2/usecase/implementation/userusecase.go:232.16,234.3 1 0
FL_2/usecase/implementation/userusecase.go:237.16,239.3 1 0
FL_2/usecase/implementation/userusecase.go:244.54,251.2 6 1
FL_2/store/postgresstore/orderrepository.go:46.69,57.16 3 0
FL_2/store/postgresstore/orderrepository.go:68.2,68.21 1 0
FL_2/store/postgresstore/orderrepository.go:57.16,59.29 2 0
FL_2/store/postgresstore/orderrepository.go:66.3,66.47 1 0
FL_2/store/postgresstore/orderrepository.go:59.29,60.40 1 0
FL_2/store/postgresstore/orderrepository.go:60.40,64.5 1 0
FL_2/store/postgresstore/orderrepository.go:71.69,73.68 2 0
FL_2/store/postgresstore/orderrepository.go:76.2,76.20 1 0
FL_2/store/postgresstore/orderrepository.go:73.68,75.3 1 0
FL_2/store/postgresstore/orderrepository.go:79.86,81.88 2 0
FL_2/store/postgresstore/orderrepository.go:84.2,84.20 1 0
FL_2/store/postgresstore/orderrepository.go:81.88,83.3 1 0
FL_2/store/postgresstore/orderrepository.go:87.86,89.88 2 0
FL_2/store/postgresstore/orderrepository.go:92.2,92.20 1 0
FL_2/store/postgresstore/orderrepository.go:89.88,91.3 1 0
FL_2/store/postgresstore/orderrepository.go:95.68,97.65 2 0
FL_2/store/postgresstore/orderrepository.go:100.2,100.20 1 0
FL_2/store/postgresstore/orderrepository.go:97.65,99.3 1 0
FL_2/store/postgresstore/orderrepository.go:103.67,106.16 3 0
FL_2/store/postgresstore/orderrepository.go:109.2,109.36 1 0
FL_2/store/postgresstore/orderrepository.go:112.2,112.12 1 0
FL_2/store/postgresstore/orderrepository.go:106.16,108.3 1 0
FL_2/store/postgresstore/orderrepository.go:109.36,111.3 1 0
FL_2/store/mock/mock_order_repo.go:26.75,30.2 3 1
FL_2/store/mock/mock_order_repo.go:33.73,35.2 1 1
FL_2/store/mock/mock_order_repo.go:38.72,44.2 5 1
FL_2/store/mock/mock_order_repo.go:47.82,50.2 2 1
FL_2/store/mock/mock_order_repo.go:53.84,59.2 5 1
FL_2/store/mock/mock_order_repo.go:62.92,65.2 2 1
FL_2/store/mock/mock_order_repo.go:68.84,74.2 5 1
FL_2/store/mock/mock_order_repo.go:77.92,80.2 2 1
FL_2/store/mock/mock_order_repo.go:83.75,89.2 5 1
FL_2/store/mock/mock_order_repo.go:92.84,95.2 2 1
FL_2/store/mock/mock_order_repo.go:98.72,104.2 5 1
FL_2/store/mock/mock_order_repo.go:107.75,110.2 2 1
FL_2/store/mock/mock_order_repo.go:113.70,118.2 4 1
FL_2/store/mock/mock_order_repo.go:121.90,124.2 2 1
FL_2/store/mock/mock_responsvaansy_repo.go:26.95,30.2 3 1
FL_2/store/mock/mock_responsvaansy_repo.go:33.93,35.2 1 1
FL_2/store/mock/mock_responsvaansy_repo.go:38.108,44.2 5 1
FL_2/store/mock/mock_responsvaansy_repo.go:47.92,50.2 2 1
FL_2/store/mock/mock_responsvaansy_repo.go:53.92,59.2 5 1
FL_2/store/mock/mock_responsvaansy_repo.go:62.92,65.2 2 1
FL_2/store/mock/mock_responsvaansy_repo.go:68.82,73.2 4 1
FL_2/store/mock/mock_responsvaansy_repo.go:76.92,79.2 2 1
FL_2/store/mock/mock_responsvaansy_repo.go:82.103,88.2 5 1
FL_2/store/mock/mock_responsvaansy_repo.go:91.101,94.2 2 1
FL_2/store/diskmediastore/imagerepository.go:16.75,17.54 1 0
FL_2/store/diskmediastore/imagerepository.go:20.2,23.16 4 0
FL_2/store/diskmediastore/imagerepository.go:26.2,27.16 2 0
FL_2/store/diskmediastore/imagerepository.go:30.2,32.19 3 0
FL_2/store/diskmediastore/imagerepository.go:17.54,19.3 1 0
FL_2/store/diskmediastore/imagerepository.go:23.16,25.3 1 0
FL_2/store/diskmediastore/imagerepository.go:27.16,29.3 1 0
FL_2/store/diskmediastore/imagerepository.go:35.89,39.16 4 0
FL_2/store/diskmediastore/imagerepository.go:42.2,43.32 2 0
FL_2/store/diskmediastore/imagerepository.go:39.16,41.3 1 0
FL_2/store/diskmediastore/imagerepository.go:47.65,49.27 2 0
FL_2/store/diskmediastore/imagerepository.go:54.2,54.18 1 0
FL_2/store/diskmediastore/imagerepository.go:49.27,51.3 1 0
FL_2/store/diskmediastore/imagerepository.go:51.8,53.3 1 0
FL_2/server/config.go:14.26,19.2 1 0
FL_2/store/mock/mock_image_repo.go:25.75,29.2 3 1
FL_2/store/mock/mock_image_repo.go:32.73,34.2 1 1
FL_2/store/mock/mock_image_repo.go:37.74,43.2 5 1
FL_2/store/mock/mock_image_repo.go:46.84,49.2 2 1
FL_2/store/mock/mock_image_repo.go:52.87,58.2 5 1
FL_2/store/mock/mock_image_repo.go:61.90,64.2 2 1
FL_2/store/tarantoolcache/cache.go:13.40,15.16 2 0
FL_2/store/tarantoolcache/cache.go:18.2,20.8 1 0
FL_2/store/tarantoolcache/cache.go:15.16,17.3 1 0
FL_2/store/tarantoolcache/cache.go:23.51,24.32 1 0
FL_2/store/tarantoolcache/cache.go:27.2,30.28 2 0
FL_2/store/tarantoolcache/cache.go:24.32,26.3 1 0
FL_2/store/tarantoolcache/cache.go:33.71,37.2 3 0
FL_2/server/server.go:12.46,17.16 5 0
FL_2/server/server.go:20.2,20.36 1 0
FL_2/server/server.go:24.2,25.11 2 0
FL_2/server/server.go:32.2,32.48 1 0
FL_2/server/server.go:17.16,19.3 1 0
FL_2/server/server.go:20.36,22.3 1 0
FL_2/server/server.go:25.11,30.3 1 0
FL_2/store/postgresstore/vacancyrepository.go:26.75,35.16 3 0
FL_2/store/postgresstore/vacancyrepository.go:46.2,46.23 1 0
FL_2/store/postgresstore/vacancyrepository.go:35.16,37.29 2 0
FL_2/store/postgresstore/vacancyrepository.go:44.3,44.47 1 0
FL_2/store/postgresstore/vacancyrepository.go:37.29,38.40 1 0
FL_2/store/postgresstore/vacancyrepository.go:38.40,42.5 1 0
FL_2/store/postgresstore/vacancyrepository.go:49.73,52.16 3 0
FL_2/store/postgresstore/vacancyrepository.go:55.2,55.22 1 0
FL_2/store/postgresstore/vacancyrepository.go:52.16,54.3 1 0
FL_2/store/tarantoolcache/sessionrepository.go:13.66,15.16 2 0
FL_2/store/tarantoolcache/sessionrepository.go:18.2,18.12 1 0
FL_2/store/tarantoolcache/sessionrepository.go:15.16,17.3 1 0
FL_2/store/tarantoolcache/sessionrepository.go:21.64,26.16 2 0
FL_2/store/tarantoolcache/sessionrepository.go:29.2,29.29 1 0
FL_2/store/tarantoolcache/sessionrepository.go:32.2,33.12 2 0
FL_2/store/tarantoolcache/sessionrepository.go:26.16,28.3 1 0
FL_2/store/tarantoolcache/sessionrepository.go:29.29,31.3 1 0
FL_2/store/tarantoolcache/sessionrepository.go:36.61,38.2 1 0
FL_2/store/tarantoolcache/sessionrepository.go:40.64,45.2 4 0
FL_2/fl/main.go:14.13,16.2 1 1
FL_2/fl/main.go:18.13,22.16 4 0
FL_2/fl/main.go:26.2,26.59 1 0
FL_2/fl/main.go:22.16,24.3 1 0
FL_2/fl/main.go:26.59,28.3 1 0
FL_2/store/mock/mock_cache_repo.go:26.57,30.2 3 1
FL_2/store/mock/mock_cache_repo.go:33.55,35.2 1 0
FL_2/store/mock/mock_cache_repo.go:38.56,43.2 4 0
FL_2/store/mock/mock_cache_repo.go:46.58,49.2 2 0
FL_2/store/diskmediastore/mediastore.go:10.38,15.2 2 0
FL_2/store/diskmediastore/mediastore.go:17.52,18.30 1 0
FL_2/store/diskmediastore/mediastore.go:23.2,23.26 1 0
FL_2/store/diskmediastore/mediastore.go:18.30,22.3 1 0
FL_2/store/postgresstore/responseorderrepository.go:42.88,52.16 3 0
FL_2/store/postgresstore/responseorderrepository.go:64.2,64.24 1 0
FL_2/store/postgresstore/responseorderrepository.go:52.16,54.29 2 0
FL_2/store/postgresstore/responseorderrepository.go:61.3,61.47 1 0
FL_2/store/postgresstore/responseorderrepository.go:54.29,55.40 1 0
FL_2/store/postgresstore/responseorderrepository.go:55.40,59.5 1 0
FL_2/store/postgresstore/responseorderrepository.go:67.91,69.88 2 0
FL_2/store/postgresstore/responseorderrepository.go:72.2,72.23 1 0
FL_2/store/postgresstore/responseorderrepository.go:69.88,71.3 1 0
FL_2/store/postgresstore/responseorderrepository.go:75.102,78.16 3 0
FL_2/store/postgresstore/responseorderrepository.go:81.2,81.36 1 0
FL_2/store/postgresstore/responseorderrepository.go:84.2,84.23 1 0
FL_2/store/postgresstore/responseorderrepository.go:78.16,80.3 1 0
FL_2/store/postgresstore/responseorderrepository.go:81.36,83.3 1 0
FL_2/store/postgresstore/responseorderrepository.go:87.78,90.16 3 0
FL_2/store/postgresstore/responseorderrepository.go:93.2,93.35 1 0
FL_2/store/postgresstore/responseorderrepository.go:96.2,96.12 1 0
FL_2/store/postgresstore/responseorderrepository.go:90.16,92.3 1 0
FL_2/store/postgresstore/responseorderrepository.go:93.35,95.3 1 0
FL_2/server/sevice.go:51.65,58.26 3 0
FL_2/server/sevice.go:67.2,67.10 1 0
FL_2/server/sevice.go:58.26,60.3 1 0
FL_2/server/sevice.go:60.8,62.17 2 0
FL_2/server/sevice.go:65.3,65.31 1 0
FL_2/server/sevice.go:62.17,64.4 1 0
FL_2/server/sevice.go:70.68,72.2 1 0
FL_2/server/sevice.go:74.50,136.2 40 0
FL_2/server/sevice.go:138.44,139.71 1 0
FL_2/server/sevice.go:139.71,148.3 3 0
FL_2/server/sevice.go:151.65,152.71 1 0
FL_2/server/sevice.go:152.71,160.3 3 0
FL_2/server/sevice.go:163.84,167.65 3 0
FL_2/server/sevice.go:171.2,173.16 3 0
FL_2/server/sevice.go:177.2,179.16 3 0
FL_2/server/sevice.go:183.2,183.51 1 0
FL_2/server/sevice.go:167.65,170.3 2 0
FL_2/server/sevice.go:173.16,176.3 2 0
FL_2/server/sevice.go:179.16,182.3 2 0
FL_2/server/sevice.go:186.85,190.16 4 0
FL_2/server/sevice.go:194.2,195.16 2 0
FL_2/server/sevice.go:200.2,200.47 1 0
FL_2/server/sevice.go:190.16,193.3 2 0
FL_2/server/sevice.go:195.16,198.3 2 0
FL_2/server/sevice.go:203.84,207.65 3 0
FL_2/server/sevice.go:211.2,214.16 4 0
FL_2/server/sevice.go:218.2,221.16 3 0
FL_2/server/sevice.go:226.2,226.47 1 0
FL_2/server/sevice.go:207.65,210.3 2 0
FL_2/server/sevice.go:214.16,217.3 2 0
FL_2/server/sevice.go:221.16,224.3 2 0
FL_2/server/sevice.go:229.84,235.16 6 0
FL_2/server/sevice.go:239.2,242.16 3 0
FL_2/server/sevice.go:246.2,248.52 2 0
FL_2/server/sevice.go:235.16,238.3 2 0
FL_2/server/sevice.go:242.16,245.3 2 0
FL_2/server/sevice.go:251.79,256.63 4 0
FL_2/server/sevice.go:260.2,262.16 3 0
FL_2/server/sevice.go:266.2,267.16 2 0
FL_2/server/sevice.go:271.2,271.43 1 0
FL_2/server/sevice.go:256.63,259.3 2 0
FL_2/server/sevice.go:262.16,265.3 2 0
FL_2/server/sevice.go:267.16,270.3 2 0
FL_2/server/sevice.go:274.79,281.16 6 0
FL_2/server/sevice.go:285.2,286.16 2 0
FL_2/server/sevice.go:290.2,291.52 2 0
FL_2/server/sevice.go:281.16,284.3 2 0
FL_2/server/sevice.go:286.16,289.3 2 0
FL_2/server/sevice.go:294.81,298.16 4 0
FL_2/server/sevice.go:302.2,303.16 2 0
FL_2/server/sevice.go:307.2,309.16 3 0
FL_2/server/sevice.go:314.2,314.16 1 0
FL_2/server/sevice.go:318.2,318.39 1 0
FL_2/server/sevice.go:298.16,301.3 2 0
FL_2/server/sevice.go:303.16,306.3 2 0
FL_2/server/sevice.go:309.16,311.3 1 0
FL_2/server/sevice.go:311.8,313.3 1 0
FL_2/server/sevice.go:314.16,317.3 2 0
FL_2/server/sevice.go:321.72,325.58 4 0
FL_2/server/sevice.go:329.2,330.16 2 0
FL_2/server/sevice.go:334.2,335.16 2 0
FL_2/server/sevice.go:339.2,339.33 1 0
FL_2/server/sevice.go:342.2,342.44 1 0
FL_2/server/sevice.go:325.58,328.3 2 0
FL_2/server/sevice.go:330.16,333.3 2 0
FL_2/server/sevice.go:335.16,338.3 2 0
FL_2/server/sevice.go:339.33,341.3 1 0
FL_2/server/sevice.go:345.70,348.58 3 0
FL_2/server/sevice.go:352.2,353.16 2 0
FL_2/server/sevice.go:357.2,358.16 2 0
FL_2/server/sevice.go:362.2,362.33 1 0
FL_2/server/sevice.go:365.2,365.39 1 0
FL_2/server/sevice.go:348.58,351.3 2 0
FL_2/server/sevice.go:353.16,356.3 2 0
FL_2/server/sevice.go:358.16,361.3 2 0
FL_2/server/sevice.go:362.33,364.3 1 0
FL_2/server/sevice.go:368.71,371.33 3 0
FL_2/server/sevice.go:371.33,373.3 1 0
FL_2/server/sevice.go:376.67,377.71 1 0
FL_2/server/sevice.go:377.71,381.17 4 0
FL_2/server/sevice.go:389.3,390.17 2 0
FL_2/server/sevice.go:398.3,399.17 2 0
FL_2/server/sevice.go:403.3,404.17 2 0
FL_2/server/sevice.go:409.3,409.91 1 0
FL_2/server/sevice.go:381.17,388.4 3 0
FL_2/server/sevice.go:390.17,397.4 3 0
FL_2/server/sevice.go:399.17,402.4 2 0
FL_2/server/sevice.go:404.17,407.4 2 0
FL_2/server/sevice.go:413.78,417.16 4 0
FL_2/server/sevice.go:421.2,422.58 2 0
FL_2/server/sevice.go:426.2,427.24 2 0
FL_2/server/sevice.go:431.2,433.16 3 0
FL_2/server/sevice.go:437.2,437.39 1 0
FL_2/server/sevice.go:417.16,420.3 2 0
FL_2/server/sevice.go:422.58,425.3 2 0
FL_2/server/sevice.go:427.24,430.3 2 0
FL_2/server/sevice.go:433.16,436.3 2 0
FL_2/server/sevice.go:440.75,444.16 4 0
FL_2/server/sevice.go:448.2,449.16 2 0
FL_2/server/sevice.go:453.2,453.39 1 0
FL_2/server/sevice.go:444.16,447.3 2 0
FL_2/server/sevice.go:449.16,452.3 2 0
FL_2/server/sevice.go:456.80,461.2 4 0
FL_2/server/sevice.go:463.78,467.67 4 0
FL_2/server/sevice.go:472.2,472.76 1 0
FL_2/server/sevice.go:476.2,477.57 2 0
FL_2/server/sevice.go:467.67,470.3 2 0
FL_2/server/sevice.go:472.76,475.3 2 0
FL_2/server/sevice.go:480.78,484.67 4 0
FL_2/server/sevice.go:488.2,488.80 1 0
FL_2/server/sevice.go:492.2,493.57 2 0
FL_2/server/sevice.go:484.67,487.3 2 0
FL_2/server/sevice.go:488.80,491.3 2 0
FL_2/server/sevice.go:496.74,502.16 6 0
FL_2/server/sevice.go:507.2,508.16 2 0
FL_2/server/sevice.go:512.2,512.39 1 0
FL_2/server/sevice.go:502.16,505.3 2 0
FL_2/server/sevice.go:508.16,511.3 2 0
FL_2/server/sevice.go:516.76,520.58 4 0
FL_2/server/sevice.go:524.2,527.16 4 0
FL_2/server/sevice.go:531.2,531.44 1 0
FL_2/server/sevice.go:520.58,523.3 2 0
FL_2/server/sevice.go:527.16,530.3 2 0
FL_2/server/sevice.go:534.73,538.16 4 0
FL_2/server/sevice.go:542.2,543.16 2 0
FL_2/server/sevice.go:547.2,547.39 1 0
FL_2/server/sevice.go:538.16,541.3 2 0
FL_2/server/sevice.go:543.16,546.3 2 0
FL_2/server/sevice.go:550.79,553.16 3 0
FL_2/server/sevice.go:557.2,557.39 1 0
FL_2/server/sevice.go:553.16,556.3 2 0
FL_2/server/sevice.go:560.78,566.58 4 0
FL_2/server/sevice.go:570.2,571.57 2 0
FL_2/server/sevice.go:574.2,574.44 1 0
FL_2/server/sevice.go:566.58,569.3 2 0
FL_2/server/sevice.go:571.57,573.3 1 0
FL_2/server/sevice.go:577.75,581.16 4 0
FL_2/server/sevice.go:585.2,586.16 2 0
FL_2/server/sevice.go:590.2,590.39 1 0
FL_2/server/sevice.go:581.16,584.3 2 0
FL_2/server/sevice.go:586.16,589.3 2 0
FL_2/server/sevice.go:593.76,600.32 3 0
FL_2/server/sevice.go:604.2,604.110 1 0
FL_2/server/sevice.go:600.32,603.3 2 0
FL_2/server/sevice.go:607.86,610.65 3 0
FL_2/server/sevice.go:614.2,616.16 3 0
FL_2/server/sevice.go:620.2,622.16 3 0
FL_2/server/sevice.go:626.2,626.51 1 0
FL_2/server/sevice.go:610.65,613.3 2 0
FL_2/server/sevice.go:616.16,619.3 2 0
FL_2/server/sevice.go:622.16,625.3 2 0
FL_2/server/sevice.go:629.87,633.16 4 0
FL_2/server/sevice.go:637.2,638.16 2 0
FL_2/server/sevice.go:643.2,643.47 1 0
FL_2/server/sevice.go:633.16,636.3 2 0
FL_2/server/sevice.go:638.16,641.3 2 0
FL_2/server/sevice.go:646.95,648.17 2 0
FL_2/server/sevice.go:655.2,658.11 1 0
FL_2/server/sevice.go:648.17,650.17 2 0
FL_2/server/sevice.go:650.17,653.4 2 0
FL_2/server/sevice.go:661.53,662.33 1 0
FL_2/server/sevice.go:662.33,665.3 2 0
FL_2/server/sevice.go:668.70,671.16 2 0
FL_2/server/sevice.go:675.2,690.21 2 0
FL_2/server/sevice.go:671.16,673.3 1 0
FL_2/usecase/implementation/usecase.go:18.87,51.2 2 1
FL_2/usecase/implementation/usecase.go:53.48,55.2 1 1
FL_2/usecase/implementation/usecase.go:57.46,59.2 1 1
FL_2/usecase/implementation/usecase.go:61.48,63.2 1 1
FL_2/usecase/implementation/usecase.go:65.52,67.2 1 0
FL_2/usecase/implementation/usecase.go:69.52,71.2 1 1
FL_2/usecase/implementation/usecase.go:73.64,75.2 1 1
FL_2/usecase/implementation/usecase.go:77.68,79.2 1 1
FL_2/store/postgresstore/error.go:12.45,14.2 1 0
FL_2/store/postgresstore/store.go:18.29,22.2 1 0
FL_2/store/postgresstore/store.go:24.30,26.16 2 0
FL_2/store/postgresstore/store.go:30.2,32.12 2 0
FL_2/store/postgresstore/store.go:26.16,28.3 1 0
FL_2/store/postgresstore/store.go:35.31,37.2 1 0
FL_2/store/postgresstore/store.go:39.45,40.29 1 0
FL_2/store/postgresstore/store.go:46.2,46.25 1 0
FL_2/store/postgresstore/store.go:40.29,44.3 1 0
FL_2/store/postgresstore/store.go:49.47,50.30 1 0
FL_2/store/postgresstore/store.go:56.2,56.26 1 0
FL_2/store/postgresstore/store.go:50.30,54.3 1 0
FL_2/store/postgresstore/store.go:59.51,60.32 1 0
FL_2/store/postgresstore/store.go:66.2,66.28 1 0
FL_2/store/postgresstore/store.go:60.32,64.3 1 0
FL_2/store/postgresstore/store.go:69.63,70.38 1 0
FL_2/store/postgresstore/store.go:76.2,76.34 1 0
FL_2/store/postgresstore/store.go:70.38,74.3 1 0
FL_2/store/postgresstore/store.go:79.67,80.40 1 0
FL_2/store/postgresstore/store.go:86.2,86.36 1 0
FL_2/store/postgresstore/store.go:80.40,84.3 1 0
FL_2/usecase/implementation/vacancyusecase.go:19.80,22.16 3 1
FL_2/usecase/implementation/vacancyusecase.go:25.2,27.16 3 1
FL_2/usecase/implementation/vacancyusecase.go:30.2,30.22 1 1
FL_2/usecase/implementation/vacancyusecase.go:22.16,24.3 1 0
FL_2/usecase/implementation/vacancyusecase.go:27.16,29.3 1 0
FL_2/usecase/implementation/vacancyusecase.go:33.70,35.16 2 1
FL_2/usecase/implementation/vacancyusecase.go:38.2,39.16 2 1
FL_2/usecase/implementation/vacancyusecase.go:42.2,42.21 1 1
FL_2/usecase/implementation/vacancyusecase.go:35.16,37.3 1 0
FL_2/usecase/implementation/vacancyusecase.go:39.16,41.3 1 0
FL_2/usecase/implementation/vacancyusecase.go:45.85,47.16 2 1
FL_2/usecase/implementation/vacancyusecase.go:50.2,52.16 3 1
FL_2/usecase/implementation/vacancyusecase.go:55.2,56.12 2 1
FL_2/usecase/implementation/vacancyusecase.go:47.16,49.3 1 0
FL_2/usecase/implementation/vacancyusecase.go:52.16,54.3 1 0
FL_2/usecase/implementation/vacancyusecase.go:59.66,64.2 4 1
FL_2/store/postgresstore/userrepository.go:77.74,84.16 2 0
FL_2/store/postgresstore/userrepository.go:87.2,87.12 1 0
FL_2/store/postgresstore/userrepository.go:84.16,86.3 1 0
FL_2/store/postgresstore/userrepository.go:90.90,93.35 3 0
FL_2/store/postgresstore/userrepository.go:99.2,99.16 1 0
FL_2/store/postgresstore/userrepository.go:102.2,102.24 1 0
FL_2/store/postgresstore/userrepository.go:93.35,98.3 1 0
FL_2/store/postgresstore/userrepository.go:99.16,101.3 1 0
FL_2/store/postgresstore/userrepository.go:105.85,107.16 2 0
FL_2/store/postgresstore/userrepository.go:110.2,110.26 1 0
FL_2/store/postgresstore/userrepository.go:113.2,113.19 1 0
FL_2/store/postgresstore/userrepository.go:107.16,109.3 1 0
FL_2/store/postgresstore/userrepository.go:110.26,112.3 1 0
FL_2/store/postgresstore/userrepository.go:116.67,120.16 3 0
FL_2/store/postgresstore/userrepository.go:123.2,123.20 1 0
FL_2/store/postgresstore/userrepository.go:120.16,122.3 1 0
FL_2/store/postgresstore/userrepository.go:126.68,136.16 3 0
FL_2/store/postgresstore/userrepository.go:147.2,147.20 1 0
FL_2/store/postgresstore/userrepository.go:136.16,138.29 2 0
FL_2/store/postgresstore/userrepository.go:145.3,145.47 1 0
FL_2/store/postgresstore/userrepository.go:138.29,139.40 1 0
FL_2/store/postgresstore/userrepository.go:139.40,143.5 1 0
FL_2/store/postgresstore/userrepository.go:150.77,153.16 3 0
FL_2/store/postgresstore/userrepository.go:156.2,156.19 1 0
FL_2/store/postgresstore/userrepository.go:153.16,155.3 1 0
FL_2/store/postgresstore/userrepository.go:159.91,162.16 3 0
FL_2/store/postgresstore/userrepository.go:165.2,165.18 1 0
FL_2/store/postgresstore/userrepository.go:170.2,170.30 1 0
FL_2/store/postgresstore/userrepository.go:162.16,164.3 1 0
FL_2/store/postgresstore/userrepository.go:165.18,166.48 1 0
FL_2/store/postgresstore/userrepository.go:166.48,168.4 1 0
FL_2/store/postgresstore/userrepository.go:173.71,176.16 3 0
FL_2/store/postgresstore/userrepository.go:179.2,179.19 1 0
FL_2/store/postgresstore/userrepository.go:176.16,178.3 1 0
FL_2/store/postgresstore/userrepository.go:182.85,185.16 3 0
FL_2/store/postgresstore/userrepository.go:188.2,188.18 1 0
FL_2/store/postgresstore/userrepository.go:193.2,193.30 1 0
FL_2/store/postgresstore/userrepository.go:185.16,187.3 1 0
FL_2/store/postgresstore/userrepository.go:188.18,189.48 1 0
FL_2/store/postgresstore/userrepository.go:189.48,191.4 1 0
FL_2/store/postgresstore/userrepository.go:196.76,199.16 3 0
FL_2/store/postgresstore/userrepository.go:202.2,202.36 1 0
FL_2/store/postgresstore/userrepository.go:205.2,205.18 1 0
FL_2/store/postgresstore/userrepository.go:199.16,201.3 1 0
FL_2/store/postgresstore/userrepository.go:202.36,204.3 1 0
FL_2/store/postgresstore/userrepository.go:208.76,210.16 2 0
FL_2/store/postgresstore/userrepository.go:213.2,213.12 1 0
FL_2/store/postgresstore/userrepository.go:210.16,212.3 1 0
FL_2/store/mock/mock_store_store.go:26.55,30.2 3 1
FL_2/store/mock/mock_store_store.go:33.53,35.2 1 1
FL_2/store/mock/mock_store_store.go:38.51,43.2 4 1
FL_2/store/mock/mock_store_store.go:46.55,49.2 2 1
FL_2/store/mock/mock_store_store.go:52.67,57.2 4 1
FL_2/store/mock/mock_store_store.go:60.63,63.2 2 1
FL_2/store/mock/mock_store_store.go:66.71,71.2 4 1
FL_2/store/mock/mock_store_store.go:74.65,77.2 2 1
FL_2/store/mock/mock_store_store.go:80.49,85.2 4 1
FL_2/store/mock/mock_store_store.go:88.54,91.2 2 1
FL_2/store/mock/mock_store_store.go:94.55,99.2 4 1
FL_2/store/mock/mock_store_store.go:102.57,105.2 2 1
FL_2/store/mock/mock_vacansy_repo.go:26.79,30.2 3 1
FL_2/store/mock/mock_vacansy_repo.go:33.77,35.2 1 1
FL_2/store/mock/mock_vacansy_repo.go:38.76,44.2 5 1
FL_2/store/mock/mock_vacansy_repo.go:47.84,50.2 2 1
FL_2/store/mock/mock_vacansy_repo.go:53.79,59.2 5 1
FL_2/store/mock/mock_vacansy_repo.go:62.86,65.2 2 1
FL_2/store/mock/mock_responseorder_repo.go:26.91,30.2 3 1
FL_2/store/mock/mock_responseorder_repo.go:33.89,35.2 1 1
FL_2/store/mock/mock_responseorder_repo.go:38.102,44.2 5 1
FL_2/store/mock/mock_responseorder_repo.go:47.90,50.2 2 1
FL_2/store/mock/mock_responseorder_repo.go:53.88,59.2 5 1
FL_2/store/mock/mock_responseorder_repo.go:62.90,65.2 2 1
FL_2/store/mock/mock_responseorder_repo.go:68.78,73.2 4 1
FL_2/store/mock/mock_responseorder_repo.go:76.90,79.2 2 1
FL_2/store/mock/mock_responseorder_repo.go:82.97,88.2 5 1
FL_2/store/mock/mock_responseorder_repo.go:91.97,94.2 2 1
FL_2/usecase/implementation/password.go:8.57,11.2 2 1
FL_2/usecase/implementation/password.go:13.59,19.2 4 1
FL_2/usecase/implementation/responseorderusecase.go:18.99,20.16 2 1
FL_2/usecase/implementation/responseorderusecase.go:23.2,24.16 2 1
FL_2/usecase/implementation/responseorderusecase.go:27.2,31.16 5 1
FL_2/usecase/implementation/responseorderusecase.go:34.2,36.16 3 1
FL_2/usecase/implementation/responseorderusecase.go:39.2,40.23 2 1
FL_2/usecase/implementation/responseorderusecase.go:20.16,22.3 1 0
FL_2/usecase/implementation/responseorderusecase.go:24.16,26.3 1 0
FL_2/usecase/implementation/responseorderusecase.go:31.16,33.3 1 0
FL_2/usecase/implementation/responseorderusecase.go:36.16,38.3 1 0
FL_2/usecase/implementation/responseorderusecase.go:43.90,45.16 2 1
FL_2/usecase/implementation/responseorderusecase.go:48.2,48.37 1 1
FL_2/usecase/implementation/responseorderusecase.go:56.2,56.22 1 1
FL_2/usecase/implementation/responseorderusecase.go:59.2,59.23 1 1
FL_2/usecase/implementation/responseorderusecase.go:45.16,47.3 1 0
FL_2/usecase/implementation/responseorderusecase.go:48.37,50.17 2 1
FL_2/usecase/implementation/responseorderusecase.go:53.3,54.46 2 1
FL_2/usecase/implementation/responseorderusecase.go:50.17,52.4 1 0
FL_2/usecase/implementation/responseorderusecase.go:56.22,58.3 1 0
FL_2/usecase/implementation/responseorderusecase.go:62.99,64.16 2 1
FL_2/usecase/implementation/responseorderusecase.go:67.2,68.16 2 1
FL_2/usecase/implementation/responseorderusecase.go:71.2,71.29 1 1
FL_2/usecase/implementation/responseorderusecase.go:64.16,66.3 1 0
FL_2/usecase/implementation/responseorderusecase.go:68.16,70.3 1 0
FL_2/usecase/implementation/responseorderusecase.go:74.75,76.16 2 1
FL_2/usecase/implementation/responseorderusecase.go:79.2,79.12 1 1
FL_2/usecase/implementation/responseorderusecase.go:76.16,78.3 1 0
FL_2/usecase/implementation/responseorderusecase.go:82.99,84.16 2 1
FL_2/usecase/implementation/responseorderusecase.go:87.2,88.16 2 1
FL_2/usecase/implementation/responseorderusecase.go:91.2,93.16 3 1
FL_2/usecase/implementation/responseorderusecase.go:96.2,97.12 2 1
FL_2/usecase/implementation/responseorderusecase.go:84.16,86.3 1 0
FL_2/usecase/implementation/responseorderusecase.go:88.16,90.3 1 0
FL_2/usecase/implementation/responseorderusecase.go:93.16,95.3 1 0
FL_2/store/mock/mock_media_store.go:26.65,30.2 3 1
FL_2/store/mock/mock_media_store.go:33.63,35.2 1 1
FL_2/store/mock/mock_media_store.go:38.56,43.2 4 1
FL_2/store/mock/mock_media_store.go:46.60,49.2 2 1
