mode: set
user/internal/app/user/handlers/httphandlers.go:22.46,26.2 1 0
user/internal/app/user/handlers/httphandlers.go:28.74,33.16 4 0
user/internal/app/user/handlers/httphandlers.go:37.2,38.58 2 0
user/internal/app/user/handlers/httphandlers.go:42.2,44.16 3 0
user/internal/app/user/handlers/httphandlers.go:48.2,48.57 1 0
user/internal/app/user/handlers/httphandlers.go:33.16,36.3 2 0
user/internal/app/user/handlers/httphandlers.go:38.58,41.3 2 0
user/internal/app/user/handlers/httphandlers.go:44.16,47.3 2 0
user/internal/app/user/handlers/httphandlers.go:51.72,56.16 4 0
user/internal/app/user/handlers/httphandlers.go:60.2,61.16 2 0
user/internal/app/user/handlers/httphandlers.go:65.2,65.50 1 0
user/internal/app/user/handlers/httphandlers.go:56.16,59.3 2 0
user/internal/app/user/handlers/httphandlers.go:61.16,64.3 2 0
user/internal/app/user/usecase/usecase.go:20.82,22.16 2 0
user/internal/app/user/usecase/usecase.go:25.2,25.12 1 0
user/internal/app/user/usecase/usecase.go:22.16,24.3 1 0
user/internal/app/user/usecase/usecase.go:28.106,29.57 1 0
user/internal/app/user/usecase/usecase.go:32.2,32.49 1 0
user/internal/app/user/usecase/usecase.go:35.2,36.16 2 0
user/internal/app/user/usecase/usecase.go:40.2,40.40 1 0
user/internal/app/user/usecase/usecase.go:56.2,59.8 1 0
user/internal/app/user/usecase/usecase.go:29.57,31.3 1 0
user/internal/app/user/usecase/usecase.go:32.49,34.3 1 0
user/internal/app/user/usecase/usecase.go:36.16,38.3 1 0
user/internal/app/user/usecase/usecase.go:40.40,42.17 2 0
user/internal/app/user/usecase/usecase.go:50.3,51.17 2 0
user/internal/app/user/usecase/usecase.go:42.17,43.48 1 0
user/internal/app/user/usecase/usecase.go:43.48,45.19 2 0
user/internal/app/user/usecase/usecase.go:45.19,47.6 1 0
user/internal/app/user/usecase/usecase.go:51.17,53.4 1 0
user/internal/app/user/usecase/usecase.go:62.121,64.16 2 0
user/internal/app/user/usecase/usecase.go:67.2,67.46 1 0
user/internal/app/user/usecase/usecase.go:71.2,74.8 1 0
user/internal/app/user/usecase/usecase.go:64.16,66.3 1 0
user/internal/app/user/usecase/usecase.go:67.46,69.3 1 0
user/internal/app/user/usecase/usecase.go:77.91,79.16 2 0
user/internal/app/user/usecase/usecase.go:82.2,82.19 1 0
user/internal/app/user/usecase/usecase.go:88.2,89.16 2 0
user/internal/app/user/usecase/usecase.go:92.2,94.18 3 0
user/internal/app/user/usecase/usecase.go:79.16,81.3 1 0
user/internal/app/user/usecase/usecase.go:82.19,84.17 2 0
user/internal/app/user/usecase/usecase.go:84.17,86.4 1 0
user/internal/app/user/usecase/usecase.go:89.16,91.3 1 0
user/internal/app/user/usecase/usecase.go:97.109,99.16 2 0
user/internal/app/user/usecase/usecase.go:102.2,103.16 2 0
user/internal/app/user/usecase/usecase.go:107.2,107.54 1 0
user/internal/app/user/usecase/usecase.go:110.2,110.28 1 0
user/internal/app/user/usecase/usecase.go:113.2,113.49 1 0
user/internal/app/user/usecase/usecase.go:116.2,116.22 1 0
user/internal/app/user/usecase/usecase.go:120.2,120.22 1 0
user/internal/app/user/usecase/usecase.go:124.2,124.25 1 0
user/internal/app/user/usecase/usecase.go:128.2,128.22 1 0
user/internal/app/user/usecase/usecase.go:132.2,132.28 1 0
user/internal/app/user/usecase/usecase.go:136.2,136.43 1 0
user/internal/app/user/usecase/usecase.go:139.2,140.16 2 0
user/internal/app/user/usecase/usecase.go:143.2,143.40 1 0
user/internal/app/user/usecase/usecase.go:159.2,166.8 1 0
user/internal/app/user/usecase/usecase.go:99.16,101.3 1 0
user/internal/app/user/usecase/usecase.go:103.16,105.3 1 0
user/internal/app/user/usecase/usecase.go:107.54,109.3 1 0
user/internal/app/user/usecase/usecase.go:110.28,112.3 1 0
user/internal/app/user/usecase/usecase.go:113.49,115.3 1 0
user/internal/app/user/usecase/usecase.go:116.22,118.3 1 0
user/internal/app/user/usecase/usecase.go:120.22,122.3 1 0
user/internal/app/user/usecase/usecase.go:124.25,126.3 1 0
user/internal/app/user/usecase/usecase.go:128.22,130.3 1 0
user/internal/app/user/usecase/usecase.go:132.28,134.3 1 0
user/internal/app/user/usecase/usecase.go:136.43,138.3 1 0
user/internal/app/user/usecase/usecase.go:140.16,142.3 1 0
user/internal/app/user/usecase/usecase.go:143.40,145.17 2 0
user/internal/app/user/usecase/usecase.go:153.3,154.17 2 0
user/internal/app/user/usecase/usecase.go:145.17,146.39 1 0
user/internal/app/user/usecase/usecase.go:146.39,148.19 2 0
user/internal/app/user/usecase/usecase.go:148.19,150.6 1 0
user/internal/app/user/usecase/usecase.go:154.17,156.4 1 0
user/internal/app/user/usecase/usecase.go:169.114,175.2 1 0
user/internal/app/order/repository/repository.go:13.46,17.2 1 0
user/internal/app/order/repository/repository.go:19.89,23.16 2 0
user/internal/app/order/repository/repository.go:26.2,34.8 1 0
user/internal/app/order/repository/repository.go:23.16,25.3 1 0
user/internal/app/session/repository/repository.go:14.48,18.2 1 0
user/internal/app/session/repository/repository.go:20.98,26.16 4 0
user/internal/app/session/repository/repository.go:29.2,32.8 1 0
user/internal/app/session/repository/repository.go:26.16,28.3 1 0
user/pkg/middleware/middleware.go:19.53,20.71 1 0
user/pkg/middleware/middleware.go:20.71,25.3 4 0
user/pkg/middleware/middleware.go:28.49,37.2 1 0
user/pkg/middleware/middleware.go:39.65,47.2 1 0
user/pkg/metric/metric.go:19.12,30.2 4 0
user/pkg/metric/metric.go:32.63,35.2 2 0
user/pkg/metric/metric.go:37.52,39.2 1 0
user/pkg/metric/metric.go:41.36,42.16 1 0
user/pkg/metric/metric.go:42.16,44.3 1 0
user/internal/app/specialize/usecase/usecase.go:14.63,18.2 1 0
user/internal/app/specialize/usecase/usecase.go:20.88,22.16 2 0
user/internal/app/specialize/usecase/usecase.go:25.2,25.16 1 0
user/internal/app/specialize/usecase/usecase.go:22.16,24.3 1 0
user/internal/app/specialize/usecase/usecase.go:28.83,30.16 2 0
user/internal/app/specialize/usecase/usecase.go:33.2,34.16 2 0
user/internal/app/specialize/usecase/usecase.go:37.2,37.12 1 0
user/internal/app/specialize/usecase/usecase.go:30.16,32.3 1 0
user/internal/app/specialize/usecase/usecase.go:34.16,36.3 1 0
user/internal/app/specialize/usecase/usecase.go:40.94,42.16 2 0
user/internal/app/specialize/usecase/usecase.go:48.2,50.28 3 0
user/internal/app/specialize/usecase/usecase.go:55.2,55.16 1 0
user/internal/app/specialize/usecase/usecase.go:58.2,58.12 1 0
user/internal/app/specialize/usecase/usecase.go:42.16,44.17 2 0
user/internal/app/specialize/usecase/usecase.go:44.17,46.4 1 0
user/internal/app/specialize/usecase/usecase.go:50.28,51.28 1 0
user/internal/app/specialize/usecase/usecase.go:51.28,53.4 1 0
user/internal/app/specialize/usecase/usecase.go:55.16,57.3 1 0
user/internal/app/user/tools/password.go:14.59,20.2 4 0
user/internal/app/user/tools/password.go:22.47,25.16 3 0
user/internal/app/user/tools/password.go:29.2,30.29 2 0
user/internal/app/user/tools/password.go:33.2,33.12 1 0
user/internal/app/user/tools/password.go:25.16,27.3 1 0
user/internal/app/user/tools/password.go:30.29,32.3 1 0
user/internal/app/user/tools/password.go:36.50,39.16 3 0
user/internal/app/user/tools/password.go:43.2,44.29 2 0
user/internal/app/user/tools/password.go:47.2,47.12 1 0
user/internal/app/user/tools/password.go:39.16,41.3 1 0
user/internal/app/user/tools/password.go:44.29,46.3 1 0
user/internal/app/user/tools/password.go:50.57,53.2 2 0
user/pkg/database/postgresql/postgres.go:11.49,13.16 2 0
user/pkg/database/postgresql/postgres.go:16.2,18.8 1 0
user/pkg/database/postgresql/postgres.go:13.16,15.3 1 0
user/pkg/database/postgresql/postgres.go:21.43,23.2 1 0
user/pkg/database/postgresql/postgres.go:25.34,28.2 2 0
user/internal/app/order/mock/mock_repository.go:27.65,31.2 3 0
user/internal/app/order/mock/mock_repository.go:34.63,36.2 1 0
user/internal/app/order/mock/mock_repository.go:39.96,45.2 5 0
user/internal/app/order/mock/mock_repository.go:48.84,51.2 2 0
user/internal/app/specialize/mock/mock_repository.go:27.65,31.2 3 0
user/internal/app/specialize/mock/mock_repository.go:34.63,36.2 1 0
user/internal/app/specialize/mock/mock_repository.go:39.105,44.2 4 0
user/internal/app/specialize/mock/mock_repository.go:47.114,50.2 2 0
user/internal/app/specialize/mock/mock_repository.go:53.84,59.2 5 0
user/internal/app/specialize/mock/mock_repository.go:62.83,65.2 2 0
user/internal/app/specialize/mock/mock_repository.go:68.88,74.2 5 0
user/internal/app/specialize/mock/mock_repository.go:77.87,80.2 2 0
user/internal/app/specialize/mock/mock_repository.go:83.98,89.2 5 0
user/internal/app/specialize/mock/mock_repository.go:92.89,95.2 2 0
user/internal/app/specialize/mock/mock_repository.go:98.111,103.2 4 0
user/internal/app/specialize/mock/mock_repository.go:106.120,109.2 2 0
user/configs/config.go:14.26,19.2 1 0
user/pkg/logger/loger.go:9.38,10.24 1 0
user/pkg/logger/loger.go:20.2,20.12 1 0
user/pkg/logger/loger.go:10.24,12.3 1 0
user/pkg/logger/loger.go:12.8,14.17 2 0
user/pkg/logger/loger.go:17.3,17.31 1 0
user/pkg/logger/loger.go:14.17,16.4 1 0
user/pkg/logger/loger.go:23.64,29.2 1 0
user/pkg/logger/loger.go:31.46,36.2 1 0
user/pkg/logger/loger.go:38.44,43.2 1 0
user/internal/app/session/usecase/usecase.go:13.57,17.2 1 0
user/internal/app/session/usecase/usecase.go:19.101,21.16 2 1
user/internal/app/session/usecase/usecase.go:24.2,24.15 1 1
user/internal/app/session/usecase/usecase.go:21.16,23.3 1 0
user/pkg/error/errortools/sqlerror.go:12.38,13.16 1 0
user/pkg/error/errortools/sqlerror.go:16.2,17.28 2 0
user/pkg/error/errortools/sqlerror.go:22.2,22.35 1 0
user/pkg/error/errortools/sqlerror.go:25.2,25.36 1 0
user/pkg/error/errortools/sqlerror.go:13.16,15.3 1 0
user/pkg/error/errortools/sqlerror.go:17.28,18.58 1 0
user/pkg/error/errortools/sqlerror.go:18.58,20.4 1 0
user/pkg/error/errortools/sqlerror.go:22.35,24.3 1 0
user/pkg/error/errortools/sqlerror.go:33.42,35.89 1 0
user/pkg/error/errortools/sqlerror.go:35.89,39.4 1 0
user/pkg/error/errortools/sqlerror.go:40.93,44.4 1 0
user/pkg/error/errortools/sqlerror.go:45.92,49.4 1 0
user/pkg/error/errortools/sqlerror.go:53.68,55.38 2 0
user/pkg/error/errortools/sqlerror.go:61.2,61.22 1 0
user/pkg/error/errortools/sqlerror.go:55.38,56.36 1 0
user/pkg/error/errortools/sqlerror.go:56.36,59.4 2 0
user/pkg/httputils/httputils.go:16.100,18.17 2 0
user/pkg/httputils/httputils.go:25.2,27.41 3 0
user/pkg/httputils/httputils.go:18.17,20.17 2 0
user/pkg/httputils/httputils.go:20.17,23.4 2 0
user/pkg/httputils/httputils.go:30.88,35.2 4 0
user/pkg/httputils/httputils.go:37.33,38.71 1 0
user/pkg/httputils/httputils.go:38.71,45.3 3 0
user/internal/app/user/tools/validation.go:14.55,22.16 2 0
user/internal/app/user/tools/validation.go:25.2,25.12 1 0
user/internal/app/user/tools/validation.go:22.16,24.3 1 0
user/internal/app/user/tools/validation.go:28.58,35.16 2 0
user/internal/app/user/tools/validation.go:38.2,38.12 1 0
user/internal/app/user/tools/validation.go:35.16,37.3 1 0
user/internal/app/user/mock/mock_repository.go:27.65,31.2 3 0
user/internal/app/user/mock/mock_repository.go:34.63,36.2 1 0
user/internal/app/user/mock/mock_repository.go:39.86,44.2 4 0
user/internal/app/user/mock/mock_repository.go:47.83,50.2 2 0
user/internal/app/user/mock/mock_repository.go:53.93,59.2 5 0
user/internal/app/user/mock/mock_repository.go:62.83,65.2 2 0
user/internal/app/user/mock/mock_repository.go:68.103,74.2 5 0
user/internal/app/user/mock/mock_repository.go:77.92,80.2 2 0
user/internal/app/user/mock/mock_repository.go:83.100,89.2 5 0
user/internal/app/user/mock/mock_repository.go:92.89,95.2 2 0
user/internal/app/user/mock/mock_repository.go:98.91,103.2 4 0
user/internal/app/user/mock/mock_repository.go:106.93,109.2 2 0
user/internal/app/session/mock/mock_repository.go:27.65,31.2 3 1
user/internal/app/session/mock/mock_repository.go:34.63,36.2 1 1
user/internal/app/session/mock/mock_repository.go:39.98,45.2 5 1
user/internal/app/session/mock/mock_repository.go:48.82,51.2 2 1
user/internal/app/review/usecase/usecase.go:17.121,23.2 1 0
user/internal/app/review/usecase/usecase.go:25.99,27.16 2 0
user/internal/app/review/usecase/usecase.go:30.2,30.21 1 0
user/internal/app/review/usecase/usecase.go:27.16,29.3 1 0
user/internal/app/review/usecase/usecase.go:33.111,35.16 2 0
user/internal/app/review/usecase/usecase.go:38.2,38.32 1 0
user/internal/app/review/usecase/usecase.go:51.2,52.16 2 0
user/internal/app/review/usecase/usecase.go:55.2,55.20 1 0
user/internal/app/review/usecase/usecase.go:62.2,66.7 1 0
user/internal/app/review/usecase/usecase.go:35.16,37.3 1 0
user/internal/app/review/usecase/usecase.go:38.32,40.17 2 0
user/internal/app/review/usecase/usecase.go:43.3,46.17 4 0
user/internal/app/review/usecase/usecase.go:49.3,49.44 1 0
user/internal/app/review/usecase/usecase.go:40.17,42.4 1 0
user/internal/app/review/usecase/usecase.go:46.17,48.4 1 0
user/internal/app/review/usecase/usecase.go:52.16,54.3 1 0
user/internal/app/review/usecase/usecase.go:55.20,61.3 1 0
user/internal/app/session/handlers/handlers.go:18.54,22.2 1 0
user/internal/app/session/handlers/handlers.go:24.67,25.71 1 0
user/internal/app/session/handlers/handlers.go:25.71,29.17 3 0
user/internal/app/session/handlers/handlers.go:34.3,35.17 2 0
user/internal/app/session/handlers/handlers.go:39.3,40.40 2 0
user/internal/app/session/handlers/handlers.go:29.17,32.4 2 0
user/internal/app/session/handlers/handlers.go:35.17,38.4 2 0
user/internal/app/user/handlers/grpchandlers.go:19.58,23.2 1 0
user/internal/app/user/handlers/grpchandlers.go:25.111,36.16 3 0
user/internal/app/user/handlers/grpchandlers.go:49.2,52.8 1 0
user/internal/app/user/handlers/grpchandlers.go:36.16,40.21 4 0
user/internal/app/user/handlers/grpchandlers.go:43.3,46.35 1 0
user/internal/app/user/handlers/grpchandlers.go:40.21,42.4 1 0
user/internal/app/user/handlers/grpchandlers.go:55.122,57.16 2 0
user/internal/app/user/handlers/grpchandlers.go:69.2,72.8 1 0
user/internal/app/user/handlers/grpchandlers.go:57.16,61.21 4 0
user/internal/app/user/handlers/grpchandlers.go:64.3,67.50 1 0
user/internal/app/user/handlers/grpchandlers.go:61.21,63.4 1 0
user/internal/app/user/handlers/grpchandlers.go:75.107,77.16 2 0
user/internal/app/user/handlers/grpchandlers.go:95.2,104.8 1 0
user/internal/app/user/handlers/grpchandlers.go:77.16,81.21 4 0
user/internal/app/user/handlers/grpchandlers.go:84.3,93.50 1 0
user/internal/app/user/handlers/grpchandlers.go:81.21,83.4 1 0
user/internal/app/user/handlers/grpchandlers.go:107.126,110.2 1 0
user/internal/app/user/handlers/grpchandlers.go:112.111,114.16 2 0
user/internal/app/user/handlers/grpchandlers.go:123.2,123.56 1 0
user/internal/app/user/handlers/grpchandlers.go:114.16,118.21 4 0
user/internal/app/user/handlers/grpchandlers.go:121.3,121.99 1 0
user/internal/app/user/handlers/grpchandlers.go:118.21,120.4 1 0
user/cmd/main.go:44.13,46.2 1 1
user/cmd/main.go:48.13,52.16 4 0
user/cmd/main.go:56.2,56.51 1 0
user/cmd/main.go:60.2,61.16 2 0
user/cmd/main.go:64.2,64.15 1 0
user/cmd/main.go:70.2,87.16 3 0
user/cmd/main.go:91.2,110.16 7 0
user/cmd/main.go:113.2,121.16 3 0
user/cmd/main.go:124.2,166.12 30 0
user/cmd/main.go:181.2,186.16 5 0
user/cmd/main.go:190.2,191.35 2 0
user/cmd/main.go:52.16,54.3 1 0
user/cmd/main.go:56.51,58.3 1 0
user/cmd/main.go:61.16,63.3 1 0
user/cmd/main.go:64.15,65.42 1 0
user/cmd/main.go:65.42,67.4 1 0
user/cmd/main.go:87.16,89.3 1 0
user/cmd/main.go:110.16,112.3 1 0
user/cmd/main.go:121.16,123.3 1 0
user/cmd/main.go:166.12,167.19 1 0
user/cmd/main.go:175.3,176.49 2 0
user/cmd/main.go:167.19,171.72 2 0
user/cmd/main.go:171.72,173.5 1 0
user/cmd/main.go:176.49,178.4 1 0
user/cmd/main.go:186.16,188.3 1 0
user/cmd/main.go:191.35,193.3 1 0
user/internal/app/review/mock/mock_repository.go:27.65,31.2 3 0
user/internal/app/review/mock/mock_repository.go:34.63,36.2 1 0
user/internal/app/review/mock/mock_repository.go:39.99,45.2 5 0
user/internal/app/review/mock/mock_repository.go:48.83,51.2 2 0
user/internal/app/review/mock/mock_repository.go:54.93,60.2 5 0
user/internal/app/review/mock/mock_repository.go:63.83,66.2 2 0
user/internal/app/review/mock/mock_repository.go:69.113,75.2 5 0
user/internal/app/review/mock/mock_repository.go:78.96,81.2 2 0
user/internal/app/specialize/handler/httphandlers.go:24.83,29.2 1 0
user/internal/app/specialize/handler/httphandlers.go:31.66,37.16 4 0
user/internal/app/specialize/handler/httphandlers.go:41.2,42.58 2 0
user/internal/app/specialize/handler/httphandlers.go:46.2,47.16 2 0
user/internal/app/specialize/handler/httphandlers.go:51.2,51.42 1 0
user/internal/app/specialize/handler/httphandlers.go:37.16,40.3 2 0
user/internal/app/specialize/handler/httphandlers.go:42.58,45.3 2 0
user/internal/app/specialize/handler/httphandlers.go:47.16,50.3 2 0
user/internal/app/specialize/handler/httphandlers.go:54.66,60.16 4 0
user/internal/app/specialize/handler/httphandlers.go:64.2,65.57 2 0
user/internal/app/specialize/handler/httphandlers.go:69.2,70.16 2 0
user/internal/app/specialize/handler/httphandlers.go:74.2,75.16 2 0
user/internal/app/specialize/handler/httphandlers.go:79.2,79.40 1 0
user/internal/app/specialize/handler/httphandlers.go:60.16,63.3 2 0
user/internal/app/specialize/handler/httphandlers.go:65.57,68.3 2 0
user/internal/app/specialize/handler/httphandlers.go:70.16,73.3 2 0
user/internal/app/specialize/handler/httphandlers.go:75.16,78.3 2 0
user/internal/app/user/repository/repository.go:15.88,25.16 3 0
user/internal/app/user/repository/repository.go:29.2,29.16 1 0
user/internal/app/user/repository/repository.go:25.16,28.3 2 0
user/internal/app/user/repository/repository.go:32.81,35.16 3 0
user/internal/app/user/repository/repository.go:39.2,39.35 1 0
user/internal/app/user/repository/repository.go:43.2,43.12 1 0
user/internal/app/user/repository/repository.go:35.16,38.3 2 0
user/internal/app/user/repository/repository.go:39.35,42.3 2 0
user/internal/app/user/repository/repository.go:46.93,49.16 3 0
user/internal/app/user/repository/repository.go:53.2,53.19 1 0
user/internal/app/user/repository/repository.go:49.16,52.3 2 0
user/internal/app/user/repository/repository.go:56.99,59.16 3 0
user/internal/app/user/repository/repository.go:63.2,63.19 1 0
user/internal/app/user/repository/repository.go:59.16,62.3 2 0
user/internal/app/user/repository/repository.go:66.83,68.16 2 0
user/internal/app/user/repository/repository.go:72.2,72.12 1 0
user/internal/app/user/repository/repository.go:68.16,71.3 2 0
user/internal/app/user/mock/mock_usecase.go:27.59,31.2 3 0
user/internal/app/user/mock/mock_usecase.go:34.57,36.2 1 0
user/internal/app/user/mock/mock_usecase.go:39.108,45.2 5 0
user/internal/app/user/mock/mock_usecase.go:48.80,51.2 2 0
user/internal/app/user/mock/mock_usecase.go:54.105,60.2 5 0
user/internal/app/user/mock/mock_usecase.go:63.80,66.2 2 0
user/internal/app/user/mock/mock_usecase.go:69.92,75.2 5 0
user/internal/app/user/mock/mock_usecase.go:78.81,81.2 2 0
user/internal/app/user/mock/mock_usecase.go:84.84,89.2 4 0
user/internal/app/user/mock/mock_usecase.go:92.86,95.2 2 0
user/internal/app/user/mock/mock_usecase.go:98.108,104.2 5 0
user/internal/app/user/mock/mock_usecase.go:107.92,110.2 2 0
user/internal/app/review/repository/repository.go:15.96,24.16 3 0
user/internal/app/review/repository/repository.go:28.2,29.21 2 0
user/internal/app/review/repository/repository.go:24.16,27.3 2 0
user/internal/app/review/repository/repository.go:32.90,35.16 3 0
user/internal/app/review/repository/repository.go:39.2,39.21 1 0
user/internal/app/review/repository/repository.go:35.16,38.3 2 0
user/internal/app/review/repository/repository.go:42.110,45.16 3 0
user/internal/app/review/repository/repository.go:52.2,52.28 1 0
user/internal/app/review/repository/repository.go:45.16,46.78 1 0
user/internal/app/review/repository/repository.go:49.3,50.50 2 0
user/internal/app/review/repository/repository.go:46.78,48.4 1 0
user/pkg/error/errortools/validationerror.go:10.73,12.30 2 0
user/pkg/error/errortools/validationerror.go:17.2,17.22 1 0
user/pkg/error/errortools/validationerror.go:12.30,16.3 1 0
user/internal/app/specialize/repository/repository.go:17.95,20.48 3 0
user/internal/app/specialize/repository/repository.go:24.2,24.25 1 0
user/internal/app/specialize/repository/repository.go:20.48,23.3 2 0
user/internal/app/specialize/repository/repository.go:27.85,31.16 3 0
user/internal/app/specialize/repository/repository.go:35.2,35.16 1 0
user/internal/app/specialize/repository/repository.go:31.16,34.3 2 0
user/internal/app/specialize/repository/repository.go:48.83,51.16 3 0
user/internal/app/specialize/repository/repository.go:55.2,55.27 1 0
user/internal/app/specialize/repository/repository.go:51.16,54.3 2 0
user/internal/app/specialize/repository/repository.go:58.111,65.16 2 0
user/internal/app/specialize/repository/repository.go:69.2,69.12 1 0
user/internal/app/specialize/repository/repository.go:65.16,68.3 2 0
user/internal/app/specialize/repository/repository.go:81.115,83.16 2 0
user/internal/app/specialize/repository/repository.go:87.2,87.12 1 0
user/internal/app/specialize/repository/repository.go:83.16,86.3 2 0
user/pkg/error/errortools/grpcerror.go:17.56,18.45 1 0
user/pkg/error/errortools/grpcerror.go:26.2,26.22 1 0
user/pkg/error/errortools/grpcerror.go:18.45,19.26 1 0
user/pkg/error/errortools/grpcerror.go:24.3,24.48 1 0
user/pkg/error/errortools/grpcerror.go:19.26,23.4 1 0
user/pkg/error/errortools/tools.go:9.48,10.54 1 0
user/pkg/error/errortools/tools.go:15.2,15.51 1 0
user/pkg/error/errortools/tools.go:18.2,18.58 1 0
user/pkg/error/errortools/tools.go:21.2,21.52 1 0
user/pkg/error/errortools/tools.go:24.2,26.35 1 0
user/pkg/error/errortools/tools.go:10.54,14.3 1 0
user/pkg/error/errortools/tools.go:15.51,17.3 1 0
user/pkg/error/errortools/tools.go:18.58,20.3 1 0
user/pkg/error/errortools/tools.go:21.52,23.3 1 0
user/internal/app/review/handlers/httphandlers.go:21.50,25.2 1 0
user/internal/app/review/handlers/httphandlers.go:27.66,31.63 3 0
user/internal/app/review/handlers/httphandlers.go:35.2,36.16 2 0
user/internal/app/review/handlers/httphandlers.go:40.2,40.44 1 0
user/internal/app/review/handlers/httphandlers.go:31.63,34.3 2 0
user/internal/app/review/handlers/httphandlers.go:36.16,39.3 2 0
user/internal/app/review/handlers/httphandlers.go:44.74,49.16 4 0
user/internal/app/review/handlers/httphandlers.go:54.2,55.16 2 0
user/internal/app/review/handlers/httphandlers.go:59.2,59.45 1 0
user/internal/app/review/handlers/httphandlers.go:49.16,52.3 2 0
user/internal/app/review/handlers/httphandlers.go:55.16,58.3 2 0
user/internal/app/review/mock/mock_repository.go:27.65,31.2 3 0
user/internal/app/review/mock/mock_repository.go:34.63,36.2 1 0
user/internal/app/review/mock/mock_repository.go:39.99,45.2 5 0
user/internal/app/review/mock/mock_repository.go:48.83,51.2 2 0
user/internal/app/review/mock/mock_repository.go:54.93,60.2 5 0
user/internal/app/review/mock/mock_repository.go:63.83,66.2 2 0
user/internal/app/review/mock/mock_repository.go:69.113,75.2 5 0
user/internal/app/review/mock/mock_repository.go:78.96,81.2 2 0
user/internal/app/review/usecase/usecase.go:17.121,23.2 1 0
user/internal/app/review/usecase/usecase.go:25.99,27.16 2 0
user/internal/app/review/usecase/usecase.go:30.2,30.21 1 0
user/internal/app/review/usecase/usecase.go:27.16,29.3 1 0
user/internal/app/review/usecase/usecase.go:33.111,35.16 2 0
user/internal/app/review/usecase/usecase.go:38.2,38.32 1 0
user/internal/app/review/usecase/usecase.go:51.2,52.16 2 0
user/internal/app/review/usecase/usecase.go:55.2,55.20 1 0
user/internal/app/review/usecase/usecase.go:62.2,66.7 1 0
user/internal/app/review/usecase/usecase.go:35.16,37.3 1 0
user/internal/app/review/usecase/usecase.go:38.32,40.17 2 0
user/internal/app/review/usecase/usecase.go:43.3,46.17 4 0
user/internal/app/review/usecase/usecase.go:49.3,49.44 1 0
user/internal/app/review/usecase/usecase.go:40.17,42.4 1 0
user/internal/app/review/usecase/usecase.go:46.17,48.4 1 0
user/internal/app/review/usecase/usecase.go:52.16,54.3 1 0
user/internal/app/review/usecase/usecase.go:55.20,61.3 1 0
user/internal/app/specialize/handler/httphandlers.go:24.83,29.2 1 0
user/internal/app/specialize/handler/httphandlers.go:31.66,37.16 4 0
user/internal/app/specialize/handler/httphandlers.go:41.2,42.58 2 0
user/internal/app/specialize/handler/httphandlers.go:46.2,47.16 2 0
user/internal/app/specialize/handler/httphandlers.go:51.2,51.42 1 0
user/internal/app/specialize/handler/httphandlers.go:37.16,40.3 2 0
user/internal/app/specialize/handler/httphandlers.go:42.58,45.3 2 0
user/internal/app/specialize/handler/httphandlers.go:47.16,50.3 2 0
user/internal/app/specialize/handler/httphandlers.go:54.66,60.16 4 0
user/internal/app/specialize/handler/httphandlers.go:64.2,65.57 2 0
user/internal/app/specialize/handler/httphandlers.go:69.2,70.16 2 0
user/internal/app/specialize/handler/httphandlers.go:74.2,75.16 2 0
user/internal/app/specialize/handler/httphandlers.go:79.2,79.40 1 0
user/internal/app/specialize/handler/httphandlers.go:60.16,63.3 2 0
user/internal/app/specialize/handler/httphandlers.go:65.57,68.3 2 0
user/internal/app/specialize/handler/httphandlers.go:70.16,73.3 2 0
user/internal/app/specialize/handler/httphandlers.go:75.16,78.3 2 0
user/pkg/middleware/middleware.go:19.53,20.71 1 0
user/pkg/middleware/middleware.go:20.71,25.3 4 0
user/pkg/middleware/middleware.go:28.49,37.2 1 0
user/pkg/middleware/middleware.go:39.65,47.2 1 0
user/configs/config.go:14.26,19.2 1 0
user/pkg/error/errortools/sqlerror.go:12.38,13.16 1 0
user/pkg/error/errortools/sqlerror.go:16.2,17.28 2 0
user/pkg/error/errortools/sqlerror.go:22.2,22.35 1 0
user/pkg/error/errortools/sqlerror.go:25.2,25.36 1 0
user/pkg/error/errortools/sqlerror.go:13.16,15.3 1 0
user/pkg/error/errortools/sqlerror.go:17.28,18.58 1 0
user/pkg/error/errortools/sqlerror.go:18.58,20.4 1 0
user/pkg/error/errortools/sqlerror.go:22.35,24.3 1 0
user/pkg/error/errortools/sqlerror.go:33.42,35.89 1 0
user/pkg/error/errortools/sqlerror.go:35.89,39.4 1 0
user/pkg/error/errortools/sqlerror.go:40.93,44.4 1 0
user/pkg/error/errortools/sqlerror.go:45.92,49.4 1 0
user/pkg/error/errortools/sqlerror.go:53.68,55.38 2 0
user/pkg/error/errortools/sqlerror.go:61.2,61.22 1 0
user/pkg/error/errortools/sqlerror.go:55.38,56.36 1 0
user/pkg/error/errortools/sqlerror.go:56.36,59.4 2 0
user/pkg/logger/loger.go:9.38,10.24 1 0
user/pkg/logger/loger.go:20.2,20.12 1 0
user/pkg/logger/loger.go:10.24,12.3 1 0
user/pkg/logger/loger.go:12.8,14.17 2 0
user/pkg/logger/loger.go:17.3,17.31 1 0
user/pkg/logger/loger.go:14.17,16.4 1 0
user/pkg/logger/loger.go:23.64,29.2 1 0
user/pkg/logger/loger.go:31.46,36.2 1 0
user/pkg/logger/loger.go:38.44,43.2 1 0
user/internal/app/user/mock/mock_repository.go:27.65,31.2 3 0
user/internal/app/user/mock/mock_repository.go:34.63,36.2 1 0
user/internal/app/user/mock/mock_repository.go:39.86,44.2 4 0
user/internal/app/user/mock/mock_repository.go:47.83,50.2 2 0
user/internal/app/user/mock/mock_repository.go:53.93,59.2 5 0
user/internal/app/user/mock/mock_repository.go:62.83,65.2 2 0
user/internal/app/user/mock/mock_repository.go:68.103,74.2 5 0
user/internal/app/user/mock/mock_repository.go:77.92,80.2 2 0
user/internal/app/user/mock/mock_repository.go:83.100,89.2 5 0
user/internal/app/user/mock/mock_repository.go:92.89,95.2 2 0
user/internal/app/user/mock/mock_repository.go:98.91,103.2 4 0
user/internal/app/user/mock/mock_repository.go:106.93,109.2 2 0
user/internal/app/session/usecase/usecase.go:13.57,17.2 1 0
user/internal/app/session/usecase/usecase.go:19.101,21.16 2 0
user/internal/app/session/usecase/usecase.go:24.2,24.15 1 0
user/internal/app/session/usecase/usecase.go:21.16,23.3 1 0
user/internal/app/order/mock/mock_repository.go:27.65,31.2 3 0
user/internal/app/order/mock/mock_repository.go:34.63,36.2 1 0
user/internal/app/order/mock/mock_repository.go:39.96,45.2 5 0
user/internal/app/order/mock/mock_repository.go:48.84,51.2 2 0
user/pkg/error/errortools/grpcerror.go:17.56,18.45 1 0
user/pkg/error/errortools/grpcerror.go:26.2,26.22 1 0
user/pkg/error/errortools/grpcerror.go:18.45,19.26 1 0
user/pkg/error/errortools/grpcerror.go:24.3,24.48 1 0
user/pkg/error/errortools/grpcerror.go:19.26,23.4 1 0
user/internal/app/review/handlers/httphandlers.go:21.50,25.2 1 0
user/internal/app/review/handlers/httphandlers.go:27.66,31.63 3 0
user/internal/app/review/handlers/httphandlers.go:35.2,36.16 2 0
user/internal/app/review/handlers/httphandlers.go:40.2,40.44 1 0
user/internal/app/review/handlers/httphandlers.go:31.63,34.3 2 0
user/internal/app/review/handlers/httphandlers.go:36.16,39.3 2 0
user/internal/app/review/handlers/httphandlers.go:44.74,49.16 4 0
user/internal/app/review/handlers/httphandlers.go:54.2,55.16 2 0
user/internal/app/review/handlers/httphandlers.go:59.2,59.45 1 0
user/internal/app/review/handlers/httphandlers.go:49.16,52.3 2 0
user/internal/app/review/handlers/httphandlers.go:55.16,58.3 2 0
user/internal/app/user/repository/repository.go:15.88,25.16 3 0
user/internal/app/user/repository/repository.go:29.2,29.16 1 0
user/internal/app/user/repository/repository.go:25.16,28.3 2 0
user/internal/app/user/repository/repository.go:32.81,35.16 3 0
user/internal/app/user/repository/repository.go:39.2,39.35 1 0
user/internal/app/user/repository/repository.go:43.2,43.12 1 0
user/internal/app/user/repository/repository.go:35.16,38.3 2 0
user/internal/app/user/repository/repository.go:39.35,42.3 2 0
user/internal/app/user/repository/repository.go:46.93,49.16 3 0
user/internal/app/user/repository/repository.go:53.2,53.19 1 0
user/internal/app/user/repository/repository.go:49.16,52.3 2 0
user/internal/app/user/repository/repository.go:56.99,59.16 3 0
user/internal/app/user/repository/repository.go:63.2,63.19 1 0
user/internal/app/user/repository/repository.go:59.16,62.3 2 0
user/internal/app/user/repository/repository.go:66.83,68.16 2 0
user/internal/app/user/repository/repository.go:72.2,72.12 1 0
user/internal/app/user/repository/repository.go:68.16,71.3 2 0
user/internal/app/specialize/usecase/usecase.go:14.63,18.2 1 1
user/internal/app/specialize/usecase/usecase.go:20.88,22.16 2 1
user/internal/app/specialize/usecase/usecase.go:25.2,25.16 1 1
user/internal/app/specialize/usecase/usecase.go:22.16,24.3 1 0
user/internal/app/specialize/usecase/usecase.go:28.83,30.16 2 1
user/internal/app/specialize/usecase/usecase.go:33.2,34.16 2 1
user/internal/app/specialize/usecase/usecase.go:37.2,37.12 1 1
user/internal/app/specialize/usecase/usecase.go:30.16,32.3 1 0
user/internal/app/specialize/usecase/usecase.go:34.16,36.3 1 0
user/internal/app/specialize/usecase/usecase.go:40.94,42.16 2 1
user/internal/app/specialize/usecase/usecase.go:48.2,50.28 3 1
user/internal/app/specialize/usecase/usecase.go:55.2,55.16 1 1
user/internal/app/specialize/usecase/usecase.go:58.2,58.12 1 1
user/internal/app/specialize/usecase/usecase.go:42.16,44.17 2 1
user/internal/app/specialize/usecase/usecase.go:44.17,46.4 1 0
user/internal/app/specialize/usecase/usecase.go:50.28,51.28 1 1
user/internal/app/specialize/usecase/usecase.go:51.28,53.4 1 1
user/internal/app/specialize/usecase/usecase.go:55.16,57.3 1 0
user/internal/app/order/repository/repository.go:13.46,17.2 1 0
user/internal/app/order/repository/repository.go:19.89,23.16 2 0
user/internal/app/order/repository/repository.go:26.2,34.8 1 0
user/internal/app/order/repository/repository.go:23.16,25.3 1 0
user/pkg/httputils/httputils.go:16.100,18.17 2 0
user/pkg/httputils/httputils.go:25.2,27.41 3 0
user/pkg/httputils/httputils.go:18.17,20.17 2 0
user/pkg/httputils/httputils.go:20.17,23.4 2 0
user/pkg/httputils/httputils.go:30.88,35.2 4 0
user/pkg/httputils/httputils.go:37.33,38.71 1 0
user/pkg/httputils/httputils.go:38.71,45.3 3 0
user/internal/app/user/mock/mock_usecase.go:27.59,31.2 3 0
user/internal/app/user/mock/mock_usecase.go:34.57,36.2 1 0
user/internal/app/user/mock/mock_usecase.go:39.108,45.2 5 0
user/internal/app/user/mock/mock_usecase.go:48.80,51.2 2 0
user/internal/app/user/mock/mock_usecase.go:54.105,60.2 5 0
user/internal/app/user/mock/mock_usecase.go:63.80,66.2 2 0
user/internal/app/user/mock/mock_usecase.go:69.92,75.2 5 0
user/internal/app/user/mock/mock_usecase.go:78.81,81.2 2 0
user/internal/app/user/mock/mock_usecase.go:84.84,89.2 4 0
user/internal/app/user/mock/mock_usecase.go:92.86,95.2 2 0
user/internal/app/user/mock/mock_usecase.go:98.108,104.2 5 0
user/internal/app/user/mock/mock_usecase.go:107.92,110.2 2 0
user/internal/app/session/handlers/handlers.go:18.54,22.2 1 0
user/internal/app/session/handlers/handlers.go:24.67,25.71 1 0
user/internal/app/session/handlers/handlers.go:25.71,29.17 3 0
user/internal/app/session/handlers/handlers.go:34.3,35.17 2 0
user/internal/app/session/handlers/handlers.go:39.3,40.40 2 0
user/internal/app/session/handlers/handlers.go:29.17,32.4 2 0
user/internal/app/session/handlers/handlers.go:35.17,38.4 2 0
user/internal/app/specialize/repository/repository.go:17.95,20.48 3 0
user/internal/app/specialize/repository/repository.go:24.2,24.25 1 0
user/internal/app/specialize/repository/repository.go:20.48,23.3 2 0
user/internal/app/specialize/repository/repository.go:27.85,31.16 3 0
user/internal/app/specialize/repository/repository.go:35.2,35.16 1 0
user/internal/app/specialize/repository/repository.go:31.16,34.3 2 0
user/internal/app/specialize/repository/repository.go:48.83,51.16 3 0
user/internal/app/specialize/repository/repository.go:55.2,55.27 1 0
user/internal/app/specialize/repository/repository.go:51.16,54.3 2 0
user/internal/app/specialize/repository/repository.go:58.111,65.16 2 0
user/internal/app/specialize/repository/repository.go:69.2,69.12 1 0
user/internal/app/specialize/repository/repository.go:65.16,68.3 2 0
user/internal/app/specialize/repository/repository.go:81.115,83.16 2 0
user/internal/app/specialize/repository/repository.go:87.2,87.12 1 0
user/internal/app/specialize/repository/repository.go:83.16,86.3 2 0
user/internal/app/user/handlers/httphandlers.go:22.46,26.2 1 0
user/internal/app/user/handlers/httphandlers.go:28.74,33.16 4 0
user/internal/app/user/handlers/httphandlers.go:37.2,38.58 2 0
user/internal/app/user/handlers/httphandlers.go:42.2,44.16 3 0
user/internal/app/user/handlers/httphandlers.go:48.2,48.57 1 0
user/internal/app/user/handlers/httphandlers.go:33.16,36.3 2 0
user/internal/app/user/handlers/httphandlers.go:38.58,41.3 2 0
user/internal/app/user/handlers/httphandlers.go:44.16,47.3 2 0
user/internal/app/user/handlers/httphandlers.go:51.72,56.16 4 0
user/internal/app/user/handlers/httphandlers.go:60.2,61.16 2 0
user/internal/app/user/handlers/httphandlers.go:65.2,65.50 1 0
user/internal/app/user/handlers/httphandlers.go:56.16,59.3 2 0
user/internal/app/user/handlers/httphandlers.go:61.16,64.3 2 0
user/cmd/main.go:44.13,46.2 1 1
user/cmd/main.go:48.13,52.16 4 0
user/cmd/main.go:56.2,56.51 1 0
user/cmd/main.go:60.2,61.16 2 0
user/cmd/main.go:64.2,64.15 1 0
user/cmd/main.go:70.2,87.16 3 0
user/cmd/main.go:91.2,110.16 7 0
user/cmd/main.go:113.2,121.16 3 0
user/cmd/main.go:124.2,166.12 30 0
user/cmd/main.go:181.2,186.16 5 0
user/cmd/main.go:190.2,191.35 2 0
user/cmd/main.go:52.16,54.3 1 0
user/cmd/main.go:56.51,58.3 1 0
user/cmd/main.go:61.16,63.3 1 0
user/cmd/main.go:64.15,65.42 1 0
user/cmd/main.go:65.42,67.4 1 0
user/cmd/main.go:87.16,89.3 1 0
user/cmd/main.go:110.16,112.3 1 0
user/cmd/main.go:121.16,123.3 1 0
user/cmd/main.go:166.12,167.19 1 0
user/cmd/main.go:175.3,176.49 2 0
user/cmd/main.go:167.19,171.72 2 0
user/cmd/main.go:171.72,173.5 1 0
user/cmd/main.go:176.49,178.4 1 0
user/cmd/main.go:186.16,188.3 1 0
user/cmd/main.go:191.35,193.3 1 0
user/pkg/metric/metric.go:19.12,30.2 4 0
user/pkg/metric/metric.go:32.63,35.2 2 0
user/pkg/metric/metric.go:37.52,39.2 1 0
user/pkg/metric/metric.go:41.36,42.16 1 0
user/pkg/metric/metric.go:42.16,44.3 1 0
user/internal/app/review/repository/repository.go:15.96,24.16 3 0
user/internal/app/review/repository/repository.go:28.2,29.21 2 0
user/internal/app/review/repository/repository.go:24.16,27.3 2 0
user/internal/app/review/repository/repository.go:32.90,35.16 3 0
user/internal/app/review/repository/repository.go:39.2,39.21 1 0
user/internal/app/review/repository/repository.go:35.16,38.3 2 0
user/internal/app/review/repository/repository.go:42.110,45.16 3 0
user/internal/app/review/repository/repository.go:52.2,52.28 1 0
user/internal/app/review/repository/repository.go:45.16,46.78 1 0
user/internal/app/review/repository/repository.go:49.3,50.50 2 0
user/internal/app/review/repository/repository.go:46.78,48.4 1 0
user/pkg/error/errortools/validationerror.go:10.73,12.30 2 0
user/pkg/error/errortools/validationerror.go:17.2,17.22 1 0
user/pkg/error/errortools/validationerror.go:12.30,16.3 1 0
user/internal/app/user/tools/validation.go:14.55,22.16 2 0
user/internal/app/user/tools/validation.go:25.2,25.12 1 0
user/internal/app/user/tools/validation.go:22.16,24.3 1 0
user/internal/app/user/tools/validation.go:28.58,35.16 2 0
user/internal/app/user/tools/validation.go:38.2,38.12 1 0
user/internal/app/user/tools/validation.go:35.16,37.3 1 0
user/pkg/database/postgresql/postgres.go:11.49,13.16 2 0
user/pkg/database/postgresql/postgres.go:16.2,18.8 1 0
user/pkg/database/postgresql/postgres.go:13.16,15.3 1 0
user/pkg/database/postgresql/postgres.go:21.43,23.2 1 0
user/pkg/database/postgresql/postgres.go:25.34,28.2 2 0
user/internal/app/specialize/mock/mock_repository.go:27.65,31.2 3 1
user/internal/app/specialize/mock/mock_repository.go:34.63,36.2 1 1
user/internal/app/specialize/mock/mock_repository.go:39.105,44.2 4 1
user/internal/app/specialize/mock/mock_repository.go:47.114,50.2 2 1
user/internal/app/specialize/mock/mock_repository.go:53.84,59.2 5 1
user/internal/app/specialize/mock/mock_repository.go:62.83,65.2 2 1
user/internal/app/specialize/mock/mock_repository.go:68.88,74.2 5 1
user/internal/app/specialize/mock/mock_repository.go:77.87,80.2 2 1
user/internal/app/specialize/mock/mock_repository.go:83.98,89.2 5 0
user/internal/app/specialize/mock/mock_repository.go:92.89,95.2 2 0
user/internal/app/specialize/mock/mock_repository.go:98.111,103.2 4 1
user/internal/app/specialize/mock/mock_repository.go:106.120,109.2 2 1
user/internal/app/user/handlers/grpchandlers.go:19.58,23.2 1 0
user/internal/app/user/handlers/grpchandlers.go:25.111,36.16 3 0
user/internal/app/user/handlers/grpchandlers.go:49.2,52.8 1 0
user/internal/app/user/handlers/grpchandlers.go:36.16,40.21 4 0
user/internal/app/user/handlers/grpchandlers.go:43.3,46.35 1 0
user/internal/app/user/handlers/grpchandlers.go:40.21,42.4 1 0
user/internal/app/user/handlers/grpchandlers.go:55.122,57.16 2 0
user/internal/app/user/handlers/grpchandlers.go:69.2,72.8 1 0
user/internal/app/user/handlers/grpchandlers.go:57.16,61.21 4 0
user/internal/app/user/handlers/grpchandlers.go:64.3,67.50 1 0
user/internal/app/user/handlers/grpchandlers.go:61.21,63.4 1 0
user/internal/app/user/handlers/grpchandlers.go:75.107,77.16 2 0
user/internal/app/user/handlers/grpchandlers.go:95.2,104.8 1 0
user/internal/app/user/handlers/grpchandlers.go:77.16,81.21 4 0
user/internal/app/user/handlers/grpchandlers.go:84.3,93.50 1 0
user/internal/app/user/handlers/grpchandlers.go:81.21,83.4 1 0
user/internal/app/user/handlers/grpchandlers.go:107.126,110.2 1 0
user/internal/app/user/handlers/grpchandlers.go:112.111,114.16 2 0
user/internal/app/user/handlers/grpchandlers.go:123.2,123.56 1 0
user/internal/app/user/handlers/grpchandlers.go:114.16,118.21 4 0
user/internal/app/user/handlers/grpchandlers.go:121.3,121.99 1 0
user/internal/app/user/handlers/grpchandlers.go:118.21,120.4 1 0
user/internal/app/user/usecase/usecase.go:20.82,22.16 2 0
user/internal/app/user/usecase/usecase.go:25.2,25.12 1 0
user/internal/app/user/usecase/usecase.go:22.16,24.3 1 0
user/internal/app/user/usecase/usecase.go:28.106,29.57 1 0
user/internal/app/user/usecase/usecase.go:32.2,32.49 1 0
user/internal/app/user/usecase/usecase.go:35.2,36.16 2 0
user/internal/app/user/usecase/usecase.go:40.2,40.40 1 0
user/internal/app/user/usecase/usecase.go:56.2,59.8 1 0
user/internal/app/user/usecase/usecase.go:29.57,31.3 1 0
user/internal/app/user/usecase/usecase.go:32.49,34.3 1 0
user/internal/app/user/usecase/usecase.go:36.16,38.3 1 0
user/internal/app/user/usecase/usecase.go:40.40,42.17 2 0
user/internal/app/user/usecase/usecase.go:50.3,51.17 2 0
user/internal/app/user/usecase/usecase.go:42.17,43.48 1 0
user/internal/app/user/usecase/usecase.go:43.48,45.19 2 0
user/internal/app/user/usecase/usecase.go:45.19,47.6 1 0
user/internal/app/user/usecase/usecase.go:51.17,53.4 1 0
user/internal/app/user/usecase/usecase.go:62.121,64.16 2 0
user/internal/app/user/usecase/usecase.go:67.2,67.46 1 0
user/internal/app/user/usecase/usecase.go:71.2,74.8 1 0
user/internal/app/user/usecase/usecase.go:64.16,66.3 1 0
user/internal/app/user/usecase/usecase.go:67.46,69.3 1 0
user/internal/app/user/usecase/usecase.go:77.91,79.16 2 0
user/internal/app/user/usecase/usecase.go:82.2,82.19 1 0
user/internal/app/user/usecase/usecase.go:88.2,89.16 2 0
user/internal/app/user/usecase/usecase.go:92.2,94.18 3 0
user/internal/app/user/usecase/usecase.go:79.16,81.3 1 0
user/internal/app/user/usecase/usecase.go:82.19,84.17 2 0
user/internal/app/user/usecase/usecase.go:84.17,86.4 1 0
user/internal/app/user/usecase/usecase.go:89.16,91.3 1 0
user/internal/app/user/usecase/usecase.go:97.109,99.16 2 0
user/internal/app/user/usecase/usecase.go:102.2,103.16 2 0
user/internal/app/user/usecase/usecase.go:107.2,107.54 1 0
user/internal/app/user/usecase/usecase.go:110.2,110.28 1 0
user/internal/app/user/usecase/usecase.go:113.2,113.49 1 0
user/internal/app/user/usecase/usecase.go:116.2,116.22 1 0
user/internal/app/user/usecase/usecase.go:120.2,120.22 1 0
user/internal/app/user/usecase/usecase.go:124.2,124.25 1 0
user/internal/app/user/usecase/usecase.go:128.2,128.22 1 0
user/internal/app/user/usecase/usecase.go:132.2,132.28 1 0
user/internal/app/user/usecase/usecase.go:136.2,136.43 1 0
user/internal/app/user/usecase/usecase.go:139.2,140.16 2 0
user/internal/app/user/usecase/usecase.go:143.2,143.40 1 0
user/internal/app/user/usecase/usecase.go:159.2,166.8 1 0
user/internal/app/user/usecase/usecase.go:99.16,101.3 1 0
user/internal/app/user/usecase/usecase.go:103.16,105.3 1 0
user/internal/app/user/usecase/usecase.go:107.54,109.3 1 0
user/internal/app/user/usecase/usecase.go:110.28,112.3 1 0
user/internal/app/user/usecase/usecase.go:113.49,115.3 1 0
user/internal/app/user/usecase/usecase.go:116.22,118.3 1 0
user/internal/app/user/usecase/usecase.go:120.22,122.3 1 0
user/internal/app/user/usecase/usecase.go:124.25,126.3 1 0
user/internal/app/user/usecase/usecase.go:128.22,130.3 1 0
user/internal/app/user/usecase/usecase.go:132.28,134.3 1 0
user/internal/app/user/usecase/usecase.go:136.43,138.3 1 0
user/internal/app/user/usecase/usecase.go:140.16,142.3 1 0
user/internal/app/user/usecase/usecase.go:143.40,145.17 2 0
user/internal/app/user/usecase/usecase.go:153.3,154.17 2 0
user/internal/app/user/usecase/usecase.go:145.17,146.39 1 0
user/internal/app/user/usecase/usecase.go:146.39,148.19 2 0
user/internal/app/user/usecase/usecase.go:148.19,150.6 1 0
user/internal/app/user/usecase/usecase.go:154.17,156.4 1 0
user/internal/app/user/usecase/usecase.go:169.114,175.2 1 0
user/internal/app/session/mock/mock_repository.go:27.65,31.2 3 0
user/internal/app/session/mock/mock_repository.go:34.63,36.2 1 0
user/internal/app/session/mock/mock_repository.go:39.98,45.2 5 0
user/internal/app/session/mock/mock_repository.go:48.82,51.2 2 0
user/pkg/error/errortools/tools.go:9.48,10.54 1 0
user/pkg/error/errortools/tools.go:15.2,15.51 1 0
user/pkg/error/errortools/tools.go:18.2,18.58 1 0
user/pkg/error/errortools/tools.go:21.2,21.52 1 0
user/pkg/error/errortools/tools.go:24.2,26.35 1 0
user/pkg/error/errortools/tools.go:10.54,14.3 1 0
user/pkg/error/errortools/tools.go:15.51,17.3 1 0
user/pkg/error/errortools/tools.go:18.58,20.3 1 0
user/pkg/error/errortools/tools.go:21.52,23.3 1 0
user/internal/app/session/repository/repository.go:14.48,18.2 1 0
user/internal/app/session/repository/repository.go:20.98,26.16 4 0
user/internal/app/session/repository/repository.go:29.2,32.8 1 0
user/internal/app/session/repository/repository.go:26.16,28.3 1 0
user/internal/app/user/tools/password.go:14.59,20.2 4 0
user/internal/app/user/tools/password.go:22.47,25.16 3 0
user/internal/app/user/tools/password.go:29.2,30.29 2 0
user/internal/app/user/tools/password.go:33.2,33.12 1 0
user/internal/app/user/tools/password.go:25.16,27.3 1 0
user/internal/app/user/tools/password.go:30.29,32.3 1 0
user/internal/app/user/tools/password.go:36.50,39.16 3 0
user/internal/app/user/tools/password.go:43.2,44.29 2 0
user/internal/app/user/tools/password.go:47.2,47.12 1 0
user/internal/app/user/tools/password.go:39.16,41.3 1 0
user/internal/app/user/tools/password.go:44.29,46.3 1 0
user/internal/app/user/tools/password.go:50.57,53.2 2 0
user/internal/app/review/handlers/httphandlers.go:21.50,25.2 1 0
user/internal/app/review/handlers/httphandlers.go:27.66,31.63 3 0
user/internal/app/review/handlers/httphandlers.go:35.2,36.16 2 0
user/internal/app/review/handlers/httphandlers.go:40.2,40.44 1 0
user/internal/app/review/handlers/httphandlers.go:31.63,34.3 2 0
user/internal/app/review/handlers/httphandlers.go:36.16,39.3 2 0
user/internal/app/review/handlers/httphandlers.go:44.74,49.16 4 0
user/internal/app/review/handlers/httphandlers.go:54.2,55.16 2 0
user/internal/app/review/handlers/httphandlers.go:59.2,59.45 1 0
user/internal/app/review/handlers/httphandlers.go:49.16,52.3 2 0
user/internal/app/review/handlers/httphandlers.go:55.16,58.3 2 0
user/pkg/logger/loger.go:9.38,10.24 1 0
user/pkg/logger/loger.go:20.2,20.12 1 0
user/pkg/logger/loger.go:10.24,12.3 1 0
user/pkg/logger/loger.go:12.8,14.17 2 0
user/pkg/logger/loger.go:17.3,17.31 1 0
user/pkg/logger/loger.go:14.17,16.4 1 0
user/pkg/logger/loger.go:23.64,29.2 1 0
user/pkg/logger/loger.go:31.46,36.2 1 0
user/pkg/logger/loger.go:38.44,43.2 1 0
user/internal/app/user/tools/password.go:14.59,20.2 4 0
user/internal/app/user/tools/password.go:22.47,25.16 3 0
user/internal/app/user/tools/password.go:29.2,30.29 2 0
user/internal/app/user/tools/password.go:33.2,33.12 1 0
user/internal/app/user/tools/password.go:25.16,27.3 1 0
user/internal/app/user/tools/password.go:30.29,32.3 1 0
user/internal/app/user/tools/password.go:36.50,39.16 3 0
user/internal/app/user/tools/password.go:43.2,44.29 2 0
user/internal/app/user/tools/password.go:47.2,47.12 1 0
user/internal/app/user/tools/password.go:39.16,41.3 1 0
user/internal/app/user/tools/password.go:44.29,46.3 1 0
user/internal/app/user/tools/password.go:50.57,53.2 2 0
user/internal/app/user/tools/validation.go:14.55,22.16 2 0
user/internal/app/user/tools/validation.go:25.2,25.12 1 0
user/internal/app/user/tools/validation.go:22.16,24.3 1 0
user/internal/app/user/tools/validation.go:28.58,35.16 2 0
user/internal/app/user/tools/validation.go:38.2,38.12 1 0
user/internal/app/user/tools/validation.go:35.16,37.3 1 0
user/internal/app/order/mock/mock_repository.go:27.65,31.2 3 1
user/internal/app/order/mock/mock_repository.go:34.63,36.2 1 1
user/internal/app/order/mock/mock_repository.go:39.96,45.2 5 1
user/internal/app/order/mock/mock_repository.go:48.84,51.2 2 1
user/internal/app/specialize/mock/mock_repository.go:27.65,31.2 3 0
user/internal/app/specialize/mock/mock_repository.go:34.63,36.2 1 0
user/internal/app/specialize/mock/mock_repository.go:39.105,44.2 4 0
user/internal/app/specialize/mock/mock_repository.go:47.114,50.2 2 0
user/internal/app/specialize/mock/mock_repository.go:53.84,59.2 5 0
user/internal/app/specialize/mock/mock_repository.go:62.83,65.2 2 0
user/internal/app/specialize/mock/mock_repository.go:68.88,74.2 5 0
user/internal/app/specialize/mock/mock_repository.go:77.87,80.2 2 0
user/internal/app/specialize/mock/mock_repository.go:83.98,89.2 5 0
user/internal/app/specialize/mock/mock_repository.go:92.89,95.2 2 0
user/internal/app/specialize/mock/mock_repository.go:98.111,103.2 4 0
user/internal/app/specialize/mock/mock_repository.go:106.120,109.2 2 0
user/internal/app/specialize/repository/repository.go:17.95,20.48 3 0
user/internal/app/specialize/repository/repository.go:24.2,24.25 1 0
user/internal/app/specialize/repository/repository.go:20.48,23.3 2 0
user/internal/app/specialize/repository/repository.go:27.85,31.16 3 0
user/internal/app/specialize/repository/repository.go:35.2,35.16 1 0
user/internal/app/specialize/repository/repository.go:31.16,34.3 2 0
user/internal/app/specialize/repository/repository.go:48.83,51.16 3 0
user/internal/app/specialize/repository/repository.go:55.2,55.27 1 0
user/internal/app/specialize/repository/repository.go:51.16,54.3 2 0
user/internal/app/specialize/repository/repository.go:58.111,65.16 2 0
user/internal/app/specialize/repository/repository.go:69.2,69.12 1 0
user/internal/app/specialize/repository/repository.go:65.16,68.3 2 0
user/internal/app/specialize/repository/repository.go:81.115,83.16 2 0
user/internal/app/specialize/repository/repository.go:87.2,87.12 1 0
user/internal/app/specialize/repository/repository.go:83.16,86.3 2 0
user/internal/app/session/mock/mock_repository.go:27.65,31.2 3 0
user/internal/app/session/mock/mock_repository.go:34.63,36.2 1 0
user/internal/app/session/mock/mock_repository.go:39.98,45.2 5 0
user/internal/app/session/mock/mock_repository.go:48.82,51.2 2 0
user/internal/app/review/usecase/usecase.go:17.121,23.2 1 1
user/internal/app/review/usecase/usecase.go:25.99,27.16 2 1
user/internal/app/review/usecase/usecase.go:30.2,30.21 1 1
user/internal/app/review/usecase/usecase.go:27.16,29.3 1 0
user/internal/app/review/usecase/usecase.go:33.111,35.16 2 1
user/internal/app/review/usecase/usecase.go:38.2,38.32 1 1
user/internal/app/review/usecase/usecase.go:51.2,52.16 2 1
user/internal/app/review/usecase/usecase.go:55.2,55.20 1 1
user/internal/app/review/usecase/usecase.go:62.2,66.7 1 1
user/internal/app/review/usecase/usecase.go:35.16,37.3 1 0
user/internal/app/review/usecase/usecase.go:38.32,40.17 2 1
user/internal/app/review/usecase/usecase.go:43.3,46.17 4 1
user/internal/app/review/usecase/usecase.go:49.3,49.44 1 1
user/internal/app/review/usecase/usecase.go:40.17,42.4 1 0
user/internal/app/review/usecase/usecase.go:46.17,48.4 1 0
user/internal/app/review/usecase/usecase.go:52.16,54.3 1 0
user/internal/app/review/usecase/usecase.go:55.20,61.3 1 0
user/pkg/error/errortools/tools.go:9.48,10.54 1 0
user/pkg/error/errortools/tools.go:15.2,15.51 1 0
user/pkg/error/errortools/tools.go:18.2,18.58 1 0
user/pkg/error/errortools/tools.go:21.2,21.52 1 0
user/pkg/error/errortools/tools.go:24.2,26.35 1 0
user/pkg/error/errortools/tools.go:10.54,14.3 1 0
user/pkg/error/errortools/tools.go:15.51,17.3 1 0
user/pkg/error/errortools/tools.go:18.58,20.3 1 0
user/pkg/error/errortools/tools.go:21.52,23.3 1 0
user/pkg/httputils/httputils.go:16.100,18.17 2 0
user/pkg/httputils/httputils.go:25.2,27.41 3 0
user/pkg/httputils/httputils.go:18.17,20.17 2 0
user/pkg/httputils/httputils.go:20.17,23.4 2 0
user/pkg/httputils/httputils.go:30.88,35.2 4 0
user/pkg/httputils/httputils.go:37.33,38.71 1 0
user/pkg/httputils/httputils.go:38.71,45.3 3 0
user/internal/app/session/handlers/handlers.go:18.54,22.2 1 0
user/internal/app/session/handlers/handlers.go:24.67,25.71 1 0
user/internal/app/session/handlers/handlers.go:25.71,29.17 3 0
user/internal/app/session/handlers/handlers.go:34.3,35.17 2 0
user/internal/app/session/handlers/handlers.go:39.3,40.40 2 0
user/internal/app/session/handlers/handlers.go:29.17,32.4 2 0
user/internal/app/session/handlers/handlers.go:35.17,38.4 2 0
user/internal/app/specialize/handler/httphandlers.go:24.83,29.2 1 0
user/internal/app/specialize/handler/httphandlers.go:31.66,37.16 4 0
user/internal/app/specialize/handler/httphandlers.go:41.2,42.58 2 0
user/internal/app/specialize/handler/httphandlers.go:46.2,47.16 2 0
user/internal/app/specialize/handler/httphandlers.go:51.2,51.42 1 0
user/internal/app/specialize/handler/httphandlers.go:37.16,40.3 2 0
user/internal/app/specialize/handler/httphandlers.go:42.58,45.3 2 0
user/internal/app/specialize/handler/httphandlers.go:47.16,50.3 2 0
user/internal/app/specialize/handler/httphandlers.go:54.66,60.16 4 0
user/internal/app/specialize/handler/httphandlers.go:64.2,65.57 2 0
user/internal/app/specialize/handler/httphandlers.go:69.2,70.16 2 0
user/internal/app/specialize/handler/httphandlers.go:74.2,75.16 2 0
user/internal/app/specialize/handler/httphandlers.go:79.2,79.40 1 0
user/internal/app/specialize/handler/httphandlers.go:60.16,63.3 2 0
user/internal/app/specialize/handler/httphandlers.go:65.57,68.3 2 0
user/internal/app/specialize/handler/httphandlers.go:70.16,73.3 2 0
user/internal/app/specialize/handler/httphandlers.go:75.16,78.3 2 0
user/pkg/error/errortools/grpcerror.go:17.56,18.45 1 0
user/pkg/error/errortools/grpcerror.go:26.2,26.22 1 0
user/pkg/error/errortools/grpcerror.go:18.45,19.26 1 0
user/pkg/error/errortools/grpcerror.go:24.3,24.48 1 0
user/pkg/error/errortools/grpcerror.go:19.26,23.4 1 0
user/internal/app/review/repository/repository.go:15.96,24.16 3 0
user/internal/app/review/repository/repository.go:28.2,29.21 2 0
user/internal/app/review/repository/repository.go:24.16,27.3 2 0
user/internal/app/review/repository/repository.go:32.90,35.16 3 0
user/internal/app/review/repository/repository.go:39.2,39.21 1 0
user/internal/app/review/repository/repository.go:35.16,38.3 2 0
user/internal/app/review/repository/repository.go:42.110,45.16 3 0
user/internal/app/review/repository/repository.go:52.2,52.28 1 0
user/internal/app/review/repository/repository.go:45.16,46.78 1 0
user/internal/app/review/repository/repository.go:49.3,50.50 2 0
user/internal/app/review/repository/repository.go:46.78,48.4 1 0
user/internal/app/user/handlers/grpchandlers.go:19.58,23.2 1 0
user/internal/app/user/handlers/grpchandlers.go:25.111,36.16 3 0
user/internal/app/user/handlers/grpchandlers.go:49.2,52.8 1 0
user/internal/app/user/handlers/grpchandlers.go:36.16,40.21 4 0
user/internal/app/user/handlers/grpchandlers.go:43.3,46.35 1 0
user/internal/app/user/handlers/grpchandlers.go:40.21,42.4 1 0
user/internal/app/user/handlers/grpchandlers.go:55.122,57.16 2 0
user/internal/app/user/handlers/grpchandlers.go:69.2,72.8 1 0
user/internal/app/user/handlers/grpchandlers.go:57.16,61.21 4 0
user/internal/app/user/handlers/grpchandlers.go:64.3,67.50 1 0
user/internal/app/user/handlers/grpchandlers.go:61.21,63.4 1 0
user/internal/app/user/handlers/grpchandlers.go:75.107,77.16 2 0
user/internal/app/user/handlers/grpchandlers.go:95.2,104.8 1 0
user/internal/app/user/handlers/grpchandlers.go:77.16,81.21 4 0
user/internal/app/user/handlers/grpchandlers.go:84.3,93.50 1 0
user/internal/app/user/handlers/grpchandlers.go:81.21,83.4 1 0
user/internal/app/user/handlers/grpchandlers.go:107.126,110.2 1 0
user/internal/app/user/handlers/grpchandlers.go:112.111,114.16 2 0
user/internal/app/user/handlers/grpchandlers.go:123.2,123.56 1 0
user/internal/app/user/handlers/grpchandlers.go:114.16,118.21 4 0
user/internal/app/user/handlers/grpchandlers.go:121.3,121.99 1 0
user/internal/app/user/handlers/grpchandlers.go:118.21,120.4 1 0
user/pkg/error/errortools/validationerror.go:10.73,12.30 2 0
user/pkg/error/errortools/validationerror.go:17.2,17.22 1 0
user/pkg/error/errortools/validationerror.go:12.30,16.3 1 0
user/pkg/middleware/middleware.go:19.53,20.71 1 0
user/pkg/middleware/middleware.go:20.71,25.3 4 0
user/pkg/middleware/middleware.go:28.49,37.2 1 0
user/pkg/middleware/middleware.go:39.65,47.2 1 0
user/cmd/main.go:44.13,46.2 1 1
user/cmd/main.go:48.13,52.16 4 0
user/cmd/main.go:56.2,56.51 1 0
user/cmd/main.go:60.2,61.16 2 0
user/cmd/main.go:64.2,64.15 1 0
user/cmd/main.go:70.2,87.16 3 0
user/cmd/main.go:91.2,110.16 7 0
user/cmd/main.go:113.2,121.16 3 0
user/cmd/main.go:124.2,166.12 30 0
user/cmd/main.go:181.2,186.16 5 0
user/cmd/main.go:190.2,191.35 2 0
user/cmd/main.go:52.16,54.3 1 0
user/cmd/main.go:56.51,58.3 1 0
user/cmd/main.go:61.16,63.3 1 0
user/cmd/main.go:64.15,65.42 1 0
user/cmd/main.go:65.42,67.4 1 0
user/cmd/main.go:87.16,89.3 1 0
user/cmd/main.go:110.16,112.3 1 0
user/cmd/main.go:121.16,123.3 1 0
user/cmd/main.go:166.12,167.19 1 0
user/cmd/main.go:175.3,176.49 2 0
user/cmd/main.go:167.19,171.72 2 0
user/cmd/main.go:171.72,173.5 1 0
user/cmd/main.go:176.49,178.4 1 0
user/cmd/main.go:186.16,188.3 1 0
user/cmd/main.go:191.35,193.3 1 0
user/internal/app/user/mock/mock_usecase.go:27.59,31.2 3 0
user/internal/app/user/mock/mock_usecase.go:34.57,36.2 1 0
user/internal/app/user/mock/mock_usecase.go:39.108,45.2 5 0
user/internal/app/user/mock/mock_usecase.go:48.80,51.2 2 0
user/internal/app/user/mock/mock_usecase.go:54.105,60.2 5 0
user/internal/app/user/mock/mock_usecase.go:63.80,66.2 2 0
user/internal/app/user/mock/mock_usecase.go:69.92,75.2 5 0
user/internal/app/user/mock/mock_usecase.go:78.81,81.2 2 0
user/internal/app/user/mock/mock_usecase.go:84.84,89.2 4 0
user/internal/app/user/mock/mock_usecase.go:92.86,95.2 2 0
user/internal/app/user/mock/mock_usecase.go:98.108,104.2 5 0
user/internal/app/user/mock/mock_usecase.go:107.92,110.2 2 0
user/configs/config.go:14.26,19.2 1 0
user/internal/app/session/repository/repository.go:14.48,18.2 1 0
user/internal/app/session/repository/repository.go:20.98,26.16 4 0
user/internal/app/session/repository/repository.go:29.2,32.8 1 0
user/internal/app/session/repository/repository.go:26.16,28.3 1 0
user/internal/app/specialize/usecase/usecase.go:14.63,18.2 1 0
user/internal/app/specialize/usecase/usecase.go:20.88,22.16 2 0
user/internal/app/specialize/usecase/usecase.go:25.2,25.16 1 0
user/internal/app/specialize/usecase/usecase.go:22.16,24.3 1 0
user/internal/app/specialize/usecase/usecase.go:28.83,30.16 2 0
user/internal/app/specialize/usecase/usecase.go:33.2,34.16 2 0
user/internal/app/specialize/usecase/usecase.go:37.2,37.12 1 0
user/internal/app/specialize/usecase/usecase.go:30.16,32.3 1 0
user/internal/app/specialize/usecase/usecase.go:34.16,36.3 1 0
user/internal/app/specialize/usecase/usecase.go:40.94,42.16 2 0
user/internal/app/specialize/usecase/usecase.go:48.2,50.28 3 0
user/internal/app/specialize/usecase/usecase.go:55.2,55.16 1 0
user/internal/app/specialize/usecase/usecase.go:58.2,58.12 1 0
user/internal/app/specialize/usecase/usecase.go:42.16,44.17 2 0
user/internal/app/specialize/usecase/usecase.go:44.17,46.4 1 0
user/internal/app/specialize/usecase/usecase.go:50.28,51.28 1 0
user/internal/app/specialize/usecase/usecase.go:51.28,53.4 1 0
user/internal/app/specialize/usecase/usecase.go:55.16,57.3 1 0
user/pkg/database/postgresql/postgres.go:11.49,13.16 2 0
user/pkg/database/postgresql/postgres.go:16.2,18.8 1 0
user/pkg/database/postgresql/postgres.go:13.16,15.3 1 0
user/pkg/database/postgresql/postgres.go:21.43,23.2 1 0
user/pkg/database/postgresql/postgres.go:25.34,28.2 2 0
user/internal/app/user/repository/repository.go:15.88,25.16 3 0
user/internal/app/user/repository/repository.go:29.2,29.16 1 0
user/internal/app/user/repository/repository.go:25.16,28.3 2 0
user/internal/app/user/repository/repository.go:32.81,35.16 3 0
user/internal/app/user/repository/repository.go:39.2,39.35 1 0
user/internal/app/user/repository/repository.go:43.2,43.12 1 0
user/internal/app/user/repository/repository.go:35.16,38.3 2 0
user/internal/app/user/repository/repository.go:39.35,42.3 2 0
user/internal/app/user/repository/repository.go:46.93,49.16 3 0
user/internal/app/user/repository/repository.go:53.2,53.19 1 0
user/internal/app/user/repository/repository.go:49.16,52.3 2 0
user/internal/app/user/repository/repository.go:56.99,59.16 3 0
user/internal/app/user/repository/repository.go:63.2,63.19 1 0
user/internal/app/user/repository/repository.go:59.16,62.3 2 0
user/internal/app/user/repository/repository.go:66.83,68.16 2 0
user/internal/app/user/repository/repository.go:72.2,72.12 1 0
user/internal/app/user/repository/repository.go:68.16,71.3 2 0
user/internal/app/review/mock/mock_repository.go:27.65,31.2 3 1
user/internal/app/review/mock/mock_repository.go:34.63,36.2 1 1
user/internal/app/review/mock/mock_repository.go:39.99,45.2 5 1
user/internal/app/review/mock/mock_repository.go:48.83,51.2 2 1
user/internal/app/review/mock/mock_repository.go:54.93,60.2 5 1
user/internal/app/review/mock/mock_repository.go:63.83,66.2 2 1
user/internal/app/review/mock/mock_repository.go:69.113,75.2 5 0
user/internal/app/review/mock/mock_repository.go:78.96,81.2 2 0
user/internal/app/user/handlers/httphandlers.go:22.46,26.2 1 0
user/internal/app/user/handlers/httphandlers.go:28.74,33.16 4 0
user/internal/app/user/handlers/httphandlers.go:37.2,38.58 2 0
user/internal/app/user/handlers/httphandlers.go:42.2,44.16 3 0
user/internal/app/user/handlers/httphandlers.go:48.2,48.57 1 0
user/internal/app/user/handlers/httphandlers.go:33.16,36.3 2 0
user/internal/app/user/handlers/httphandlers.go:38.58,41.3 2 0
user/internal/app/user/handlers/httphandlers.go:44.16,47.3 2 0
user/internal/app/user/handlers/httphandlers.go:51.72,56.16 4 0
user/internal/app/user/handlers/httphandlers.go:60.2,61.16 2 0
user/internal/app/user/handlers/httphandlers.go:65.2,65.50 1 0
user/internal/app/user/handlers/httphandlers.go:56.16,59.3 2 0
user/internal/app/user/handlers/httphandlers.go:61.16,64.3 2 0
user/pkg/error/errortools/sqlerror.go:12.38,13.16 1 0
user/pkg/error/errortools/sqlerror.go:16.2,17.28 2 0
user/pkg/error/errortools/sqlerror.go:22.2,22.35 1 0
user/pkg/error/errortools/sqlerror.go:25.2,25.36 1 0
user/pkg/error/errortools/sqlerror.go:13.16,15.3 1 0
user/pkg/error/errortools/sqlerror.go:17.28,18.58 1 0
user/pkg/error/errortools/sqlerror.go:18.58,20.4 1 0
user/pkg/error/errortools/sqlerror.go:22.35,24.3 1 0
user/pkg/error/errortools/sqlerror.go:33.42,35.89 1 0
user/pkg/error/errortools/sqlerror.go:35.89,39.4 1 0
user/pkg/error/errortools/sqlerror.go:40.93,44.4 1 0
user/pkg/error/errortools/sqlerror.go:45.92,49.4 1 0
user/pkg/error/errortools/sqlerror.go:53.68,55.38 2 0
user/pkg/error/errortools/sqlerror.go:61.2,61.22 1 0
user/pkg/error/errortools/sqlerror.go:55.38,56.36 1 0
user/pkg/error/errortools/sqlerror.go:56.36,59.4 2 0
user/pkg/metric/metric.go:19.12,30.2 4 0
user/pkg/metric/metric.go:32.63,35.2 2 0
user/pkg/metric/metric.go:37.52,39.2 1 0
user/pkg/metric/metric.go:41.36,42.16 1 0
user/pkg/metric/metric.go:42.16,44.3 1 0
user/internal/app/user/usecase/usecase.go:20.82,22.16 2 0
user/internal/app/user/usecase/usecase.go:25.2,25.12 1 0
user/internal/app/user/usecase/usecase.go:22.16,24.3 1 0
user/internal/app/user/usecase/usecase.go:28.106,29.57 1 0
user/internal/app/user/usecase/usecase.go:32.2,32.49 1 0
user/internal/app/user/usecase/usecase.go:35.2,36.16 2 0
user/internal/app/user/usecase/usecase.go:40.2,40.40 1 0
user/internal/app/user/usecase/usecase.go:56.2,59.8 1 0
user/internal/app/user/usecase/usecase.go:29.57,31.3 1 0
user/internal/app/user/usecase/usecase.go:32.49,34.3 1 0
user/internal/app/user/usecase/usecase.go:36.16,38.3 1 0
user/internal/app/user/usecase/usecase.go:40.40,42.17 2 0
user/internal/app/user/usecase/usecase.go:50.3,51.17 2 0
user/internal/app/user/usecase/usecase.go:42.17,43.48 1 0
user/internal/app/user/usecase/usecase.go:43.48,45.19 2 0
user/internal/app/user/usecase/usecase.go:45.19,47.6 1 0
user/internal/app/user/usecase/usecase.go:51.17,53.4 1 0
user/internal/app/user/usecase/usecase.go:62.121,64.16 2 0
user/internal/app/user/usecase/usecase.go:67.2,67.46 1 0
user/internal/app/user/usecase/usecase.go:71.2,74.8 1 0
user/internal/app/user/usecase/usecase.go:64.16,66.3 1 0
user/internal/app/user/usecase/usecase.go:67.46,69.3 1 0
user/internal/app/user/usecase/usecase.go:77.91,79.16 2 0
user/internal/app/user/usecase/usecase.go:82.2,82.19 1 0
user/internal/app/user/usecase/usecase.go:88.2,89.16 2 0
user/internal/app/user/usecase/usecase.go:92.2,94.18 3 0
user/internal/app/user/usecase/usecase.go:79.16,81.3 1 0
user/internal/app/user/usecase/usecase.go:82.19,84.17 2 0
user/internal/app/user/usecase/usecase.go:84.17,86.4 1 0
user/internal/app/user/usecase/usecase.go:89.16,91.3 1 0
user/internal/app/user/usecase/usecase.go:97.109,99.16 2 0
user/internal/app/user/usecase/usecase.go:102.2,103.16 2 0
user/internal/app/user/usecase/usecase.go:107.2,107.54 1 0
user/internal/app/user/usecase/usecase.go:110.2,110.28 1 0
user/internal/app/user/usecase/usecase.go:113.2,113.49 1 0
user/internal/app/user/usecase/usecase.go:116.2,116.22 1 0
user/internal/app/user/usecase/usecase.go:120.2,120.22 1 0
user/internal/app/user/usecase/usecase.go:124.2,124.25 1 0
user/internal/app/user/usecase/usecase.go:128.2,128.22 1 0
user/internal/app/user/usecase/usecase.go:132.2,132.28 1 0
user/internal/app/user/usecase/usecase.go:136.2,136.43 1 0
user/internal/app/user/usecase/usecase.go:139.2,140.16 2 0
user/internal/app/user/usecase/usecase.go:143.2,143.40 1 0
user/internal/app/user/usecase/usecase.go:159.2,166.8 1 0
user/internal/app/user/usecase/usecase.go:99.16,101.3 1 0
user/internal/app/user/usecase/usecase.go:103.16,105.3 1 0
user/internal/app/user/usecase/usecase.go:107.54,109.3 1 0
user/internal/app/user/usecase/usecase.go:110.28,112.3 1 0
user/internal/app/user/usecase/usecase.go:113.49,115.3 1 0
user/internal/app/user/usecase/usecase.go:116.22,118.3 1 0
user/internal/app/user/usecase/usecase.go:120.22,122.3 1 0
user/internal/app/user/usecase/usecase.go:124.25,126.3 1 0
user/internal/app/user/usecase/usecase.go:128.22,130.3 1 0
user/internal/app/user/usecase/usecase.go:132.28,134.3 1 0
user/internal/app/user/usecase/usecase.go:136.43,138.3 1 0
user/internal/app/user/usecase/usecase.go:140.16,142.3 1 0
user/internal/app/user/usecase/usecase.go:143.40,145.17 2 0
user/internal/app/user/usecase/usecase.go:153.3,154.17 2 0
user/internal/app/user/usecase/usecase.go:145.17,146.39 1 0
user/internal/app/user/usecase/usecase.go:146.39,148.19 2 0
user/internal/app/user/usecase/usecase.go:148.19,150.6 1 0
user/internal/app/user/usecase/usecase.go:154.17,156.4 1 0
user/internal/app/user/usecase/usecase.go:169.114,175.2 1 0
user/internal/app/session/usecase/usecase.go:13.57,17.2 1 0
user/internal/app/session/usecase/usecase.go:19.101,21.16 2 0
user/internal/app/session/usecase/usecase.go:24.2,24.15 1 0
user/internal/app/session/usecase/usecase.go:21.16,23.3 1 0
user/internal/app/user/mock/mock_repository.go:27.65,31.2 3 1
user/internal/app/user/mock/mock_repository.go:34.63,36.2 1 1
user/internal/app/user/mock/mock_repository.go:39.86,44.2 4 0
user/internal/app/user/mock/mock_repository.go:47.83,50.2 2 0
user/internal/app/user/mock/mock_repository.go:53.93,59.2 5 0
user/internal/app/user/mock/mock_repository.go:62.83,65.2 2 0
user/internal/app/user/mock/mock_repository.go:68.103,74.2 5 0
user/internal/app/user/mock/mock_repository.go:77.92,80.2 2 0
user/internal/app/user/mock/mock_repository.go:83.100,89.2 5 1
user/internal/app/user/mock/mock_repository.go:92.89,95.2 2 1
user/internal/app/user/mock/mock_repository.go:98.91,103.2 4 0
user/internal/app/user/mock/mock_repository.go:106.93,109.2 2 0
user/internal/app/order/repository/repository.go:13.46,17.2 1 0
user/internal/app/order/repository/repository.go:19.89,23.16 2 0
user/internal/app/order/repository/repository.go:26.2,34.8 1 0
user/internal/app/order/repository/repository.go:23.16,25.3 1 0
user/pkg/httputils/httputils.go:16.100,18.17 2 0
user/pkg/httputils/httputils.go:25.2,27.41 3 0
user/pkg/httputils/httputils.go:18.17,20.17 2 0
user/pkg/httputils/httputils.go:20.17,23.4 2 0
user/pkg/httputils/httputils.go:30.88,35.2 4 0
user/pkg/httputils/httputils.go:37.33,38.71 1 0
user/pkg/httputils/httputils.go:38.71,45.3 3 0
user/internal/app/user/mock/mock_repository.go:27.65,31.2 3 1
user/internal/app/user/mock/mock_repository.go:34.63,36.2 1 1
user/internal/app/user/mock/mock_repository.go:39.86,44.2 4 1
user/internal/app/user/mock/mock_repository.go:47.83,50.2 2 1
user/internal/app/user/mock/mock_repository.go:53.93,59.2 5 1
user/internal/app/user/mock/mock_repository.go:62.83,65.2 2 1
user/internal/app/user/mock/mock_repository.go:68.103,74.2 5 1
user/internal/app/user/mock/mock_repository.go:77.92,80.2 2 1
user/internal/app/user/mock/mock_repository.go:83.100,89.2 5 1
user/internal/app/user/mock/mock_repository.go:92.89,95.2 2 1
user/internal/app/user/mock/mock_repository.go:98.91,103.2 4 0
user/internal/app/user/mock/mock_repository.go:106.93,109.2 2 0
user/pkg/middleware/middleware.go:19.53,20.71 1 0
user/pkg/middleware/middleware.go:20.71,25.3 4 0
user/pkg/middleware/middleware.go:28.49,37.2 1 0
user/pkg/middleware/middleware.go:39.65,47.2 1 0
user/internal/app/review/usecase/usecase.go:17.121,23.2 1 0
user/internal/app/review/usecase/usecase.go:25.99,27.16 2 0
user/internal/app/review/usecase/usecase.go:30.2,30.21 1 0
user/internal/app/review/usecase/usecase.go:27.16,29.3 1 0
user/internal/app/review/usecase/usecase.go:33.111,35.16 2 0
user/internal/app/review/usecase/usecase.go:38.2,38.32 1 0
user/internal/app/review/usecase/usecase.go:51.2,52.16 2 0
user/internal/app/review/usecase/usecase.go:55.2,55.20 1 0
user/internal/app/review/usecase/usecase.go:62.2,66.7 1 0
user/internal/app/review/usecase/usecase.go:35.16,37.3 1 0
user/internal/app/review/usecase/usecase.go:38.32,40.17 2 0
user/internal/app/review/usecase/usecase.go:43.3,46.17 4 0
user/internal/app/review/usecase/usecase.go:49.3,49.44 1 0
user/internal/app/review/usecase/usecase.go:40.17,42.4 1 0
user/internal/app/review/usecase/usecase.go:46.17,48.4 1 0
user/internal/app/review/usecase/usecase.go:52.16,54.3 1 0
user/internal/app/review/usecase/usecase.go:55.20,61.3 1 0
user/internal/app/specialize/repository/repository.go:17.95,20.48 3 0
user/internal/app/specialize/repository/repository.go:24.2,24.25 1 0
user/internal/app/specialize/repository/repository.go:20.48,23.3 2 0
user/internal/app/specialize/repository/repository.go:27.85,31.16 3 0
user/internal/app/specialize/repository/repository.go:35.2,35.16 1 0
user/internal/app/specialize/repository/repository.go:31.16,34.3 2 0
user/internal/app/specialize/repository/repository.go:48.83,51.16 3 0
user/internal/app/specialize/repository/repository.go:55.2,55.27 1 0
user/internal/app/specialize/repository/repository.go:51.16,54.3 2 0
user/internal/app/specialize/repository/repository.go:58.111,65.16 2 0
user/internal/app/specialize/repository/repository.go:69.2,69.12 1 0
user/internal/app/specialize/repository/repository.go:65.16,68.3 2 0
user/internal/app/specialize/repository/repository.go:81.115,83.16 2 0
user/internal/app/specialize/repository/repository.go:87.2,87.12 1 0
user/internal/app/specialize/repository/repository.go:83.16,86.3 2 0
user/internal/app/user/handlers/httphandlers.go:22.46,26.2 1 0
user/internal/app/user/handlers/httphandlers.go:28.74,33.16 4 0
user/internal/app/user/handlers/httphandlers.go:37.2,38.58 2 0
user/internal/app/user/handlers/httphandlers.go:42.2,44.16 3 0
user/internal/app/user/handlers/httphandlers.go:48.2,48.57 1 0
user/internal/app/user/handlers/httphandlers.go:33.16,36.3 2 0
user/internal/app/user/handlers/httphandlers.go:38.58,41.3 2 0
user/internal/app/user/handlers/httphandlers.go:44.16,47.3 2 0
user/internal/app/user/handlers/httphandlers.go:51.72,56.16 4 0
user/internal/app/user/handlers/httphandlers.go:60.2,61.16 2 0
user/internal/app/user/handlers/httphandlers.go:65.2,65.50 1 0
user/internal/app/user/handlers/httphandlers.go:56.16,59.3 2 0
user/internal/app/user/handlers/httphandlers.go:61.16,64.3 2 0
user/internal/app/user/repository/repository.go:15.88,25.16 3 0
user/internal/app/user/repository/repository.go:29.2,29.16 1 0
user/internal/app/user/repository/repository.go:25.16,28.3 2 0
user/internal/app/user/repository/repository.go:32.81,35.16 3 0
user/internal/app/user/repository/repository.go:39.2,39.35 1 0
user/internal/app/user/repository/repository.go:43.2,43.12 1 0
user/internal/app/user/repository/repository.go:35.16,38.3 2 0
user/internal/app/user/repository/repository.go:39.35,42.3 2 0
user/internal/app/user/repository/repository.go:46.93,49.16 3 0
user/internal/app/user/repository/repository.go:53.2,53.19 1 0
user/internal/app/user/repository/repository.go:49.16,52.3 2 0
user/internal/app/user/repository/repository.go:56.99,59.16 3 0
user/internal/app/user/repository/repository.go:63.2,63.19 1 0
user/internal/app/user/repository/repository.go:59.16,62.3 2 0
user/internal/app/user/repository/repository.go:66.83,68.16 2 0
user/internal/app/user/repository/repository.go:72.2,72.12 1 0
user/internal/app/user/repository/repository.go:68.16,71.3 2 0
user/internal/app/order/repository/repository.go:13.46,17.2 1 0
user/internal/app/order/repository/repository.go:19.89,23.16 2 0
user/internal/app/order/repository/repository.go:26.2,34.8 1 0
user/internal/app/order/repository/repository.go:23.16,25.3 1 0
user/pkg/metric/metric.go:19.12,30.2 4 0
user/pkg/metric/metric.go:32.63,35.2 2 0
user/pkg/metric/metric.go:37.52,39.2 1 0
user/pkg/metric/metric.go:41.36,42.16 1 0
user/pkg/metric/metric.go:42.16,44.3 1 0
user/internal/app/review/handlers/httphandlers.go:21.50,25.2 1 0
user/internal/app/review/handlers/httphandlers.go:27.66,31.63 3 0
user/internal/app/review/handlers/httphandlers.go:35.2,36.16 2 0
user/internal/app/review/handlers/httphandlers.go:40.2,40.44 1 0
user/internal/app/review/handlers/httphandlers.go:31.63,34.3 2 0
user/internal/app/review/handlers/httphandlers.go:36.16,39.3 2 0
user/internal/app/review/handlers/httphandlers.go:44.74,49.16 4 0
user/internal/app/review/handlers/httphandlers.go:54.2,55.16 2 0
user/internal/app/review/handlers/httphandlers.go:59.2,59.45 1 0
user/internal/app/review/handlers/httphandlers.go:49.16,52.3 2 0
user/internal/app/review/handlers/httphandlers.go:55.16,58.3 2 0
user/pkg/logger/loger.go:9.38,10.24 1 0
user/pkg/logger/loger.go:20.2,20.12 1 0
user/pkg/logger/loger.go:10.24,12.3 1 0
user/pkg/logger/loger.go:12.8,14.17 2 0
user/pkg/logger/loger.go:17.3,17.31 1 0
user/pkg/logger/loger.go:14.17,16.4 1 0
user/pkg/logger/loger.go:23.64,29.2 1 0
user/pkg/logger/loger.go:31.46,36.2 1 0
user/pkg/logger/loger.go:38.44,43.2 1 0
user/internal/app/session/handlers/handlers.go:18.54,22.2 1 0
user/internal/app/session/handlers/handlers.go:24.67,25.71 1 0
user/internal/app/session/handlers/handlers.go:25.71,29.17 3 0
user/internal/app/session/handlers/handlers.go:34.3,35.17 2 0
user/internal/app/session/handlers/handlers.go:39.3,40.40 2 0
user/internal/app/session/handlers/handlers.go:29.17,32.4 2 0
user/internal/app/session/handlers/handlers.go:35.17,38.4 2 0
user/pkg/error/errortools/grpcerror.go:17.56,18.45 1 0
user/pkg/error/errortools/grpcerror.go:26.2,26.22 1 0
user/pkg/error/errortools/grpcerror.go:18.45,19.26 1 0
user/pkg/error/errortools/grpcerror.go:24.3,24.48 1 0
user/pkg/error/errortools/grpcerror.go:19.26,23.4 1 0
user/pkg/error/errortools/sqlerror.go:12.38,13.16 1 0
user/pkg/error/errortools/sqlerror.go:16.2,17.28 2 0
user/pkg/error/errortools/sqlerror.go:22.2,22.35 1 0
user/pkg/error/errortools/sqlerror.go:25.2,25.36 1 0
user/pkg/error/errortools/sqlerror.go:13.16,15.3 1 0
user/pkg/error/errortools/sqlerror.go:17.28,18.58 1 0
user/pkg/error/errortools/sqlerror.go:18.58,20.4 1 0
user/pkg/error/errortools/sqlerror.go:22.35,24.3 1 0
user/pkg/error/errortools/sqlerror.go:33.42,35.89 1 0
user/pkg/error/errortools/sqlerror.go:35.89,39.4 1 0
user/pkg/error/errortools/sqlerror.go:40.93,44.4 1 0
user/pkg/error/errortools/sqlerror.go:45.92,49.4 1 0
user/pkg/error/errortools/sqlerror.go:53.68,55.38 2 0
user/pkg/error/errortools/sqlerror.go:61.2,61.22 1 0
user/pkg/error/errortools/sqlerror.go:55.38,56.36 1 0
user/pkg/error/errortools/sqlerror.go:56.36,59.4 2 0
user/internal/app/specialize/mock/mock_repository.go:27.65,31.2 3 1
user/internal/app/specialize/mock/mock_repository.go:34.63,36.2 1 1
user/internal/app/specialize/mock/mock_repository.go:39.105,44.2 4 1
user/internal/app/specialize/mock/mock_repository.go:47.114,50.2 2 1
user/internal/app/specialize/mock/mock_repository.go:53.84,59.2 5 1
user/internal/app/specialize/mock/mock_repository.go:62.83,65.2 2 1
user/internal/app/specialize/mock/mock_repository.go:68.88,74.2 5 1
user/internal/app/specialize/mock/mock_repository.go:77.87,80.2 2 1
user/internal/app/specialize/mock/mock_repository.go:83.98,89.2 5 1
user/internal/app/specialize/mock/mock_repository.go:92.89,95.2 2 1
user/internal/app/specialize/mock/mock_repository.go:98.111,103.2 4 0
user/internal/app/specialize/mock/mock_repository.go:106.120,109.2 2 0
user/internal/app/specialize/handler/httphandlers.go:24.83,29.2 1 0
user/internal/app/specialize/handler/httphandlers.go:31.66,37.16 4 0
user/internal/app/specialize/handler/httphandlers.go:41.2,42.58 2 0
user/internal/app/specialize/handler/httphandlers.go:46.2,47.16 2 0
user/internal/app/specialize/handler/httphandlers.go:51.2,51.42 1 0
user/internal/app/specialize/handler/httphandlers.go:37.16,40.3 2 0
user/internal/app/specialize/handler/httphandlers.go:42.58,45.3 2 0
user/internal/app/specialize/handler/httphandlers.go:47.16,50.3 2 0
user/internal/app/specialize/handler/httphandlers.go:54.66,60.16 4 0
user/internal/app/specialize/handler/httphandlers.go:64.2,65.57 2 0
user/internal/app/specialize/handler/httphandlers.go:69.2,70.16 2 0
user/internal/app/specialize/handler/httphandlers.go:74.2,75.16 2 0
user/internal/app/specialize/handler/httphandlers.go:79.2,79.40 1 0
user/internal/app/specialize/handler/httphandlers.go:60.16,63.3 2 0
user/internal/app/specialize/handler/httphandlers.go:65.57,68.3 2 0
user/internal/app/specialize/handler/httphandlers.go:70.16,73.3 2 0
user/internal/app/specialize/handler/httphandlers.go:75.16,78.3 2 0
user/internal/app/user/handlers/grpchandlers.go:19.58,23.2 1 0
user/internal/app/user/handlers/grpchandlers.go:25.111,36.16 3 0
user/internal/app/user/handlers/grpchandlers.go:49.2,52.8 1 0
user/internal/app/user/handlers/grpchandlers.go:36.16,40.21 4 0
user/internal/app/user/handlers/grpchandlers.go:43.3,46.35 1 0
user/internal/app/user/handlers/grpchandlers.go:40.21,42.4 1 0
user/internal/app/user/handlers/grpchandlers.go:55.122,57.16 2 0
user/internal/app/user/handlers/grpchandlers.go:69.2,72.8 1 0
user/internal/app/user/handlers/grpchandlers.go:57.16,61.21 4 0
user/internal/app/user/handlers/grpchandlers.go:64.3,67.50 1 0
user/internal/app/user/handlers/grpchandlers.go:61.21,63.4 1 0
user/internal/app/user/handlers/grpchandlers.go:75.107,77.16 2 0
user/internal/app/user/handlers/grpchandlers.go:95.2,104.8 1 0
user/internal/app/user/handlers/grpchandlers.go:77.16,81.21 4 0
user/internal/app/user/handlers/grpchandlers.go:84.3,93.50 1 0
user/internal/app/user/handlers/grpchandlers.go:81.21,83.4 1 0
user/internal/app/user/handlers/grpchandlers.go:107.126,110.2 1 0
user/internal/app/user/handlers/grpchandlers.go:112.111,114.16 2 0
user/internal/app/user/handlers/grpchandlers.go:123.2,123.56 1 0
user/internal/app/user/handlers/grpchandlers.go:114.16,118.21 4 0
user/internal/app/user/handlers/grpchandlers.go:121.3,121.99 1 0
user/internal/app/user/handlers/grpchandlers.go:118.21,120.4 1 0
user/internal/app/review/repository/repository.go:15.96,24.16 3 0
user/internal/app/review/repository/repository.go:28.2,29.21 2 0
user/internal/app/review/repository/repository.go:24.16,27.3 2 0
user/internal/app/review/repository/repository.go:32.90,35.16 3 0
user/internal/app/review/repository/repository.go:39.2,39.21 1 0
user/internal/app/review/repository/repository.go:35.16,38.3 2 0
user/internal/app/review/repository/repository.go:42.110,45.16 3 0
user/internal/app/review/repository/repository.go:52.2,52.28 1 0
user/internal/app/review/repository/repository.go:45.16,46.78 1 0
user/internal/app/review/repository/repository.go:49.3,50.50 2 0
user/internal/app/review/repository/repository.go:46.78,48.4 1 0
user/internal/app/session/repository/repository.go:14.48,18.2 1 0
user/internal/app/session/repository/repository.go:20.98,26.16 4 0
user/internal/app/session/repository/repository.go:29.2,32.8 1 0
user/internal/app/session/repository/repository.go:26.16,28.3 1 0
user/internal/app/session/mock/mock_repository.go:27.65,31.2 3 0
user/internal/app/session/mock/mock_repository.go:34.63,36.2 1 0
user/internal/app/session/mock/mock_repository.go:39.98,45.2 5 0
user/internal/app/session/mock/mock_repository.go:48.82,51.2 2 0
user/internal/app/session/usecase/usecase.go:13.57,17.2 1 0
user/internal/app/session/usecase/usecase.go:19.101,21.16 2 0
user/internal/app/session/usecase/usecase.go:24.2,24.15 1 0
user/internal/app/session/usecase/usecase.go:21.16,23.3 1 0
user/cmd/main.go:44.13,46.2 1 1
user/cmd/main.go:48.13,52.16 4 0
user/cmd/main.go:56.2,56.51 1 0
user/cmd/main.go:60.2,61.16 2 0
user/cmd/main.go:64.2,64.15 1 0
user/cmd/main.go:70.2,87.16 3 0
user/cmd/main.go:91.2,110.16 7 0
user/cmd/main.go:113.2,121.16 3 0
user/cmd/main.go:124.2,166.12 30 0
user/cmd/main.go:181.2,186.16 5 0
user/cmd/main.go:190.2,191.35 2 0
user/cmd/main.go:52.16,54.3 1 0
user/cmd/main.go:56.51,58.3 1 0
user/cmd/main.go:61.16,63.3 1 0
user/cmd/main.go:64.15,65.42 1 0
user/cmd/main.go:65.42,67.4 1 0
user/cmd/main.go:87.16,89.3 1 0
user/cmd/main.go:110.16,112.3 1 0
user/cmd/main.go:121.16,123.3 1 0
user/cmd/main.go:166.12,167.19 1 0
user/cmd/main.go:175.3,176.49 2 0
user/cmd/main.go:167.19,171.72 2 0
user/cmd/main.go:171.72,173.5 1 0
user/cmd/main.go:176.49,178.4 1 0
user/cmd/main.go:186.16,188.3 1 0
user/cmd/main.go:191.35,193.3 1 0
user/internal/app/user/usecase/usecase.go:20.82,22.16 2 0
user/internal/app/user/usecase/usecase.go:25.2,25.12 1 0
user/internal/app/user/usecase/usecase.go:22.16,24.3 1 0
user/internal/app/user/usecase/usecase.go:28.106,29.57 1 1
user/internal/app/user/usecase/usecase.go:32.2,32.49 1 1
user/internal/app/user/usecase/usecase.go:35.2,36.16 2 1
user/internal/app/user/usecase/usecase.go:40.2,40.40 1 1
user/internal/app/user/usecase/usecase.go:56.2,59.8 1 1
user/internal/app/user/usecase/usecase.go:29.57,31.3 1 1
user/internal/app/user/usecase/usecase.go:32.49,34.3 1 0
user/internal/app/user/usecase/usecase.go:36.16,38.3 1 0
user/internal/app/user/usecase/usecase.go:40.40,42.17 2 1
user/internal/app/user/usecase/usecase.go:50.3,51.17 2 1
user/internal/app/user/usecase/usecase.go:42.17,43.48 1 1
user/internal/app/user/usecase/usecase.go:43.48,45.19 2 1
user/internal/app/user/usecase/usecase.go:45.19,47.6 1 0
user/internal/app/user/usecase/usecase.go:51.17,53.4 1 0
user/internal/app/user/usecase/usecase.go:62.121,64.16 2 1
user/internal/app/user/usecase/usecase.go:67.2,67.46 1 1
user/internal/app/user/usecase/usecase.go:71.2,74.8 1 1
user/internal/app/user/usecase/usecase.go:64.16,66.3 1 0
user/internal/app/user/usecase/usecase.go:67.46,69.3 1 1
user/internal/app/user/usecase/usecase.go:77.91,79.16 2 1
user/internal/app/user/usecase/usecase.go:82.2,82.19 1 1
user/internal/app/user/usecase/usecase.go:88.2,89.16 2 1
user/internal/app/user/usecase/usecase.go:92.2,94.18 3 1
user/internal/app/user/usecase/usecase.go:79.16,81.3 1 0
user/internal/app/user/usecase/usecase.go:82.19,84.17 2 1
user/internal/app/user/usecase/usecase.go:84.17,86.4 1 0
user/internal/app/user/usecase/usecase.go:89.16,91.3 1 0
user/internal/app/user/usecase/usecase.go:97.109,99.16 2 1
user/internal/app/user/usecase/usecase.go:102.2,103.16 2 1
user/internal/app/user/usecase/usecase.go:107.2,107.54 1 1
user/internal/app/user/usecase/usecase.go:110.2,110.28 1 1
user/internal/app/user/usecase/usecase.go:113.2,113.49 1 1
user/internal/app/user/usecase/usecase.go:116.2,116.22 1 1
user/internal/app/user/usecase/usecase.go:120.2,120.22 1 1
user/internal/app/user/usecase/usecase.go:124.2,124.25 1 1
user/internal/app/user/usecase/usecase.go:128.2,128.22 1 1
user/internal/app/user/usecase/usecase.go:132.2,132.28 1 1
user/internal/app/user/usecase/usecase.go:136.2,136.43 1 1
user/internal/app/user/usecase/usecase.go:139.2,140.16 2 1
user/internal/app/user/usecase/usecase.go:143.2,143.40 1 1
user/internal/app/user/usecase/usecase.go:159.2,166.8 1 1
user/internal/app/user/usecase/usecase.go:99.16,101.3 1 0
user/internal/app/user/usecase/usecase.go:103.16,105.3 1 0
user/internal/app/user/usecase/usecase.go:107.54,109.3 1 0
user/internal/app/user/usecase/usecase.go:110.28,112.3 1 1
user/internal/app/user/usecase/usecase.go:113.49,115.3 1 0
user/internal/app/user/usecase/usecase.go:116.22,118.3 1 1
user/internal/app/user/usecase/usecase.go:120.22,122.3 1 1
user/internal/app/user/usecase/usecase.go:124.25,126.3 1 0
user/internal/app/user/usecase/usecase.go:128.22,130.3 1 1
user/internal/app/user/usecase/usecase.go:132.28,134.3 1 1
user/internal/app/user/usecase/usecase.go:136.43,138.3 1 1
user/internal/app/user/usecase/usecase.go:140.16,142.3 1 0
user/internal/app/user/usecase/usecase.go:143.40,145.17 2 1
user/internal/app/user/usecase/usecase.go:153.3,154.17 2 1
user/internal/app/user/usecase/usecase.go:145.17,146.39 1 1
user/internal/app/user/usecase/usecase.go:146.39,148.19 2 1
user/internal/app/user/usecase/usecase.go:148.19,150.6 1 0
user/internal/app/user/usecase/usecase.go:154.17,156.4 1 0
user/internal/app/user/usecase/usecase.go:169.114,175.2 1 1
user/pkg/database/postgresql/postgres.go:11.49,13.16 2 0
user/pkg/database/postgresql/postgres.go:16.2,18.8 1 0
user/pkg/database/postgresql/postgres.go:13.16,15.3 1 0
user/pkg/database/postgresql/postgres.go:21.43,23.2 1 0
user/pkg/database/postgresql/postgres.go:25.34,28.2 2 0
user/internal/app/order/mock/mock_repository.go:27.65,31.2 3 0
user/internal/app/order/mock/mock_repository.go:34.63,36.2 1 0
user/internal/app/order/mock/mock_repository.go:39.96,45.2 5 0
user/internal/app/order/mock/mock_repository.go:48.84,51.2 2 0
user/configs/config.go:14.26,19.2 1 0
user/internal/app/user/tools/password.go:14.59,20.2 4 1
user/internal/app/user/tools/password.go:22.47,25.16 3 1
user/internal/app/user/tools/password.go:29.2,30.29 2 1
user/internal/app/user/tools/password.go:33.2,33.12 1 1
user/internal/app/user/tools/password.go:25.16,27.3 1 0
user/internal/app/user/tools/password.go:30.29,32.3 1 1
user/internal/app/user/tools/password.go:36.50,39.16 3 1
user/internal/app/user/tools/password.go:43.2,44.29 2 1
user/internal/app/user/tools/password.go:47.2,47.12 1 1
user/internal/app/user/tools/password.go:39.16,41.3 1 0
user/internal/app/user/tools/password.go:44.29,46.3 1 1
user/internal/app/user/tools/password.go:50.57,53.2 2 1
user/internal/app/user/mock/mock_usecase.go:27.59,31.2 3 0
user/internal/app/user/mock/mock_usecase.go:34.57,36.2 1 0
user/internal/app/user/mock/mock_usecase.go:39.108,45.2 5 0
user/internal/app/user/mock/mock_usecase.go:48.80,51.2 2 0
user/internal/app/user/mock/mock_usecase.go:54.105,60.2 5 0
user/internal/app/user/mock/mock_usecase.go:63.80,66.2 2 0
user/internal/app/user/mock/mock_usecase.go:69.92,75.2 5 0
user/internal/app/user/mock/mock_usecase.go:78.81,81.2 2 0
user/internal/app/user/mock/mock_usecase.go:84.84,89.2 4 0
user/internal/app/user/mock/mock_usecase.go:92.86,95.2 2 0
user/internal/app/user/mock/mock_usecase.go:98.108,104.2 5 0
user/internal/app/user/mock/mock_usecase.go:107.92,110.2 2 0
user/internal/app/user/tools/validation.go:14.55,22.16 2 1
user/internal/app/user/tools/validation.go:25.2,25.12 1 1
user/internal/app/user/tools/validation.go:22.16,24.3 1 1
user/internal/app/user/tools/validation.go:28.58,35.16 2 1
user/internal/app/user/tools/validation.go:38.2,38.12 1 1
user/internal/app/user/tools/validation.go:35.16,37.3 1 0
user/internal/app/review/mock/mock_repository.go:27.65,31.2 3 1
user/internal/app/review/mock/mock_repository.go:34.63,36.2 1 1
user/internal/app/review/mock/mock_repository.go:39.99,45.2 5 0
user/internal/app/review/mock/mock_repository.go:48.83,51.2 2 0
user/internal/app/review/mock/mock_repository.go:54.93,60.2 5 0
user/internal/app/review/mock/mock_repository.go:63.83,66.2 2 0
user/internal/app/review/mock/mock_repository.go:69.113,75.2 5 1
user/internal/app/review/mock/mock_repository.go:78.96,81.2 2 1
user/pkg/error/errortools/tools.go:9.48,10.54 1 0
user/pkg/error/errortools/tools.go:15.2,15.51 1 0
user/pkg/error/errortools/tools.go:18.2,18.58 1 0
user/pkg/error/errortools/tools.go:21.2,21.52 1 0
user/pkg/error/errortools/tools.go:24.2,26.35 1 0
user/pkg/error/errortools/tools.go:10.54,14.3 1 0
user/pkg/error/errortools/tools.go:15.51,17.3 1 0
user/pkg/error/errortools/tools.go:18.58,20.3 1 0
user/pkg/error/errortools/tools.go:21.52,23.3 1 0
user/pkg/error/errortools/validationerror.go:10.73,12.30 2 0
user/pkg/error/errortools/validationerror.go:17.2,17.22 1 0
user/pkg/error/errortools/validationerror.go:12.30,16.3 1 0
user/internal/app/specialize/usecase/usecase.go:14.63,18.2 1 0
user/internal/app/specialize/usecase/usecase.go:20.88,22.16 2 0
user/internal/app/specialize/usecase/usecase.go:25.2,25.16 1 0
user/internal/app/specialize/usecase/usecase.go:22.16,24.3 1 0
user/internal/app/specialize/usecase/usecase.go:28.83,30.16 2 0
user/internal/app/specialize/usecase/usecase.go:33.2,34.16 2 0
user/internal/app/specialize/usecase/usecase.go:37.2,37.12 1 0
user/internal/app/specialize/usecase/usecase.go:30.16,32.3 1 0
user/internal/app/specialize/usecase/usecase.go:34.16,36.3 1 0
user/internal/app/specialize/usecase/usecase.go:40.94,42.16 2 0
user/internal/app/specialize/usecase/usecase.go:48.2,50.28 3 0
user/internal/app/specialize/usecase/usecase.go:55.2,55.16 1 0
user/internal/app/specialize/usecase/usecase.go:58.2,58.12 1 0
user/internal/app/specialize/usecase/usecase.go:42.16,44.17 2 0
user/internal/app/specialize/usecase/usecase.go:44.17,46.4 1 0
user/internal/app/specialize/usecase/usecase.go:50.28,51.28 1 0
user/internal/app/specialize/usecase/usecase.go:51.28,53.4 1 0
user/internal/app/specialize/usecase/usecase.go:55.16,57.3 1 0
