mode: set
user/pkg/error/errortools/sqlerror.go:12.38,13.16 1 0
user/pkg/error/errortools/sqlerror.go:16.2,17.28 2 0
user/pkg/error/errortools/sqlerror.go:22.2,22.35 1 0
user/pkg/error/errortools/sqlerror.go:25.2,25.36 1 0
user/pkg/error/errortools/sqlerror.go:13.16,15.3 1 0
user/pkg/error/errortools/sqlerror.go:17.28,18.58 1 0
user/pkg/error/errortools/sqlerror.go:18.58,20.4 1 0
user/pkg/error/errortools/sqlerror.go:22.35,24.3 1 0
user/pkg/error/errortools/sqlerror.go:33.42,35.89 1 0
user/pkg/error/errortools/sqlerror.go:35.89,39.4 1 0
user/pkg/error/errortools/sqlerror.go:40.93,44.4 1 0
user/pkg/error/errortools/sqlerror.go:45.92,49.4 1 0
user/pkg/error/errortools/sqlerror.go:53.68,55.38 2 0
user/pkg/error/errortools/sqlerror.go:61.2,61.22 1 0
user/pkg/error/errortools/sqlerror.go:55.38,56.36 1 0
user/pkg/error/errortools/sqlerror.go:56.36,59.4 2 0
user/internal/app/user/tools/password.go:14.59,20.2 4 0
user/internal/app/user/tools/password.go:22.47,25.16 3 0
user/internal/app/user/tools/password.go:29.2,30.29 2 0
user/internal/app/user/tools/password.go:33.2,33.12 1 0
user/internal/app/user/tools/password.go:25.16,27.3 1 0
user/internal/app/user/tools/password.go:30.29,32.3 1 0
user/internal/app/user/tools/password.go:36.50,39.16 3 0
user/internal/app/user/tools/password.go:43.2,44.29 2 0
user/internal/app/user/tools/password.go:47.2,47.12 1 0
user/internal/app/user/tools/password.go:39.16,41.3 1 0
user/internal/app/user/tools/password.go:44.29,46.3 1 0
user/internal/app/user/tools/password.go:50.57,53.2 2 0
user/internal/app/session/usecase/usecase.go:13.57,17.2 1 0
user/internal/app/session/usecase/usecase.go:19.101,21.16 2 1
user/internal/app/session/usecase/usecase.go:24.2,24.15 1 1
user/internal/app/session/usecase/usecase.go:21.16,23.3 1 0
user/internal/app/user/mock/mock_usecase.go:27.59,31.2 3 0
user/internal/app/user/mock/mock_usecase.go:34.57,36.2 1 0
user/internal/app/user/mock/mock_usecase.go:39.108,45.2 5 0
user/internal/app/user/mock/mock_usecase.go:48.80,51.2 2 0
user/internal/app/user/mock/mock_usecase.go:54.105,60.2 5 0
user/internal/app/user/mock/mock_usecase.go:63.80,66.2 2 0
user/internal/app/user/mock/mock_usecase.go:69.92,75.2 5 0
user/internal/app/user/mock/mock_usecase.go:78.81,81.2 2 0
user/internal/app/user/mock/mock_usecase.go:84.84,89.2 4 0
user/internal/app/user/mock/mock_usecase.go:92.86,95.2 2 0
user/internal/app/user/mock/mock_usecase.go:98.108,104.2 5 0
user/internal/app/user/mock/mock_usecase.go:107.92,110.2 2 0
user/pkg/error/errortools/tools.go:9.48,10.54 1 0
user/pkg/error/errortools/tools.go:15.2,15.51 1 0
user/pkg/error/errortools/tools.go:18.2,18.58 1 0
user/pkg/error/errortools/tools.go:21.2,21.52 1 0
user/pkg/error/errortools/tools.go:24.2,26.35 1 0
user/pkg/error/errortools/tools.go:10.54,14.3 1 0
user/pkg/error/errortools/tools.go:15.51,17.3 1 0
user/pkg/error/errortools/tools.go:18.58,20.3 1 0
user/pkg/error/errortools/tools.go:21.52,23.3 1 0
user/internal/app/specialize/repository/repository.go:17.95,20.48 3 0
user/internal/app/specialize/repository/repository.go:24.2,24.25 1 0
user/internal/app/specialize/repository/repository.go:20.48,23.3 2 0
user/internal/app/specialize/repository/repository.go:27.85,31.16 3 0
user/internal/app/specialize/repository/repository.go:35.2,35.16 1 0
user/internal/app/specialize/repository/repository.go:31.16,34.3 2 0
user/internal/app/specialize/repository/repository.go:48.83,51.16 3 0
user/internal/app/specialize/repository/repository.go:55.2,55.27 1 0
user/internal/app/specialize/repository/repository.go:51.16,54.3 2 0
user/internal/app/specialize/repository/repository.go:58.111,65.16 2 0
user/internal/app/specialize/repository/repository.go:69.2,69.12 1 0
user/internal/app/specialize/repository/repository.go:65.16,68.3 2 0
user/internal/app/specialize/repository/repository.go:81.115,83.16 2 0
user/internal/app/specialize/repository/repository.go:87.2,87.12 1 0
user/internal/app/specialize/repository/repository.go:83.16,86.3 2 0
user/cmd/main.go:44.13,46.2 1 1
user/cmd/main.go:48.13,52.16 4 0
user/cmd/main.go:56.2,56.51 1 0
user/cmd/main.go:60.2,61.16 2 0
user/cmd/main.go:64.2,64.15 1 0
user/cmd/main.go:70.2,87.16 3 0
user/cmd/main.go:91.2,110.16 7 0
user/cmd/main.go:113.2,121.16 3 0
user/cmd/main.go:124.2,166.12 30 0
user/cmd/main.go:181.2,186.16 5 0
user/cmd/main.go:190.2,191.35 2 0
user/cmd/main.go:52.16,54.3 1 0
user/cmd/main.go:56.51,58.3 1 0
user/cmd/main.go:61.16,63.3 1 0
user/cmd/main.go:64.15,65.42 1 0
user/cmd/main.go:65.42,67.4 1 0
user/cmd/main.go:87.16,89.3 1 0
user/cmd/main.go:110.16,112.3 1 0
user/cmd/main.go:121.16,123.3 1 0
user/cmd/main.go:166.12,167.19 1 0
user/cmd/main.go:175.3,176.49 2 0
user/cmd/main.go:167.19,171.72 2 0
user/cmd/main.go:171.72,173.5 1 0
user/cmd/main.go:176.49,178.4 1 0
user/cmd/main.go:186.16,188.3 1 0
user/cmd/main.go:191.35,193.3 1 0
user/pkg/error/errortools/grpcerror.go:17.56,18.45 1 0
user/pkg/error/errortools/grpcerror.go:26.2,26.22 1 0
user/pkg/error/errortools/grpcerror.go:18.45,19.26 1 0
user/pkg/error/errortools/grpcerror.go:24.3,24.48 1 0
user/pkg/error/errortools/grpcerror.go:19.26,23.4 1 0
user/internal/app/specialize/usecase/usecase.go:14.63,18.2 1 0
user/internal/app/specialize/usecase/usecase.go:20.88,22.16 2 0
user/internal/app/specialize/usecase/usecase.go:25.2,25.16 1 0
user/internal/app/specialize/usecase/usecase.go:22.16,24.3 1 0
user/internal/app/specialize/usecase/usecase.go:28.83,30.16 2 0
user/internal/app/specialize/usecase/usecase.go:33.2,34.16 2 0
user/internal/app/specialize/usecase/usecase.go:37.2,37.12 1 0
user/internal/app/specialize/usecase/usecase.go:30.16,32.3 1 0
user/internal/app/specialize/usecase/usecase.go:34.16,36.3 1 0
user/internal/app/specialize/usecase/usecase.go:40.94,42.16 2 0
user/internal/app/specialize/usecase/usecase.go:48.2,50.28 3 0
user/internal/app/specialize/usecase/usecase.go:55.2,55.16 1 0
user/internal/app/specialize/usecase/usecase.go:58.2,58.12 1 0
user/internal/app/specialize/usecase/usecase.go:42.16,44.17 2 0
user/internal/app/specialize/usecase/usecase.go:44.17,46.4 1 0
user/internal/app/specialize/usecase/usecase.go:50.28,51.28 1 0
user/internal/app/specialize/usecase/usecase.go:51.28,53.4 1 0
user/internal/app/specialize/usecase/usecase.go:55.16,57.3 1 0
user/internal/app/user/usecase/usecase.go:20.82,22.16 2 0
user/internal/app/user/usecase/usecase.go:25.2,25.12 1 0
user/internal/app/user/usecase/usecase.go:22.16,24.3 1 0
user/internal/app/user/usecase/usecase.go:28.106,29.57 1 0
user/internal/app/user/usecase/usecase.go:32.2,32.49 1 0
user/internal/app/user/usecase/usecase.go:35.2,36.16 2 0
user/internal/app/user/usecase/usecase.go:40.2,40.40 1 0
user/internal/app/user/usecase/usecase.go:56.2,59.8 1 0
user/internal/app/user/usecase/usecase.go:29.57,31.3 1 0
user/internal/app/user/usecase/usecase.go:32.49,34.3 1 0
user/internal/app/user/usecase/usecase.go:36.16,38.3 1 0
user/internal/app/user/usecase/usecase.go:40.40,42.17 2 0
user/internal/app/user/usecase/usecase.go:50.3,51.17 2 0
user/internal/app/user/usecase/usecase.go:42.17,43.48 1 0
user/internal/app/user/usecase/usecase.go:43.48,45.19 2 0
user/internal/app/user/usecase/usecase.go:45.19,47.6 1 0
user/internal/app/user/usecase/usecase.go:51.17,53.4 1 0
user/internal/app/user/usecase/usecase.go:62.121,64.16 2 0
user/internal/app/user/usecase/usecase.go:67.2,67.46 1 0
user/internal/app/user/usecase/usecase.go:71.2,74.8 1 0
user/internal/app/user/usecase/usecase.go:64.16,66.3 1 0
user/internal/app/user/usecase/usecase.go:67.46,69.3 1 0
user/internal/app/user/usecase/usecase.go:77.91,79.16 2 0
user/internal/app/user/usecase/usecase.go:82.2,82.19 1 0
user/internal/app/user/usecase/usecase.go:88.2,89.16 2 0
user/internal/app/user/usecase/usecase.go:92.2,94.18 3 0
user/internal/app/user/usecase/usecase.go:79.16,81.3 1 0
user/internal/app/user/usecase/usecase.go:82.19,84.17 2 0
user/internal/app/user/usecase/usecase.go:84.17,86.4 1 0
user/internal/app/user/usecase/usecase.go:89.16,91.3 1 0
user/internal/app/user/usecase/usecase.go:97.109,99.16 2 0
user/internal/app/user/usecase/usecase.go:102.2,103.16 2 0
user/internal/app/user/usecase/usecase.go:107.2,107.54 1 0
user/internal/app/user/usecase/usecase.go:110.2,110.28 1 0
user/internal/app/user/usecase/usecase.go:113.2,113.49 1 0
user/internal/app/user/usecase/usecase.go:116.2,116.22 1 0
user/internal/app/user/usecase/usecase.go:120.2,120.22 1 0
user/internal/app/user/usecase/usecase.go:124.2,124.25 1 0
user/internal/app/user/usecase/usecase.go:128.2,128.22 1 0
user/internal/app/user/usecase/usecase.go:132.2,132.28 1 0
user/internal/app/user/usecase/usecase.go:136.2,136.43 1 0
user/internal/app/user/usecase/usecase.go:139.2,140.16 2 0
user/internal/app/user/usecase/usecase.go:143.2,143.40 1 0
user/internal/app/user/usecase/usecase.go:159.2,166.8 1 0
user/internal/app/user/usecase/usecase.go:99.16,101.3 1 0
user/internal/app/user/usecase/usecase.go:103.16,105.3 1 0
user/internal/app/user/usecase/usecase.go:107.54,109.3 1 0
user/internal/app/user/usecase/usecase.go:110.28,112.3 1 0
user/internal/app/user/usecase/usecase.go:113.49,115.3 1 0
user/internal/app/user/usecase/usecase.go:116.22,118.3 1 0
user/internal/app/user/usecase/usecase.go:120.22,122.3 1 0
user/internal/app/user/usecase/usecase.go:124.25,126.3 1 0
user/internal/app/user/usecase/usecase.go:128.22,130.3 1 0
user/internal/app/user/usecase/usecase.go:132.28,134.3 1 0
user/internal/app/user/usecase/usecase.go:136.43,138.3 1 0
user/internal/app/user/usecase/usecase.go:140.16,142.3 1 0
user/internal/app/user/usecase/usecase.go:143.40,145.17 2 0
user/internal/app/user/usecase/usecase.go:153.3,154.17 2 0
user/internal/app/user/usecase/usecase.go:145.17,146.39 1 0
user/internal/app/user/usecase/usecase.go:146.39,148.19 2 0
user/internal/app/user/usecase/usecase.go:148.19,150.6 1 0
user/internal/app/user/usecase/usecase.go:154.17,156.4 1 0
user/internal/app/user/usecase/usecase.go:169.114,175.2 1 0
user/internal/app/user/mock/mock_repository.go:27.65,31.2 3 0
user/internal/app/user/mock/mock_repository.go:34.63,36.2 1 0
user/internal/app/user/mock/mock_repository.go:39.86,44.2 4 0
user/internal/app/user/mock/mock_repository.go:47.83,50.2 2 0
user/internal/app/user/mock/mock_repository.go:53.93,59.2 5 0
user/internal/app/user/mock/mock_repository.go:62.83,65.2 2 0
user/internal/app/user/mock/mock_repository.go:68.103,74.2 5 0
user/internal/app/user/mock/mock_repository.go:77.92,80.2 2 0
user/internal/app/user/mock/mock_repository.go:83.100,89.2 5 0
user/internal/app/user/mock/mock_repository.go:92.89,95.2 2 0
user/internal/app/user/mock/mock_repository.go:98.91,103.2 4 0
user/internal/app/user/mock/mock_repository.go:106.93,109.2 2 0
user/internal/app/order/repository/repository.go:13.46,17.2 1 0
user/internal/app/order/repository/repository.go:19.89,23.16 2 0
user/internal/app/order/repository/repository.go:26.2,34.8 1 0
user/internal/app/order/repository/repository.go:23.16,25.3 1 0
user/pkg/error/errortools/validationerror.go:10.73,12.30 2 0
user/pkg/error/errortools/validationerror.go:17.2,17.22 1 0
user/pkg/error/errortools/validationerror.go:12.30,16.3 1 0
user/pkg/metric/metric.go:19.12,30.2 4 0
user/pkg/metric/metric.go:32.63,35.2 2 0
user/pkg/metric/metric.go:37.52,39.2 1 0
user/pkg/metric/metric.go:41.36,42.16 1 0
user/pkg/metric/metric.go:42.16,44.3 1 0
user/internal/app/session/repository/repository.go:14.48,18.2 1 0
user/internal/app/session/repository/repository.go:20.98,26.16 4 0
user/internal/app/session/repository/repository.go:29.2,32.8 1 0
user/internal/app/session/repository/repository.go:26.16,28.3 1 0
user/internal/app/user/handlers/httphandlers.go:22.46,26.2 1 0
user/internal/app/user/handlers/httphandlers.go:28.74,33.16 4 0
user/internal/app/user/handlers/httphandlers.go:37.2,38.58 2 0
user/internal/app/user/handlers/httphandlers.go:42.2,44.16 3 0
user/internal/app/user/handlers/httphandlers.go:48.2,48.57 1 0
user/internal/app/user/handlers/httphandlers.go:33.16,36.3 2 0
user/internal/app/user/handlers/httphandlers.go:38.58,41.3 2 0
user/internal/app/user/handlers/httphandlers.go:44.16,47.3 2 0
user/internal/app/user/handlers/httphandlers.go:51.72,56.16 4 0
user/internal/app/user/handlers/httphandlers.go:60.2,61.16 2 0
user/internal/app/user/handlers/httphandlers.go:65.2,65.50 1 0
user/internal/app/user/handlers/httphandlers.go:56.16,59.3 2 0
user/internal/app/user/handlers/httphandlers.go:61.16,64.3 2 0
user/pkg/logger/loger.go:9.38,10.24 1 0
user/pkg/logger/loger.go:20.2,20.12 1 0
user/pkg/logger/loger.go:10.24,12.3 1 0
user/pkg/logger/loger.go:12.8,14.17 2 0
user/pkg/logger/loger.go:17.3,17.31 1 0
user/pkg/logger/loger.go:14.17,16.4 1 0
user/pkg/logger/loger.go:23.64,29.2 1 0
user/pkg/logger/loger.go:31.46,36.2 1 0
user/pkg/logger/loger.go:38.44,43.2 1 0
user/internal/app/user/tools/validation.go:14.55,22.16 2 0
user/internal/app/user/tools/validation.go:25.2,25.12 1 0
user/internal/app/user/tools/validation.go:22.16,24.3 1 0
user/internal/app/user/tools/validation.go:28.58,35.16 2 0
user/internal/app/user/tools/validation.go:38.2,38.12 1 0
user/internal/app/user/tools/validation.go:35.16,37.3 1 0
user/internal/app/specialize/mock/mock_repository.go:27.65,31.2 3 0
user/internal/app/specialize/mock/mock_repository.go:34.63,36.2 1 0
user/internal/app/specialize/mock/mock_repository.go:39.105,44.2 4 0
user/internal/app/specialize/mock/mock_repository.go:47.114,50.2 2 0
user/internal/app/specialize/mock/mock_repository.go:53.84,59.2 5 0
user/internal/app/specialize/mock/mock_repository.go:62.83,65.2 2 0
user/internal/app/specialize/mock/mock_repository.go:68.88,74.2 5 0
user/internal/app/specialize/mock/mock_repository.go:77.87,80.2 2 0
user/internal/app/specialize/mock/mock_repository.go:83.98,89.2 5 0
user/internal/app/specialize/mock/mock_repository.go:92.89,95.2 2 0
user/internal/app/specialize/mock/mock_repository.go:98.111,103.2 4 0
user/internal/app/specialize/mock/mock_repository.go:106.120,109.2 2 0
user/api/api.pb.go:31.39,33.29 2 0
user/api/api.pb.go:33.29,37.3 3 0
user/api/api.pb.go:40.47,42.2 1 0
user/api/api.pb.go:44.45,44.46 0 0
user/api/api.pb.go:46.67,48.41 2 0
user/api/api.pb.go:55.2,55.24 1 0
user/api/api.pb.go:48.41,50.34 2 0
user/api/api.pb.go:53.3,53.12 1 0
user/api/api.pb.go:50.34,52.4 1 0
user/api/api.pb.go:59.58,61.2 1 0
user/api/api.pb.go:63.53,64.14 1 0
user/api/api.pb.go:67.2,67.11 1 0
user/api/api.pb.go:64.14,66.3 1 0
user/api/api.pb.go:79.40,81.29 2 0
user/api/api.pb.go:81.29,85.3 3 0
user/api/api.pb.go:88.48,90.2 1 0
user/api/api.pb.go:92.46,92.47 0 0
user/api/api.pb.go:94.68,96.41 2 0
user/api/api.pb.go:103.2,103.24 1 0
user/api/api.pb.go:96.41,98.34 2 0
user/api/api.pb.go:101.3,101.12 1 0
user/api/api.pb.go:98.34,100.4 1 0
user/api/api.pb.go:107.59,109.2 1 0
user/api/api.pb.go:111.47,112.14 1 0
user/api/api.pb.go:115.2,115.10 1 0
user/api/api.pb.go:112.14,114.3 1 0
user/api/api.pb.go:118.51,119.14 1 0
user/api/api.pb.go:122.2,122.14 1 0
user/api/api.pb.go:119.14,121.3 1 0
user/api/api.pb.go:149.42,150.39 1 0
user/api/api.pb.go:153.2,153.35 1 0
user/api/api.pb.go:150.39,152.3 1 0
user/api/api.pb.go:171.13,171.38 1 1
user/api/api.pb.go:172.28,173.27 1 1
user/api/api.pb.go:176.2,176.30 1 1
user/api/api.pb.go:202.2,219.30 6 1
user/api/api.pb.go:173.27,175.3 1 0
user/api/api.pb.go:176.30,177.80 1 0
user/api/api.pb.go:189.3,189.80 1 0
user/api/api.pb.go:177.80,178.44 1 0
user/api/api.pb.go:179.11,180.20 1 0
user/api/api.pb.go:181.11,182.24 1 0
user/api/api.pb.go:183.11,184.28 1 0
user/api/api.pb.go:185.12,186.15 1 0
user/api/api.pb.go:189.80,190.45 1 0
user/api/api.pb.go:191.11,192.20 1 0
user/api/api.pb.go:193.11,194.24 1 0
user/api/api.pb.go:195.11,196.28 1 0
user/api/api.pb.go:197.12,198.15 1 0
user/api/user.pb.go:37.34,39.29 2 0
user/api/user.pb.go:39.29,43.3 3 0
user/api/user.pb.go:46.42,48.2 1 0
user/api/user.pb.go:50.40,50.41 0 0
user/api/user.pb.go:52.62,54.41 2 0
user/api/user.pb.go:61.2,61.24 1 0
user/api/user.pb.go:54.41,56.34 2 0
user/api/user.pb.go:59.3,59.12 1 0
user/api/user.pb.go:56.34,58.4 1 0
user/api/user.pb.go:65.53,67.2 1 0
user/api/user.pb.go:69.44,70.14 1 0
user/api/user.pb.go:73.2,73.11 1 0
user/api/user.pb.go:70.14,72.3 1 0
user/api/user.pb.go:76.44,77.14 1 0
user/api/user.pb.go:80.2,80.11 1 0
user/api/user.pb.go:77.14,79.3 1 0
user/api/user.pb.go:83.50,84.14 1 0
user/api/user.pb.go:87.2,87.11 1 0
user/api/user.pb.go:84.14,86.3 1 0
user/api/user.pb.go:90.47,91.14 1 0
user/api/user.pb.go:94.2,94.11 1 0
user/api/user.pb.go:91.14,93.3 1 0
user/api/user.pb.go:97.44,98.14 1 0
user/api/user.pb.go:101.2,101.11 1 0
user/api/user.pb.go:98.14,100.3 1 0
user/api/user.pb.go:104.52,105.14 1 0
user/api/user.pb.go:108.2,108.12 1 0
user/api/user.pb.go:105.14,107.3 1 0
user/api/user.pb.go:111.44,112.14 1 0
user/api/user.pb.go:115.2,115.10 1 0
user/api/user.pb.go:112.14,114.3 1 0
user/api/user.pb.go:127.32,129.29 2 0
user/api/user.pb.go:129.29,133.3 3 0
user/api/user.pb.go:136.40,138.2 1 0
user/api/user.pb.go:140.38,140.39 0 0
user/api/user.pb.go:142.60,144.41 2 0
user/api/user.pb.go:151.2,151.24 1 0
user/api/user.pb.go:144.41,146.34 2 0
user/api/user.pb.go:149.3,149.12 1 0
user/api/user.pb.go:146.34,148.4 1 0
user/api/user.pb.go:155.51,157.2 1 0
user/api/user.pb.go:159.39,160.14 1 0
user/api/user.pb.go:163.2,163.10 1 0
user/api/user.pb.go:160.14,162.3 1 0
user/api/user.pb.go:166.43,167.14 1 0
user/api/user.pb.go:170.2,170.14 1 0
user/api/user.pb.go:167.14,169.3 1 0
user/api/user.pb.go:183.44,185.29 2 0
user/api/user.pb.go:185.29,189.3 3 0
user/api/user.pb.go:192.52,194.2 1 0
user/api/user.pb.go:196.50,196.51 0 0
user/api/user.pb.go:198.72,200.41 2 0
user/api/user.pb.go:207.2,207.24 1 0
user/api/user.pb.go:200.41,202.34 2 0
user/api/user.pb.go:205.3,205.12 1 0
user/api/user.pb.go:202.34,204.4 1 0
user/api/user.pb.go:211.63,213.2 1 0
user/api/user.pb.go:215.54,216.14 1 0
user/api/user.pb.go:219.2,219.11 1 0
user/api/user.pb.go:216.14,218.3 1 0
user/api/user.pb.go:222.57,223.14 1 0
user/api/user.pb.go:226.2,226.11 1 0
user/api/user.pb.go:223.14,225.3 1 0
user/api/user.pb.go:229.54,230.14 1 0
user/api/user.pb.go:233.2,233.10 1 0
user/api/user.pb.go:230.14,232.3 1 0
user/api/user.pb.go:245.31,247.29 2 0
user/api/user.pb.go:247.29,251.3 3 0
user/api/user.pb.go:254.39,256.2 1 0
user/api/user.pb.go:258.37,258.38 0 0
user/api/user.pb.go:260.59,262.41 2 0
user/api/user.pb.go:269.2,269.24 1 0
user/api/user.pb.go:262.41,264.34 2 0
user/api/user.pb.go:267.3,267.12 1 0
user/api/user.pb.go:264.34,266.4 1 0
user/api/user.pb.go:273.50,275.2 1 0
user/api/user.pb.go:277.38,278.14 1 0
user/api/user.pb.go:281.2,281.10 1 0
user/api/user.pb.go:278.14,280.3 1 0
user/api/user.pb.go:284.41,285.14 1 0
user/api/user.pb.go:288.2,288.10 1 0
user/api/user.pb.go:285.14,287.3 1 0
user/api/user.pb.go:306.36,308.29 2 0
user/api/user.pb.go:308.29,312.3 3 0
user/api/user.pb.go:315.44,317.2 1 0
user/api/user.pb.go:319.42,319.43 0 0
user/api/user.pb.go:321.64,323.41 2 0
user/api/user.pb.go:330.2,330.24 1 0
user/api/user.pb.go:323.41,325.34 2 0
user/api/user.pb.go:328.3,328.12 1 0
user/api/user.pb.go:325.34,327.4 1 0
user/api/user.pb.go:334.55,336.2 1 0
user/api/user.pb.go:338.46,339.14 1 0
user/api/user.pb.go:342.2,342.11 1 0
user/api/user.pb.go:339.14,341.3 1 0
user/api/user.pb.go:345.46,346.14 1 0
user/api/user.pb.go:349.2,349.11 1 0
user/api/user.pb.go:346.14,348.3 1 0
user/api/user.pb.go:352.52,353.14 1 0
user/api/user.pb.go:356.2,356.11 1 0
user/api/user.pb.go:353.14,355.3 1 0
user/api/user.pb.go:359.46,360.14 1 0
user/api/user.pb.go:363.2,363.11 1 0
user/api/user.pb.go:360.14,362.3 1 0
user/api/user.pb.go:366.54,367.14 1 0
user/api/user.pb.go:370.2,370.12 1 0
user/api/user.pb.go:367.14,369.3 1 0
user/api/user.pb.go:373.47,374.14 1 0
user/api/user.pb.go:377.2,377.14 1 0
user/api/user.pb.go:374.14,376.3 1 0
user/api/user.pb.go:380.44,381.14 1 0
user/api/user.pb.go:384.2,384.11 1 0
user/api/user.pb.go:381.14,383.3 1 0
user/api/user.pb.go:387.46,388.14 1 0
user/api/user.pb.go:391.2,391.10 1 0
user/api/user.pb.go:388.14,390.3 1 0
user/api/user.pb.go:402.45,404.29 2 0
user/api/user.pb.go:404.29,408.3 3 0
user/api/user.pb.go:411.53,413.2 1 0
user/api/user.pb.go:415.51,415.52 0 0
user/api/user.pb.go:417.73,419.41 2 0
user/api/user.pb.go:426.2,426.24 1 0
user/api/user.pb.go:419.41,421.34 2 0
user/api/user.pb.go:424.3,424.12 1 0
user/api/user.pb.go:421.34,423.4 1 0
user/api/user.pb.go:430.64,432.2 1 0
user/api/user.pb.go:434.63,435.14 1 0
user/api/user.pb.go:438.2,438.12 1 0
user/api/user.pb.go:435.14,437.3 1 0
user/api/user.pb.go:451.36,453.29 2 0
user/api/user.pb.go:453.29,457.3 3 0
user/api/user.pb.go:460.44,462.2 1 0
user/api/user.pb.go:464.42,464.43 0 0
user/api/user.pb.go:466.64,468.41 2 0
user/api/user.pb.go:475.2,475.24 1 0
user/api/user.pb.go:468.41,470.34 2 0
user/api/user.pb.go:473.3,473.12 1 0
user/api/user.pb.go:470.34,472.4 1 0
user/api/user.pb.go:479.55,481.2 1 0
user/api/user.pb.go:483.43,484.14 1 0
user/api/user.pb.go:487.2,487.10 1 0
user/api/user.pb.go:484.14,486.3 1 0
user/api/user.pb.go:490.47,491.14 1 0
user/api/user.pb.go:494.2,494.11 1 0
user/api/user.pb.go:491.14,493.3 1 0
user/api/user.pb.go:497.46,498.14 1 0
user/api/user.pb.go:501.2,501.10 1 0
user/api/user.pb.go:498.14,500.3 1 0
user/api/user.pb.go:512.37,514.29 2 0
user/api/user.pb.go:514.29,518.3 3 0
user/api/user.pb.go:521.45,523.2 1 0
user/api/user.pb.go:525.43,525.44 0 0
user/api/user.pb.go:527.65,529.41 2 0
user/api/user.pb.go:536.2,536.24 1 0
user/api/user.pb.go:529.41,531.34 2 0
user/api/user.pb.go:534.3,534.12 1 0
user/api/user.pb.go:531.34,533.4 1 0
user/api/user.pb.go:540.56,542.2 1 0
user/api/user.pb.go:544.52,545.14 1 0
user/api/user.pb.go:548.2,548.14 1 0
user/api/user.pb.go:545.14,547.3 1 0
user/api/user.pb.go:635.43,636.40 1 0
user/api/user.pb.go:639.2,639.36 1 0
user/api/user.pb.go:636.40,638.3 1 0
user/api/user.pb.go:671.13,671.39 1 1
user/api/user.pb.go:672.29,673.28 1 1
user/api/user.pb.go:676.2,676.30 1 1
user/api/user.pb.go:774.2,791.31 6 1
user/api/user.pb.go:673.28,675.3 1 0
user/api/user.pb.go:676.30,677.81 1 0
user/api/user.pb.go:689.3,689.81 1 0
user/api/user.pb.go:701.3,701.81 1 0
user/api/user.pb.go:713.3,713.81 1 0
user/api/user.pb.go:725.3,725.81 1 0
user/api/user.pb.go:737.3,737.81 1 0
user/api/user.pb.go:749.3,749.81 1 0
user/api/user.pb.go:761.3,761.81 1 0
user/api/user.pb.go:677.81,678.39 1 0
user/api/user.pb.go:679.11,680.20 1 0
user/api/user.pb.go:681.11,682.24 1 0
user/api/user.pb.go:683.11,684.28 1 0
user/api/user.pb.go:685.12,686.15 1 0
user/api/user.pb.go:689.81,690.37 1 0
user/api/user.pb.go:691.11,692.20 1 0
user/api/user.pb.go:693.11,694.24 1 0
user/api/user.pb.go:695.11,696.28 1 0
user/api/user.pb.go:697.12,698.15 1 0
user/api/user.pb.go:701.81,702.49 1 0
user/api/user.pb.go:703.11,704.20 1 0
user/api/user.pb.go:705.11,706.24 1 0
user/api/user.pb.go:707.11,708.28 1 0
user/api/user.pb.go:709.12,710.15 1 0
user/api/user.pb.go:713.81,714.36 1 0
user/api/user.pb.go:715.11,716.20 1 0
user/api/user.pb.go:717.11,718.24 1 0
user/api/user.pb.go:719.11,720.28 1 0
user/api/user.pb.go:721.12,722.15 1 0
user/api/user.pb.go:725.81,726.41 1 0
user/api/user.pb.go:727.11,728.20 1 0
user/api/user.pb.go:729.11,730.24 1 0
user/api/user.pb.go:731.11,732.28 1 0
user/api/user.pb.go:733.12,734.15 1 0
user/api/user.pb.go:737.81,738.50 1 0
user/api/user.pb.go:739.11,740.20 1 0
user/api/user.pb.go:741.11,742.24 1 0
user/api/user.pb.go:743.11,744.28 1 0
user/api/user.pb.go:745.12,746.15 1 0
user/api/user.pb.go:749.81,750.41 1 0
user/api/user.pb.go:751.11,752.20 1 0
user/api/user.pb.go:753.11,754.24 1 0
user/api/user.pb.go:755.11,756.28 1 0
user/api/user.pb.go:757.12,758.15 1 0
user/api/user.pb.go:761.81,762.42 1 0
user/api/user.pb.go:763.11,764.20 1 0
user/api/user.pb.go:765.11,766.24 1 0
user/api/user.pb.go:767.11,768.28 1 0
user/api/user.pb.go:769.12,770.15 1 0
user/internal/app/review/repository/repository.go:15.96,24.16 3 0
user/internal/app/review/repository/repository.go:28.2,29.21 2 0
user/internal/app/review/repository/repository.go:24.16,27.3 2 0
user/internal/app/review/repository/repository.go:32.90,35.16 3 0
user/internal/app/review/repository/repository.go:39.2,39.21 1 0
user/internal/app/review/repository/repository.go:35.16,38.3 2 0
user/internal/app/review/repository/repository.go:42.110,45.16 3 0
user/internal/app/review/repository/repository.go:52.2,52.28 1 0
user/internal/app/review/repository/repository.go:45.16,46.78 1 0
user/internal/app/review/repository/repository.go:49.3,50.50 2 0
user/internal/app/review/repository/repository.go:46.78,48.4 1 0
user/internal/app/review/usecase/usecase.go:17.121,23.2 1 0
user/internal/app/review/usecase/usecase.go:25.99,27.16 2 0
user/internal/app/review/usecase/usecase.go:30.2,30.21 1 0
user/internal/app/review/usecase/usecase.go:27.16,29.3 1 0
user/internal/app/review/usecase/usecase.go:33.111,35.16 2 0
user/internal/app/review/usecase/usecase.go:38.2,38.32 1 0
user/internal/app/review/usecase/usecase.go:51.2,52.16 2 0
user/internal/app/review/usecase/usecase.go:55.2,55.20 1 0
user/internal/app/review/usecase/usecase.go:62.2,66.7 1 0
user/internal/app/review/usecase/usecase.go:35.16,37.3 1 0
user/internal/app/review/usecase/usecase.go:38.32,40.17 2 0
user/internal/app/review/usecase/usecase.go:43.3,46.17 4 0
user/internal/app/review/usecase/usecase.go:49.3,49.44 1 0
user/internal/app/review/usecase/usecase.go:40.17,42.4 1 0
user/internal/app/review/usecase/usecase.go:46.17,48.4 1 0
user/internal/app/review/usecase/usecase.go:52.16,54.3 1 0
user/internal/app/review/usecase/usecase.go:55.20,61.3 1 0
user/internal/app/specialize/handler/httphandlers.go:24.83,29.2 1 0
user/internal/app/specialize/handler/httphandlers.go:31.66,37.16 4 0
user/internal/app/specialize/handler/httphandlers.go:41.2,42.58 2 0
user/internal/app/specialize/handler/httphandlers.go:46.2,47.16 2 0
user/internal/app/specialize/handler/httphandlers.go:51.2,51.42 1 0
user/internal/app/specialize/handler/httphandlers.go:37.16,40.3 2 0
user/internal/app/specialize/handler/httphandlers.go:42.58,45.3 2 0
user/internal/app/specialize/handler/httphandlers.go:47.16,50.3 2 0
user/internal/app/specialize/handler/httphandlers.go:54.66,60.16 4 0
user/internal/app/specialize/handler/httphandlers.go:64.2,65.57 2 0
user/internal/app/specialize/handler/httphandlers.go:69.2,70.16 2 0
user/internal/app/specialize/handler/httphandlers.go:74.2,75.16 2 0
user/internal/app/specialize/handler/httphandlers.go:79.2,79.40 1 0
user/internal/app/specialize/handler/httphandlers.go:60.16,63.3 2 0
user/internal/app/specialize/handler/httphandlers.go:65.57,68.3 2 0
user/internal/app/specialize/handler/httphandlers.go:70.16,73.3 2 0
user/internal/app/specialize/handler/httphandlers.go:75.16,78.3 2 0
user/internal/app/user/handlers/grpchandlers.go:19.58,23.2 1 0
user/internal/app/user/handlers/grpchandlers.go:25.111,36.16 3 0
user/internal/app/user/handlers/grpchandlers.go:49.2,52.8 1 0
user/internal/app/user/handlers/grpchandlers.go:36.16,40.21 4 0
user/internal/app/user/handlers/grpchandlers.go:43.3,46.35 1 0
user/internal/app/user/handlers/grpchandlers.go:40.21,42.4 1 0
user/internal/app/user/handlers/grpchandlers.go:55.122,57.16 2 0
user/internal/app/user/handlers/grpchandlers.go:69.2,72.8 1 0
user/internal/app/user/handlers/grpchandlers.go:57.16,61.21 4 0
user/internal/app/user/handlers/grpchandlers.go:64.3,67.50 1 0
user/internal/app/user/handlers/grpchandlers.go:61.21,63.4 1 0
user/internal/app/user/handlers/grpchandlers.go:75.107,77.16 2 0
user/internal/app/user/handlers/grpchandlers.go:95.2,104.8 1 0
user/internal/app/user/handlers/grpchandlers.go:77.16,81.21 4 0
user/internal/app/user/handlers/grpchandlers.go:84.3,93.50 1 0
user/internal/app/user/handlers/grpchandlers.go:81.21,83.4 1 0
user/internal/app/user/handlers/grpchandlers.go:107.126,110.2 1 0
user/internal/app/user/handlers/grpchandlers.go:112.111,114.16 2 0
user/internal/app/user/handlers/grpchandlers.go:123.2,123.56 1 0
user/internal/app/user/handlers/grpchandlers.go:114.16,118.21 4 0
user/internal/app/user/handlers/grpchandlers.go:121.3,121.99 1 0
user/internal/app/user/handlers/grpchandlers.go:118.21,120.4 1 0
user/configs/config.go:14.26,19.2 1 0
user/internal/app/review/mock/mock_repository.go:27.65,31.2 3 0
user/internal/app/review/mock/mock_repository.go:34.63,36.2 1 0
user/internal/app/review/mock/mock_repository.go:39.99,45.2 5 0
user/internal/app/review/mock/mock_repository.go:48.83,51.2 2 0
user/internal/app/review/mock/mock_repository.go:54.93,60.2 5 0
user/internal/app/review/mock/mock_repository.go:63.83,66.2 2 0
user/internal/app/review/mock/mock_repository.go:69.113,75.2 5 0
user/internal/app/review/mock/mock_repository.go:78.96,81.2 2 0
user/api/order.pb.go:31.32,33.29 2 0
user/api/order.pb.go:33.29,37.3 3 0
user/api/order.pb.go:40.40,42.2 1 0
user/api/order.pb.go:44.38,44.39 0 0
user/api/order.pb.go:46.60,48.41 2 0
user/api/order.pb.go:55.2,55.24 1 0
user/api/order.pb.go:48.41,50.34 2 0
user/api/order.pb.go:53.3,53.12 1 0
user/api/order.pb.go:50.34,52.4 1 0
user/api/order.pb.go:59.51,61.2 1 0
user/api/order.pb.go:63.39,64.14 1 0
user/api/order.pb.go:67.2,67.10 1 0
user/api/order.pb.go:64.14,66.3 1 0
user/api/order.pb.go:84.37,86.29 2 0
user/api/order.pb.go:86.29,90.3 3 0
user/api/order.pb.go:93.45,95.2 1 0
user/api/order.pb.go:97.43,97.44 0 0
user/api/order.pb.go:99.65,101.41 2 0
user/api/order.pb.go:108.2,108.24 1 0
user/api/order.pb.go:101.41,103.34 2 0
user/api/order.pb.go:106.3,106.12 1 0
user/api/order.pb.go:103.34,105.4 1 0
user/api/order.pb.go:112.56,114.2 1 0
user/api/order.pb.go:116.51,117.14 1 0
user/api/order.pb.go:120.2,120.11 1 0
user/api/order.pb.go:117.14,119.3 1 0
user/api/order.pb.go:123.52,124.14 1 0
user/api/order.pb.go:127.2,127.10 1 0
user/api/order.pb.go:124.14,126.3 1 0
user/api/order.pb.go:130.52,131.14 1 0
user/api/order.pb.go:134.2,134.10 1 0
user/api/order.pb.go:131.14,133.3 1 0
user/api/order.pb.go:137.48,138.14 1 0
user/api/order.pb.go:141.2,141.10 1 0
user/api/order.pb.go:138.14,140.3 1 0
user/api/order.pb.go:144.50,145.14 1 0
user/api/order.pb.go:148.2,148.10 1 0
user/api/order.pb.go:145.14,147.3 1 0
user/api/order.pb.go:151.53,152.14 1 0
user/api/order.pb.go:155.2,155.11 1 0
user/api/order.pb.go:152.14,154.3 1 0
user/api/order.pb.go:158.50,159.14 1 0
user/api/order.pb.go:162.2,162.11 1 0
user/api/order.pb.go:159.14,161.3 1 0
user/api/order.pb.go:198.44,199.41 1 0
user/api/order.pb.go:202.2,202.37 1 0
user/api/order.pb.go:199.41,201.3 1 0
user/api/order.pb.go:220.13,220.40 1 1
user/api/order.pb.go:221.30,222.29 1 1
user/api/order.pb.go:225.2,225.30 1 1
user/api/order.pb.go:251.2,268.32 6 1
user/api/order.pb.go:222.29,224.3 1 0
user/api/order.pb.go:225.30,226.82 1 0
user/api/order.pb.go:238.3,238.82 1 0
user/api/order.pb.go:226.82,227.37 1 0
user/api/order.pb.go:228.11,229.20 1 0
user/api/order.pb.go:230.11,231.24 1 0
user/api/order.pb.go:232.11,233.28 1 0
user/api/order.pb.go:234.12,235.15 1 0
user/api/order.pb.go:238.82,239.42 1 0
user/api/order.pb.go:240.11,241.20 1 0
user/api/order.pb.go:242.11,243.24 1 0
user/api/order.pb.go:244.11,245.28 1 0
user/api/order.pb.go:246.12,247.15 1 0
user/internal/app/review/handlers/httphandlers.go:21.50,25.2 1 0
user/internal/app/review/handlers/httphandlers.go:27.66,31.63 3 0
user/internal/app/review/handlers/httphandlers.go:35.2,36.16 2 0
user/internal/app/review/handlers/httphandlers.go:40.2,40.44 1 0
user/internal/app/review/handlers/httphandlers.go:31.63,34.3 2 0
user/internal/app/review/handlers/httphandlers.go:36.16,39.3 2 0
user/internal/app/review/handlers/httphandlers.go:44.74,49.16 4 0
user/internal/app/review/handlers/httphandlers.go:54.2,55.16 2 0
user/internal/app/review/handlers/httphandlers.go:59.2,59.45 1 0
user/internal/app/review/handlers/httphandlers.go:49.16,52.3 2 0
user/internal/app/review/handlers/httphandlers.go:55.16,58.3 2 0
user/internal/app/user/repository/repository.go:15.88,25.16 3 0
user/internal/app/user/repository/repository.go:29.2,29.16 1 0
user/internal/app/user/repository/repository.go:25.16,28.3 2 0
user/internal/app/user/repository/repository.go:32.81,35.16 3 0
user/internal/app/user/repository/repository.go:39.2,39.35 1 0
user/internal/app/user/repository/repository.go:43.2,43.12 1 0
user/internal/app/user/repository/repository.go:35.16,38.3 2 0
user/internal/app/user/repository/repository.go:39.35,42.3 2 0
user/internal/app/user/repository/repository.go:46.93,49.16 3 0
user/internal/app/user/repository/repository.go:53.2,53.19 1 0
user/internal/app/user/repository/repository.go:49.16,52.3 2 0
user/internal/app/user/repository/repository.go:56.99,59.16 3 0
user/internal/app/user/repository/repository.go:63.2,63.19 1 0
user/internal/app/user/repository/repository.go:59.16,62.3 2 0
user/internal/app/user/repository/repository.go:66.83,68.16 2 0
user/internal/app/user/repository/repository.go:72.2,72.12 1 0
user/internal/app/user/repository/repository.go:68.16,71.3 2 0
user/api/order_grpc.pb.go:28.62,30.2 1 0
user/api/order_grpc.pb.go:32.128,35.16 3 0
user/api/order_grpc.pb.go:38.2,38.17 1 0
user/api/order_grpc.pb.go:35.16,37.3 1 0
user/api/order_grpc.pb.go:53.106,55.2 1 0
user/api/order_grpc.pb.go:56.70,56.71 0 0
user/api/order_grpc.pb.go:65.68,67.2 1 0
user/api/order_grpc.pb.go:69.163,71.32 2 0
user/api/order_grpc.pb.go:74.2,74.24 1 0
user/api/order_grpc.pb.go:77.2,81.77 2 0
user/api/order_grpc.pb.go:84.2,84.44 1 0
user/api/order_grpc.pb.go:71.32,73.3 1 0
user/api/order_grpc.pb.go:74.24,76.3 1 0
user/api/order_grpc.pb.go:81.77,83.3 1 0
user/api/user_grpc.pb.go:32.60,34.2 1 0
user/api/user_grpc.pb.go:36.128,39.16 3 0
user/api/user_grpc.pb.go:42.2,42.17 1 0
user/api/user_grpc.pb.go:39.16,41.3 1 0
user/api/user_grpc.pb.go:45.139,48.16 3 0
user/api/user_grpc.pb.go:51.2,51.17 1 0
user/api/user_grpc.pb.go:48.16,50.3 1 0
user/api/user_grpc.pb.go:54.124,57.16 3 0
user/api/user_grpc.pb.go:60.2,60.17 1 0
user/api/user_grpc.pb.go:57.16,59.3 1 0
user/api/user_grpc.pb.go:63.143,66.16 3 0
user/api/user_grpc.pb.go:69.2,69.17 1 0
user/api/user_grpc.pb.go:66.16,68.3 1 0
user/api/user_grpc.pb.go:72.128,75.16 3 0
user/api/user_grpc.pb.go:78.2,78.17 1 0
user/api/user_grpc.pb.go:75.16,77.3 1 0
user/api/user_grpc.pb.go:97.106,99.2 1 0
user/api/user_grpc.pb.go:100.117,102.2 1 0
user/api/user_grpc.pb.go:103.102,105.2 1 0
user/api/user_grpc.pb.go:106.121,108.2 1 0
user/api/user_grpc.pb.go:109.106,111.2 1 0
user/api/user_grpc.pb.go:112.68,112.69 0 0
user/api/user_grpc.pb.go:121.66,123.2 1 0
user/api/user_grpc.pb.go:125.166,127.32 2 0
user/api/user_grpc.pb.go:130.2,130.24 1 0
user/api/user_grpc.pb.go:133.2,137.77 2 0
user/api/user_grpc.pb.go:140.2,140.44 1 0
user/api/user_grpc.pb.go:127.32,129.3 1 0
user/api/user_grpc.pb.go:130.24,132.3 1 0
user/api/user_grpc.pb.go:137.77,139.3 1 0
user/api/user_grpc.pb.go:143.167,145.32 2 0
user/api/user_grpc.pb.go:148.2,148.24 1 0
user/api/user_grpc.pb.go:151.2,155.77 2 0
user/api/user_grpc.pb.go:158.2,158.44 1 0
user/api/user_grpc.pb.go:145.32,147.3 1 0
user/api/user_grpc.pb.go:148.24,150.3 1 0
user/api/user_grpc.pb.go:155.77,157.3 1 0
user/api/user_grpc.pb.go:161.161,163.32 2 0
user/api/user_grpc.pb.go:166.2,166.24 1 0
user/api/user_grpc.pb.go:169.2,173.77 2 0
user/api/user_grpc.pb.go:176.2,176.44 1 0
user/api/user_grpc.pb.go:163.32,165.3 1 0
user/api/user_grpc.pb.go:166.24,168.3 1 0
user/api/user_grpc.pb.go:173.77,175.3 1 0
user/api/user_grpc.pb.go:179.171,181.32 2 0
user/api/user_grpc.pb.go:184.2,184.24 1 0
user/api/user_grpc.pb.go:187.2,191.77 2 0
user/api/user_grpc.pb.go:194.2,194.44 1 0
user/api/user_grpc.pb.go:181.32,183.3 1 0
user/api/user_grpc.pb.go:184.24,186.3 1 0
user/api/user_grpc.pb.go:191.77,193.3 1 0
user/api/user_grpc.pb.go:197.159,199.32 2 0
user/api/user_grpc.pb.go:202.2,202.24 1 0
user/api/user_grpc.pb.go:205.2,209.77 2 0
user/api/user_grpc.pb.go:212.2,212.44 1 0
user/api/user_grpc.pb.go:199.32,201.3 1 0
user/api/user_grpc.pb.go:202.24,204.3 1 0
user/api/user_grpc.pb.go:209.77,211.3 1 0
user/pkg/database/postgresql/postgres.go:11.49,13.16 2 0
user/pkg/database/postgresql/postgres.go:16.2,18.8 1 0
user/pkg/database/postgresql/postgres.go:13.16,15.3 1 0
user/pkg/database/postgresql/postgres.go:21.43,23.2 1 0
user/pkg/database/postgresql/postgres.go:25.34,28.2 2 0
user/internal/app/session/mock/mock_repository.go:27.65,31.2 3 1
user/internal/app/session/mock/mock_repository.go:34.63,36.2 1 1
user/internal/app/session/mock/mock_repository.go:39.98,45.2 5 1
user/internal/app/session/mock/mock_repository.go:48.82,51.2 2 1
user/pkg/middleware/middleware.go:19.53,20.71 1 0
user/pkg/middleware/middleware.go:20.71,25.3 4 0
user/pkg/middleware/middleware.go:28.49,37.2 1 0
user/pkg/middleware/middleware.go:39.65,47.2 1 0
user/api/api_grpc.pb.go:28.66,30.2 1 0
user/api/api_grpc.pb.go:32.133,35.16 3 0
user/api/api_grpc.pb.go:38.2,38.17 1 0
user/api/api_grpc.pb.go:35.16,37.3 1 0
user/api/api_grpc.pb.go:53.111,55.2 1 0
user/api/api_grpc.pb.go:56.74,56.75 0 0
user/api/api_grpc.pb.go:65.72,67.2 1 0
user/api/api_grpc.pb.go:69.158,71.32 2 0
user/api/api_grpc.pb.go:74.2,74.24 1 0
user/api/api_grpc.pb.go:77.2,81.77 2 0
user/api/api_grpc.pb.go:84.2,84.44 1 0
user/api/api_grpc.pb.go:71.32,73.3 1 0
user/api/api_grpc.pb.go:74.24,76.3 1 0
user/api/api_grpc.pb.go:81.77,83.3 1 0
user/pkg/httputils/httputils.go:16.100,18.17 2 0
user/pkg/httputils/httputils.go:25.2,27.41 3 0
user/pkg/httputils/httputils.go:18.17,20.17 2 0
user/pkg/httputils/httputils.go:20.17,23.4 2 0
user/pkg/httputils/httputils.go:30.88,35.2 4 0
user/pkg/httputils/httputils.go:37.33,38.71 1 0
user/pkg/httputils/httputils.go:38.71,45.3 3 0
user/internal/app/session/handlers/handlers.go:18.54,22.2 1 0
user/internal/app/session/handlers/handlers.go:24.67,25.71 1 0
user/internal/app/session/handlers/handlers.go:25.71,29.17 3 0
user/internal/app/session/handlers/handlers.go:34.3,35.17 2 0
user/internal/app/session/handlers/handlers.go:39.3,40.40 2 0
user/internal/app/session/handlers/handlers.go:29.17,32.4 2 0
user/internal/app/session/handlers/handlers.go:35.17,38.4 2 0
user/internal/app/order/mock/mock_repository.go:27.65,31.2 3 0
user/internal/app/order/mock/mock_repository.go:34.63,36.2 1 0
user/internal/app/order/mock/mock_repository.go:39.96,45.2 5 0
user/internal/app/order/mock/mock_repository.go:48.84,51.2 2 0
user/internal/app/user/handlers/httphandlers.go:22.46,26.2 1 0
user/internal/app/user/handlers/httphandlers.go:28.74,33.16 4 0
user/internal/app/user/handlers/httphandlers.go:37.2,38.58 2 0
user/internal/app/user/handlers/httphandlers.go:42.2,44.16 3 0
user/internal/app/user/handlers/httphandlers.go:48.2,48.57 1 0
user/internal/app/user/handlers/httphandlers.go:33.16,36.3 2 0
user/internal/app/user/handlers/httphandlers.go:38.58,41.3 2 0
user/internal/app/user/handlers/httphandlers.go:44.16,47.3 2 0
user/internal/app/user/handlers/httphandlers.go:51.72,56.16 4 0
user/internal/app/user/handlers/httphandlers.go:60.2,61.16 2 0
user/internal/app/user/handlers/httphandlers.go:65.2,65.50 1 0
user/internal/app/user/handlers/httphandlers.go:56.16,59.3 2 0
user/internal/app/user/handlers/httphandlers.go:61.16,64.3 2 0
user/internal/app/specialize/handler/httphandlers.go:24.83,29.2 1 0
user/internal/app/specialize/handler/httphandlers.go:31.66,37.16 4 0
user/internal/app/specialize/handler/httphandlers.go:41.2,42.58 2 0
user/internal/app/specialize/handler/httphandlers.go:46.2,47.16 2 0
user/internal/app/specialize/handler/httphandlers.go:51.2,51.42 1 0
user/internal/app/specialize/handler/httphandlers.go:37.16,40.3 2 0
user/internal/app/specialize/handler/httphandlers.go:42.58,45.3 2 0
user/internal/app/specialize/handler/httphandlers.go:47.16,50.3 2 0
user/internal/app/specialize/handler/httphandlers.go:54.66,60.16 4 0
user/internal/app/specialize/handler/httphandlers.go:64.2,65.57 2 0
user/internal/app/specialize/handler/httphandlers.go:69.2,70.16 2 0
user/internal/app/specialize/handler/httphandlers.go:74.2,75.16 2 0
user/internal/app/specialize/handler/httphandlers.go:79.2,79.40 1 0
user/internal/app/specialize/handler/httphandlers.go:60.16,63.3 2 0
user/internal/app/specialize/handler/httphandlers.go:65.57,68.3 2 0
user/internal/app/specialize/handler/httphandlers.go:70.16,73.3 2 0
user/internal/app/specialize/handler/httphandlers.go:75.16,78.3 2 0
user/internal/app/session/repository/repository.go:14.48,18.2 1 0
user/internal/app/session/repository/repository.go:20.98,26.16 4 0
user/internal/app/session/repository/repository.go:29.2,32.8 1 0
user/internal/app/session/repository/repository.go:26.16,28.3 1 0
user/internal/app/user/tools/password.go:14.59,20.2 4 0
user/internal/app/user/tools/password.go:22.47,25.16 3 0
user/internal/app/user/tools/password.go:29.2,30.29 2 0
user/internal/app/user/tools/password.go:33.2,33.12 1 0
user/internal/app/user/tools/password.go:25.16,27.3 1 0
user/internal/app/user/tools/password.go:30.29,32.3 1 0
user/internal/app/user/tools/password.go:36.50,39.16 3 0
user/internal/app/user/tools/password.go:43.2,44.29 2 0
user/internal/app/user/tools/password.go:47.2,47.12 1 0
user/internal/app/user/tools/password.go:39.16,41.3 1 0
user/internal/app/user/tools/password.go:44.29,46.3 1 0
user/internal/app/user/tools/password.go:50.57,53.2 2 0
user/api/order.pb.go:31.32,33.29 2 0
user/api/order.pb.go:33.29,37.3 3 0
user/api/order.pb.go:40.40,42.2 1 0
user/api/order.pb.go:44.38,44.39 0 0
user/api/order.pb.go:46.60,48.41 2 0
user/api/order.pb.go:55.2,55.24 1 0
user/api/order.pb.go:48.41,50.34 2 0
user/api/order.pb.go:53.3,53.12 1 0
user/api/order.pb.go:50.34,52.4 1 0
user/api/order.pb.go:59.51,61.2 1 0
user/api/order.pb.go:63.39,64.14 1 0
user/api/order.pb.go:67.2,67.10 1 0
user/api/order.pb.go:64.14,66.3 1 0
user/api/order.pb.go:84.37,86.29 2 0
user/api/order.pb.go:86.29,90.3 3 0
user/api/order.pb.go:93.45,95.2 1 0
user/api/order.pb.go:97.43,97.44 0 0
user/api/order.pb.go:99.65,101.41 2 0
user/api/order.pb.go:108.2,108.24 1 0
user/api/order.pb.go:101.41,103.34 2 0
user/api/order.pb.go:106.3,106.12 1 0
user/api/order.pb.go:103.34,105.4 1 0
user/api/order.pb.go:112.56,114.2 1 0
user/api/order.pb.go:116.51,117.14 1 0
user/api/order.pb.go:120.2,120.11 1 0
user/api/order.pb.go:117.14,119.3 1 0
user/api/order.pb.go:123.52,124.14 1 0
user/api/order.pb.go:127.2,127.10 1 0
user/api/order.pb.go:124.14,126.3 1 0
user/api/order.pb.go:130.52,131.14 1 0
user/api/order.pb.go:134.2,134.10 1 0
user/api/order.pb.go:131.14,133.3 1 0
user/api/order.pb.go:137.48,138.14 1 0
user/api/order.pb.go:141.2,141.10 1 0
user/api/order.pb.go:138.14,140.3 1 0
user/api/order.pb.go:144.50,145.14 1 0
user/api/order.pb.go:148.2,148.10 1 0
user/api/order.pb.go:145.14,147.3 1 0
user/api/order.pb.go:151.53,152.14 1 0
user/api/order.pb.go:155.2,155.11 1 0
user/api/order.pb.go:152.14,154.3 1 0
user/api/order.pb.go:158.50,159.14 1 0
user/api/order.pb.go:162.2,162.11 1 0
user/api/order.pb.go:159.14,161.3 1 0
user/api/order.pb.go:198.44,199.41 1 0
user/api/order.pb.go:202.2,202.37 1 0
user/api/order.pb.go:199.41,201.3 1 0
user/api/order.pb.go:220.13,220.40 1 1
user/api/order.pb.go:221.30,222.29 1 1
user/api/order.pb.go:225.2,225.30 1 1
user/api/order.pb.go:251.2,268.32 6 1
user/api/order.pb.go:222.29,224.3 1 0
user/api/order.pb.go:225.30,226.82 1 0
user/api/order.pb.go:238.3,238.82 1 0
user/api/order.pb.go:226.82,227.37 1 0
user/api/order.pb.go:228.11,229.20 1 0
user/api/order.pb.go:230.11,231.24 1 0
user/api/order.pb.go:232.11,233.28 1 0
user/api/order.pb.go:234.12,235.15 1 0
user/api/order.pb.go:238.82,239.42 1 0
user/api/order.pb.go:240.11,241.20 1 0
user/api/order.pb.go:242.11,243.24 1 0
user/api/order.pb.go:244.11,245.28 1 0
user/api/order.pb.go:246.12,247.15 1 0
user/pkg/middleware/middleware.go:19.53,20.71 1 0
user/pkg/middleware/middleware.go:20.71,25.3 4 0
user/pkg/middleware/middleware.go:28.49,37.2 1 0
user/pkg/middleware/middleware.go:39.65,47.2 1 0
user/internal/app/order/mock/mock_repository.go:27.65,31.2 3 1
user/internal/app/order/mock/mock_repository.go:34.63,36.2 1 1
user/internal/app/order/mock/mock_repository.go:39.96,45.2 5 1
user/internal/app/order/mock/mock_repository.go:48.84,51.2 2 1
user/api/api.pb.go:31.39,33.29 2 0
user/api/api.pb.go:33.29,37.3 3 0
user/api/api.pb.go:40.47,42.2 1 0
user/api/api.pb.go:44.45,44.46 0 0
user/api/api.pb.go:46.67,48.41 2 0
user/api/api.pb.go:55.2,55.24 1 0
user/api/api.pb.go:48.41,50.34 2 0
user/api/api.pb.go:53.3,53.12 1 0
user/api/api.pb.go:50.34,52.4 1 0
user/api/api.pb.go:59.58,61.2 1 0
user/api/api.pb.go:63.53,64.14 1 0
user/api/api.pb.go:67.2,67.11 1 0
user/api/api.pb.go:64.14,66.3 1 0
user/api/api.pb.go:79.40,81.29 2 0
user/api/api.pb.go:81.29,85.3 3 0
user/api/api.pb.go:88.48,90.2 1 0
user/api/api.pb.go:92.46,92.47 0 0
user/api/api.pb.go:94.68,96.41 2 0
user/api/api.pb.go:103.2,103.24 1 0
user/api/api.pb.go:96.41,98.34 2 0
user/api/api.pb.go:101.3,101.12 1 0
user/api/api.pb.go:98.34,100.4 1 0
user/api/api.pb.go:107.59,109.2 1 0
user/api/api.pb.go:111.47,112.14 1 0
user/api/api.pb.go:115.2,115.10 1 0
user/api/api.pb.go:112.14,114.3 1 0
user/api/api.pb.go:118.51,119.14 1 0
user/api/api.pb.go:122.2,122.14 1 0
user/api/api.pb.go:119.14,121.3 1 0
user/api/api.pb.go:149.42,150.39 1 0
user/api/api.pb.go:153.2,153.35 1 0
user/api/api.pb.go:150.39,152.3 1 0
user/api/api.pb.go:171.13,171.38 1 1
user/api/api.pb.go:172.28,173.27 1 1
user/api/api.pb.go:176.2,176.30 1 1
user/api/api.pb.go:202.2,219.30 6 1
user/api/api.pb.go:173.27,175.3 1 0
user/api/api.pb.go:176.30,177.80 1 0
user/api/api.pb.go:189.3,189.80 1 0
user/api/api.pb.go:177.80,178.44 1 0
user/api/api.pb.go:179.11,180.20 1 0
user/api/api.pb.go:181.11,182.24 1 0
user/api/api.pb.go:183.11,184.28 1 0
user/api/api.pb.go:185.12,186.15 1 0
user/api/api.pb.go:189.80,190.45 1 0
user/api/api.pb.go:191.11,192.20 1 0
user/api/api.pb.go:193.11,194.24 1 0
user/api/api.pb.go:195.11,196.28 1 0
user/api/api.pb.go:197.12,198.15 1 0
user/pkg/error/errortools/validationerror.go:10.73,12.30 2 0
user/pkg/error/errortools/validationerror.go:17.2,17.22 1 0
user/pkg/error/errortools/validationerror.go:12.30,16.3 1 0
user/internal/app/review/mock/mock_repository.go:27.65,31.2 3 1
user/internal/app/review/mock/mock_repository.go:34.63,36.2 1 1
user/internal/app/review/mock/mock_repository.go:39.99,45.2 5 1
user/internal/app/review/mock/mock_repository.go:48.83,51.2 2 1
user/internal/app/review/mock/mock_repository.go:54.93,60.2 5 1
user/internal/app/review/mock/mock_repository.go:63.83,66.2 2 1
user/internal/app/review/mock/mock_repository.go:69.113,75.2 5 0
user/internal/app/review/mock/mock_repository.go:78.96,81.2 2 0
user/pkg/metric/metric.go:19.12,30.2 4 0
user/pkg/metric/metric.go:32.63,35.2 2 0
user/pkg/metric/metric.go:37.52,39.2 1 0
user/pkg/metric/metric.go:41.36,42.16 1 0
user/pkg/metric/metric.go:42.16,44.3 1 0
user/pkg/httputils/httputils.go:16.100,18.17 2 0
user/pkg/httputils/httputils.go:25.2,27.41 3 0
user/pkg/httputils/httputils.go:18.17,20.17 2 0
user/pkg/httputils/httputils.go:20.17,23.4 2 0
user/pkg/httputils/httputils.go:30.88,35.2 4 0
user/pkg/httputils/httputils.go:37.33,38.71 1 0
user/pkg/httputils/httputils.go:38.71,45.3 3 0
user/pkg/error/errortools/sqlerror.go:12.38,13.16 1 0
user/pkg/error/errortools/sqlerror.go:16.2,17.28 2 0
user/pkg/error/errortools/sqlerror.go:22.2,22.35 1 0
user/pkg/error/errortools/sqlerror.go:25.2,25.36 1 0
user/pkg/error/errortools/sqlerror.go:13.16,15.3 1 0
user/pkg/error/errortools/sqlerror.go:17.28,18.58 1 0
user/pkg/error/errortools/sqlerror.go:18.58,20.4 1 0
user/pkg/error/errortools/sqlerror.go:22.35,24.3 1 0
user/pkg/error/errortools/sqlerror.go:33.42,35.89 1 0
user/pkg/error/errortools/sqlerror.go:35.89,39.4 1 0
user/pkg/error/errortools/sqlerror.go:40.93,44.4 1 0
user/pkg/error/errortools/sqlerror.go:45.92,49.4 1 0
user/pkg/error/errortools/sqlerror.go:53.68,55.38 2 0
user/pkg/error/errortools/sqlerror.go:61.2,61.22 1 0
user/pkg/error/errortools/sqlerror.go:55.38,56.36 1 0
user/pkg/error/errortools/sqlerror.go:56.36,59.4 2 0
user/internal/app/review/usecase/usecase.go:17.121,23.2 1 1
user/internal/app/review/usecase/usecase.go:25.99,27.16 2 1
user/internal/app/review/usecase/usecase.go:30.2,30.21 1 1
user/internal/app/review/usecase/usecase.go:27.16,29.3 1 0
user/internal/app/review/usecase/usecase.go:33.111,35.16 2 1
user/internal/app/review/usecase/usecase.go:38.2,38.32 1 1
user/internal/app/review/usecase/usecase.go:51.2,52.16 2 1
user/internal/app/review/usecase/usecase.go:55.2,55.20 1 1
user/internal/app/review/usecase/usecase.go:62.2,66.7 1 1
user/internal/app/review/usecase/usecase.go:35.16,37.3 1 0
user/internal/app/review/usecase/usecase.go:38.32,40.17 2 1
user/internal/app/review/usecase/usecase.go:43.3,46.17 4 1
user/internal/app/review/usecase/usecase.go:49.3,49.44 1 1
user/internal/app/review/usecase/usecase.go:40.17,42.4 1 0
user/internal/app/review/usecase/usecase.go:46.17,48.4 1 0
user/internal/app/review/usecase/usecase.go:52.16,54.3 1 0
user/internal/app/review/usecase/usecase.go:55.20,61.3 1 0
user/internal/app/order/repository/repository.go:13.46,17.2 1 0
user/internal/app/order/repository/repository.go:19.89,23.16 2 0
user/internal/app/order/repository/repository.go:26.2,34.8 1 0
user/internal/app/order/repository/repository.go:23.16,25.3 1 0
user/pkg/error/errortools/grpcerror.go:17.56,18.45 1 0
user/pkg/error/errortools/grpcerror.go:26.2,26.22 1 0
user/pkg/error/errortools/grpcerror.go:18.45,19.26 1 0
user/pkg/error/errortools/grpcerror.go:24.3,24.48 1 0
user/pkg/error/errortools/grpcerror.go:19.26,23.4 1 0
user/internal/app/session/mock/mock_repository.go:27.65,31.2 3 0
user/internal/app/session/mock/mock_repository.go:34.63,36.2 1 0
user/internal/app/session/mock/mock_repository.go:39.98,45.2 5 0
user/internal/app/session/mock/mock_repository.go:48.82,51.2 2 0
user/pkg/logger/loger.go:9.38,10.24 1 0
user/pkg/logger/loger.go:20.2,20.12 1 0
user/pkg/logger/loger.go:10.24,12.3 1 0
user/pkg/logger/loger.go:12.8,14.17 2 0
user/pkg/logger/loger.go:17.3,17.31 1 0
user/pkg/logger/loger.go:14.17,16.4 1 0
user/pkg/logger/loger.go:23.64,29.2 1 0
user/pkg/logger/loger.go:31.46,36.2 1 0
user/pkg/logger/loger.go:38.44,43.2 1 0
user/internal/app/user/mock/mock_repository.go:27.65,31.2 3 1
user/internal/app/user/mock/mock_repository.go:34.63,36.2 1 1
user/internal/app/user/mock/mock_repository.go:39.86,44.2 4 0
user/internal/app/user/mock/mock_repository.go:47.83,50.2 2 0
user/internal/app/user/mock/mock_repository.go:53.93,59.2 5 0
user/internal/app/user/mock/mock_repository.go:62.83,65.2 2 0
user/internal/app/user/mock/mock_repository.go:68.103,74.2 5 0
user/internal/app/user/mock/mock_repository.go:77.92,80.2 2 0
user/internal/app/user/mock/mock_repository.go:83.100,89.2 5 1
user/internal/app/user/mock/mock_repository.go:92.89,95.2 2 1
user/internal/app/user/mock/mock_repository.go:98.91,103.2 4 0
user/internal/app/user/mock/mock_repository.go:106.93,109.2 2 0
user/pkg/database/postgresql/postgres.go:11.49,13.16 2 0
user/pkg/database/postgresql/postgres.go:16.2,18.8 1 0
user/pkg/database/postgresql/postgres.go:13.16,15.3 1 0
user/pkg/database/postgresql/postgres.go:21.43,23.2 1 0
user/pkg/database/postgresql/postgres.go:25.34,28.2 2 0
user/internal/app/specialize/mock/mock_repository.go:27.65,31.2 3 0
user/internal/app/specialize/mock/mock_repository.go:34.63,36.2 1 0
user/internal/app/specialize/mock/mock_repository.go:39.105,44.2 4 0
user/internal/app/specialize/mock/mock_repository.go:47.114,50.2 2 0
user/internal/app/specialize/mock/mock_repository.go:53.84,59.2 5 0
user/internal/app/specialize/mock/mock_repository.go:62.83,65.2 2 0
user/internal/app/specialize/mock/mock_repository.go:68.88,74.2 5 0
user/internal/app/specialize/mock/mock_repository.go:77.87,80.2 2 0
user/internal/app/specialize/mock/mock_repository.go:83.98,89.2 5 0
user/internal/app/specialize/mock/mock_repository.go:92.89,95.2 2 0
user/internal/app/specialize/mock/mock_repository.go:98.111,103.2 4 0
user/internal/app/specialize/mock/mock_repository.go:106.120,109.2 2 0
user/pkg/error/errortools/tools.go:9.48,10.54 1 0
user/pkg/error/errortools/tools.go:15.2,15.51 1 0
user/pkg/error/errortools/tools.go:18.2,18.58 1 0
user/pkg/error/errortools/tools.go:21.2,21.52 1 0
user/pkg/error/errortools/tools.go:24.2,26.35 1 0
user/pkg/error/errortools/tools.go:10.54,14.3 1 0
user/pkg/error/errortools/tools.go:15.51,17.3 1 0
user/pkg/error/errortools/tools.go:18.58,20.3 1 0
user/pkg/error/errortools/tools.go:21.52,23.3 1 0
user/cmd/main.go:44.13,46.2 1 1
user/cmd/main.go:48.13,52.16 4 0
user/cmd/main.go:56.2,56.51 1 0
user/cmd/main.go:60.2,61.16 2 0
user/cmd/main.go:64.2,64.15 1 0
user/cmd/main.go:70.2,87.16 3 0
user/cmd/main.go:91.2,110.16 7 0
user/cmd/main.go:113.2,121.16 3 0
user/cmd/main.go:124.2,166.12 30 0
user/cmd/main.go:181.2,186.16 5 0
user/cmd/main.go:190.2,191.35 2 0
user/cmd/main.go:52.16,54.3 1 0
user/cmd/main.go:56.51,58.3 1 0
user/cmd/main.go:61.16,63.3 1 0
user/cmd/main.go:64.15,65.42 1 0
user/cmd/main.go:65.42,67.4 1 0
user/cmd/main.go:87.16,89.3 1 0
user/cmd/main.go:110.16,112.3 1 0
user/cmd/main.go:121.16,123.3 1 0
user/cmd/main.go:166.12,167.19 1 0
user/cmd/main.go:175.3,176.49 2 0
user/cmd/main.go:167.19,171.72 2 0
user/cmd/main.go:171.72,173.5 1 0
user/cmd/main.go:176.49,178.4 1 0
user/cmd/main.go:186.16,188.3 1 0
user/cmd/main.go:191.35,193.3 1 0
user/internal/app/user/mock/mock_usecase.go:27.59,31.2 3 0
user/internal/app/user/mock/mock_usecase.go:34.57,36.2 1 0
user/internal/app/user/mock/mock_usecase.go:39.108,45.2 5 0
user/internal/app/user/mock/mock_usecase.go:48.80,51.2 2 0
user/internal/app/user/mock/mock_usecase.go:54.105,60.2 5 0
user/internal/app/user/mock/mock_usecase.go:63.80,66.2 2 0
user/internal/app/user/mock/mock_usecase.go:69.92,75.2 5 0
user/internal/app/user/mock/mock_usecase.go:78.81,81.2 2 0
user/internal/app/user/mock/mock_usecase.go:84.84,89.2 4 0
user/internal/app/user/mock/mock_usecase.go:92.86,95.2 2 0
user/internal/app/user/mock/mock_usecase.go:98.108,104.2 5 0
user/internal/app/user/mock/mock_usecase.go:107.92,110.2 2 0
user/api/order_grpc.pb.go:28.62,30.2 1 0
user/api/order_grpc.pb.go:32.128,35.16 3 0
user/api/order_grpc.pb.go:38.2,38.17 1 0
user/api/order_grpc.pb.go:35.16,37.3 1 0
user/api/order_grpc.pb.go:53.106,55.2 1 0
user/api/order_grpc.pb.go:56.70,56.71 0 0
user/api/order_grpc.pb.go:65.68,67.2 1 0
user/api/order_grpc.pb.go:69.163,71.32 2 0
user/api/order_grpc.pb.go:74.2,74.24 1 0
user/api/order_grpc.pb.go:77.2,81.77 2 0
user/api/order_grpc.pb.go:84.2,84.44 1 0
user/api/order_grpc.pb.go:71.32,73.3 1 0
user/api/order_grpc.pb.go:74.24,76.3 1 0
user/api/order_grpc.pb.go:81.77,83.3 1 0
user/api/user_grpc.pb.go:32.60,34.2 1 0
user/api/user_grpc.pb.go:36.128,39.16 3 0
user/api/user_grpc.pb.go:42.2,42.17 1 0
user/api/user_grpc.pb.go:39.16,41.3 1 0
user/api/user_grpc.pb.go:45.139,48.16 3 0
user/api/user_grpc.pb.go:51.2,51.17 1 0
user/api/user_grpc.pb.go:48.16,50.3 1 0
user/api/user_grpc.pb.go:54.124,57.16 3 0
user/api/user_grpc.pb.go:60.2,60.17 1 0
user/api/user_grpc.pb.go:57.16,59.3 1 0
user/api/user_grpc.pb.go:63.143,66.16 3 0
user/api/user_grpc.pb.go:69.2,69.17 1 0
user/api/user_grpc.pb.go:66.16,68.3 1 0
user/api/user_grpc.pb.go:72.128,75.16 3 0
user/api/user_grpc.pb.go:78.2,78.17 1 0
user/api/user_grpc.pb.go:75.16,77.3 1 0
user/api/user_grpc.pb.go:97.106,99.2 1 0
user/api/user_grpc.pb.go:100.117,102.2 1 0
user/api/user_grpc.pb.go:103.102,105.2 1 0
user/api/user_grpc.pb.go:106.121,108.2 1 0
user/api/user_grpc.pb.go:109.106,111.2 1 0
user/api/user_grpc.pb.go:112.68,112.69 0 0
user/api/user_grpc.pb.go:121.66,123.2 1 0
user/api/user_grpc.pb.go:125.166,127.32 2 0
user/api/user_grpc.pb.go:130.2,130.24 1 0
user/api/user_grpc.pb.go:133.2,137.77 2 0
user/api/user_grpc.pb.go:140.2,140.44 1 0
user/api/user_grpc.pb.go:127.32,129.3 1 0
user/api/user_grpc.pb.go:130.24,132.3 1 0
user/api/user_grpc.pb.go:137.77,139.3 1 0
user/api/user_grpc.pb.go:143.167,145.32 2 0
user/api/user_grpc.pb.go:148.2,148.24 1 0
user/api/user_grpc.pb.go:151.2,155.77 2 0
user/api/user_grpc.pb.go:158.2,158.44 1 0
user/api/user_grpc.pb.go:145.32,147.3 1 0
user/api/user_grpc.pb.go:148.24,150.3 1 0
user/api/user_grpc.pb.go:155.77,157.3 1 0
user/api/user_grpc.pb.go:161.161,163.32 2 0
user/api/user_grpc.pb.go:166.2,166.24 1 0
user/api/user_grpc.pb.go:169.2,173.77 2 0
user/api/user_grpc.pb.go:176.2,176.44 1 0
user/api/user_grpc.pb.go:163.32,165.3 1 0
user/api/user_grpc.pb.go:166.24,168.3 1 0
user/api/user_grpc.pb.go:173.77,175.3 1 0
user/api/user_grpc.pb.go:179.171,181.32 2 0
user/api/user_grpc.pb.go:184.2,184.24 1 0
user/api/user_grpc.pb.go:187.2,191.77 2 0
user/api/user_grpc.pb.go:194.2,194.44 1 0
user/api/user_grpc.pb.go:181.32,183.3 1 0
user/api/user_grpc.pb.go:184.24,186.3 1 0
user/api/user_grpc.pb.go:191.77,193.3 1 0
user/api/user_grpc.pb.go:197.159,199.32 2 0
user/api/user_grpc.pb.go:202.2,202.24 1 0
user/api/user_grpc.pb.go:205.2,209.77 2 0
user/api/user_grpc.pb.go:212.2,212.44 1 0
user/api/user_grpc.pb.go:199.32,201.3 1 0
user/api/user_grpc.pb.go:202.24,204.3 1 0
user/api/user_grpc.pb.go:209.77,211.3 1 0
user/internal/app/review/handlers/httphandlers.go:21.50,25.2 1 0
user/internal/app/review/handlers/httphandlers.go:27.66,31.63 3 0
user/internal/app/review/handlers/httphandlers.go:35.2,36.16 2 0
user/internal/app/review/handlers/httphandlers.go:40.2,40.44 1 0
user/internal/app/review/handlers/httphandlers.go:31.63,34.3 2 0
user/internal/app/review/handlers/httphandlers.go:36.16,39.3 2 0
user/internal/app/review/handlers/httphandlers.go:44.74,49.16 4 0
user/internal/app/review/handlers/httphandlers.go:54.2,55.16 2 0
user/internal/app/review/handlers/httphandlers.go:59.2,59.45 1 0
user/internal/app/review/handlers/httphandlers.go:49.16,52.3 2 0
user/internal/app/review/handlers/httphandlers.go:55.16,58.3 2 0
user/internal/app/specialize/usecase/usecase.go:14.63,18.2 1 0
user/internal/app/specialize/usecase/usecase.go:20.88,22.16 2 0
user/internal/app/specialize/usecase/usecase.go:25.2,25.16 1 0
user/internal/app/specialize/usecase/usecase.go:22.16,24.3 1 0
user/internal/app/specialize/usecase/usecase.go:28.83,30.16 2 0
user/internal/app/specialize/usecase/usecase.go:33.2,34.16 2 0
user/internal/app/specialize/usecase/usecase.go:37.2,37.12 1 0
user/internal/app/specialize/usecase/usecase.go:30.16,32.3 1 0
user/internal/app/specialize/usecase/usecase.go:34.16,36.3 1 0
user/internal/app/specialize/usecase/usecase.go:40.94,42.16 2 0
user/internal/app/specialize/usecase/usecase.go:48.2,50.28 3 0
user/internal/app/specialize/usecase/usecase.go:55.2,55.16 1 0
user/internal/app/specialize/usecase/usecase.go:58.2,58.12 1 0
user/internal/app/specialize/usecase/usecase.go:42.16,44.17 2 0
user/internal/app/specialize/usecase/usecase.go:44.17,46.4 1 0
user/internal/app/specialize/usecase/usecase.go:50.28,51.28 1 0
user/internal/app/specialize/usecase/usecase.go:51.28,53.4 1 0
user/internal/app/specialize/usecase/usecase.go:55.16,57.3 1 0
user/internal/app/session/usecase/usecase.go:13.57,17.2 1 0
user/internal/app/session/usecase/usecase.go:19.101,21.16 2 0
user/internal/app/session/usecase/usecase.go:24.2,24.15 1 0
user/internal/app/session/usecase/usecase.go:21.16,23.3 1 0
user/internal/app/user/handlers/grpchandlers.go:19.58,23.2 1 0
user/internal/app/user/handlers/grpchandlers.go:25.111,36.16 3 0
user/internal/app/user/handlers/grpchandlers.go:49.2,52.8 1 0
user/internal/app/user/handlers/grpchandlers.go:36.16,40.21 4 0
user/internal/app/user/handlers/grpchandlers.go:43.3,46.35 1 0
user/internal/app/user/handlers/grpchandlers.go:40.21,42.4 1 0
user/internal/app/user/handlers/grpchandlers.go:55.122,57.16 2 0
user/internal/app/user/handlers/grpchandlers.go:69.2,72.8 1 0
user/internal/app/user/handlers/grpchandlers.go:57.16,61.21 4 0
user/internal/app/user/handlers/grpchandlers.go:64.3,67.50 1 0
user/internal/app/user/handlers/grpchandlers.go:61.21,63.4 1 0
user/internal/app/user/handlers/grpchandlers.go:75.107,77.16 2 0
user/internal/app/user/handlers/grpchandlers.go:95.2,104.8 1 0
user/internal/app/user/handlers/grpchandlers.go:77.16,81.21 4 0
user/internal/app/user/handlers/grpchandlers.go:84.3,93.50 1 0
user/internal/app/user/handlers/grpchandlers.go:81.21,83.4 1 0
user/internal/app/user/handlers/grpchandlers.go:107.126,110.2 1 0
user/internal/app/user/handlers/grpchandlers.go:112.111,114.16 2 0
user/internal/app/user/handlers/grpchandlers.go:123.2,123.56 1 0
user/internal/app/user/handlers/grpchandlers.go:114.16,118.21 4 0
user/internal/app/user/handlers/grpchandlers.go:121.3,121.99 1 0
user/internal/app/user/handlers/grpchandlers.go:118.21,120.4 1 0
user/internal/app/user/usecase/usecase.go:20.82,22.16 2 0
user/internal/app/user/usecase/usecase.go:25.2,25.12 1 0
user/internal/app/user/usecase/usecase.go:22.16,24.3 1 0
user/internal/app/user/usecase/usecase.go:28.106,29.57 1 0
user/internal/app/user/usecase/usecase.go:32.2,32.49 1 0
user/internal/app/user/usecase/usecase.go:35.2,36.16 2 0
user/internal/app/user/usecase/usecase.go:40.2,40.40 1 0
user/internal/app/user/usecase/usecase.go:56.2,59.8 1 0
user/internal/app/user/usecase/usecase.go:29.57,31.3 1 0
user/internal/app/user/usecase/usecase.go:32.49,34.3 1 0
user/internal/app/user/usecase/usecase.go:36.16,38.3 1 0
user/internal/app/user/usecase/usecase.go:40.40,42.17 2 0
user/internal/app/user/usecase/usecase.go:50.3,51.17 2 0
user/internal/app/user/usecase/usecase.go:42.17,43.48 1 0
user/internal/app/user/usecase/usecase.go:43.48,45.19 2 0
user/internal/app/user/usecase/usecase.go:45.19,47.6 1 0
user/internal/app/user/usecase/usecase.go:51.17,53.4 1 0
user/internal/app/user/usecase/usecase.go:62.121,64.16 2 0
user/internal/app/user/usecase/usecase.go:67.2,67.46 1 0
user/internal/app/user/usecase/usecase.go:71.2,74.8 1 0
user/internal/app/user/usecase/usecase.go:64.16,66.3 1 0
user/internal/app/user/usecase/usecase.go:67.46,69.3 1 0
user/internal/app/user/usecase/usecase.go:77.91,79.16 2 0
user/internal/app/user/usecase/usecase.go:82.2,82.19 1 0
user/internal/app/user/usecase/usecase.go:88.2,89.16 2 0
user/internal/app/user/usecase/usecase.go:92.2,94.18 3 0
user/internal/app/user/usecase/usecase.go:79.16,81.3 1 0
user/internal/app/user/usecase/usecase.go:82.19,84.17 2 0
user/internal/app/user/usecase/usecase.go:84.17,86.4 1 0
user/internal/app/user/usecase/usecase.go:89.16,91.3 1 0
user/internal/app/user/usecase/usecase.go:97.109,99.16 2 0
user/internal/app/user/usecase/usecase.go:102.2,103.16 2 0
user/internal/app/user/usecase/usecase.go:107.2,107.54 1 0
user/internal/app/user/usecase/usecase.go:110.2,110.28 1 0
user/internal/app/user/usecase/usecase.go:113.2,113.49 1 0
user/internal/app/user/usecase/usecase.go:116.2,116.22 1 0
user/internal/app/user/usecase/usecase.go:120.2,120.22 1 0
user/internal/app/user/usecase/usecase.go:124.2,124.25 1 0
user/internal/app/user/usecase/usecase.go:128.2,128.22 1 0
user/internal/app/user/usecase/usecase.go:132.2,132.28 1 0
user/internal/app/user/usecase/usecase.go:136.2,136.43 1 0
user/internal/app/user/usecase/usecase.go:139.2,140.16 2 0
user/internal/app/user/usecase/usecase.go:143.2,143.40 1 0
user/internal/app/user/usecase/usecase.go:159.2,166.8 1 0
user/internal/app/user/usecase/usecase.go:99.16,101.3 1 0
user/internal/app/user/usecase/usecase.go:103.16,105.3 1 0
user/internal/app/user/usecase/usecase.go:107.54,109.3 1 0
user/internal/app/user/usecase/usecase.go:110.28,112.3 1 0
user/internal/app/user/usecase/usecase.go:113.49,115.3 1 0
user/internal/app/user/usecase/usecase.go:116.22,118.3 1 0
user/internal/app/user/usecase/usecase.go:120.22,122.3 1 0
user/internal/app/user/usecase/usecase.go:124.25,126.3 1 0
user/internal/app/user/usecase/usecase.go:128.22,130.3 1 0
user/internal/app/user/usecase/usecase.go:132.28,134.3 1 0
user/internal/app/user/usecase/usecase.go:136.43,138.3 1 0
user/internal/app/user/usecase/usecase.go:140.16,142.3 1 0
user/internal/app/user/usecase/usecase.go:143.40,145.17 2 0
user/internal/app/user/usecase/usecase.go:153.3,154.17 2 0
user/internal/app/user/usecase/usecase.go:145.17,146.39 1 0
user/internal/app/user/usecase/usecase.go:146.39,148.19 2 0
user/internal/app/user/usecase/usecase.go:148.19,150.6 1 0
user/internal/app/user/usecase/usecase.go:154.17,156.4 1 0
user/internal/app/user/usecase/usecase.go:169.114,175.2 1 0
user/api/api_grpc.pb.go:28.66,30.2 1 0
user/api/api_grpc.pb.go:32.133,35.16 3 0
user/api/api_grpc.pb.go:38.2,38.17 1 0
user/api/api_grpc.pb.go:35.16,37.3 1 0
user/api/api_grpc.pb.go:53.111,55.2 1 0
user/api/api_grpc.pb.go:56.74,56.75 0 0
user/api/api_grpc.pb.go:65.72,67.2 1 0
user/api/api_grpc.pb.go:69.158,71.32 2 0
user/api/api_grpc.pb.go:74.2,74.24 1 0
user/api/api_grpc.pb.go:77.2,81.77 2 0
user/api/api_grpc.pb.go:84.2,84.44 1 0
user/api/api_grpc.pb.go:71.32,73.3 1 0
user/api/api_grpc.pb.go:74.24,76.3 1 0
user/api/api_grpc.pb.go:81.77,83.3 1 0
user/configs/config.go:14.26,19.2 1 0
user/internal/app/review/repository/repository.go:15.96,24.16 3 0
user/internal/app/review/repository/repository.go:28.2,29.21 2 0
user/internal/app/review/repository/repository.go:24.16,27.3 2 0
user/internal/app/review/repository/repository.go:32.90,35.16 3 0
user/internal/app/review/repository/repository.go:39.2,39.21 1 0
user/internal/app/review/repository/repository.go:35.16,38.3 2 0
user/internal/app/review/repository/repository.go:42.110,45.16 3 0
user/internal/app/review/repository/repository.go:52.2,52.28 1 0
user/internal/app/review/repository/repository.go:45.16,46.78 1 0
user/internal/app/review/repository/repository.go:49.3,50.50 2 0
user/internal/app/review/repository/repository.go:46.78,48.4 1 0
user/internal/app/user/tools/validation.go:14.55,22.16 2 0
user/internal/app/user/tools/validation.go:25.2,25.12 1 0
user/internal/app/user/tools/validation.go:22.16,24.3 1 0
user/internal/app/user/tools/validation.go:28.58,35.16 2 0
user/internal/app/user/tools/validation.go:38.2,38.12 1 0
user/internal/app/user/tools/validation.go:35.16,37.3 1 0
user/internal/app/specialize/repository/repository.go:17.95,20.48 3 0
user/internal/app/specialize/repository/repository.go:24.2,24.25 1 0
user/internal/app/specialize/repository/repository.go:20.48,23.3 2 0
user/internal/app/specialize/repository/repository.go:27.85,31.16 3 0
user/internal/app/specialize/repository/repository.go:35.2,35.16 1 0
user/internal/app/specialize/repository/repository.go:31.16,34.3 2 0
user/internal/app/specialize/repository/repository.go:48.83,51.16 3 0
user/internal/app/specialize/repository/repository.go:55.2,55.27 1 0
user/internal/app/specialize/repository/repository.go:51.16,54.3 2 0
user/internal/app/specialize/repository/repository.go:58.111,65.16 2 0
user/internal/app/specialize/repository/repository.go:69.2,69.12 1 0
user/internal/app/specialize/repository/repository.go:65.16,68.3 2 0
user/internal/app/specialize/repository/repository.go:81.115,83.16 2 0
user/internal/app/specialize/repository/repository.go:87.2,87.12 1 0
user/internal/app/specialize/repository/repository.go:83.16,86.3 2 0
user/internal/app/user/repository/repository.go:15.88,25.16 3 0
user/internal/app/user/repository/repository.go:29.2,29.16 1 0
user/internal/app/user/repository/repository.go:25.16,28.3 2 0
user/internal/app/user/repository/repository.go:32.81,35.16 3 0
user/internal/app/user/repository/repository.go:39.2,39.35 1 0
user/internal/app/user/repository/repository.go:43.2,43.12 1 0
user/internal/app/user/repository/repository.go:35.16,38.3 2 0
user/internal/app/user/repository/repository.go:39.35,42.3 2 0
user/internal/app/user/repository/repository.go:46.93,49.16 3 0
user/internal/app/user/repository/repository.go:53.2,53.19 1 0
user/internal/app/user/repository/repository.go:49.16,52.3 2 0
user/internal/app/user/repository/repository.go:56.99,59.16 3 0
user/internal/app/user/repository/repository.go:63.2,63.19 1 0
user/internal/app/user/repository/repository.go:59.16,62.3 2 0
user/internal/app/user/repository/repository.go:66.83,68.16 2 0
user/internal/app/user/repository/repository.go:72.2,72.12 1 0
user/internal/app/user/repository/repository.go:68.16,71.3 2 0
user/api/user.pb.go:37.34,39.29 2 0
user/api/user.pb.go:39.29,43.3 3 0
user/api/user.pb.go:46.42,48.2 1 0
user/api/user.pb.go:50.40,50.41 0 0
user/api/user.pb.go:52.62,54.41 2 0
user/api/user.pb.go:61.2,61.24 1 0
user/api/user.pb.go:54.41,56.34 2 0
user/api/user.pb.go:59.3,59.12 1 0
user/api/user.pb.go:56.34,58.4 1 0
user/api/user.pb.go:65.53,67.2 1 0
user/api/user.pb.go:69.44,70.14 1 0
user/api/user.pb.go:73.2,73.11 1 0
user/api/user.pb.go:70.14,72.3 1 0
user/api/user.pb.go:76.44,77.14 1 0
user/api/user.pb.go:80.2,80.11 1 0
user/api/user.pb.go:77.14,79.3 1 0
user/api/user.pb.go:83.50,84.14 1 0
user/api/user.pb.go:87.2,87.11 1 0
user/api/user.pb.go:84.14,86.3 1 0
user/api/user.pb.go:90.47,91.14 1 0
user/api/user.pb.go:94.2,94.11 1 0
user/api/user.pb.go:91.14,93.3 1 0
user/api/user.pb.go:97.44,98.14 1 0
user/api/user.pb.go:101.2,101.11 1 0
user/api/user.pb.go:98.14,100.3 1 0
user/api/user.pb.go:104.52,105.14 1 0
user/api/user.pb.go:108.2,108.12 1 0
user/api/user.pb.go:105.14,107.3 1 0
user/api/user.pb.go:111.44,112.14 1 0
user/api/user.pb.go:115.2,115.10 1 0
user/api/user.pb.go:112.14,114.3 1 0
user/api/user.pb.go:127.32,129.29 2 0
user/api/user.pb.go:129.29,133.3 3 0
user/api/user.pb.go:136.40,138.2 1 0
user/api/user.pb.go:140.38,140.39 0 0
user/api/user.pb.go:142.60,144.41 2 0
user/api/user.pb.go:151.2,151.24 1 0
user/api/user.pb.go:144.41,146.34 2 0
user/api/user.pb.go:149.3,149.12 1 0
user/api/user.pb.go:146.34,148.4 1 0
user/api/user.pb.go:155.51,157.2 1 0
user/api/user.pb.go:159.39,160.14 1 0
user/api/user.pb.go:163.2,163.10 1 0
user/api/user.pb.go:160.14,162.3 1 0
user/api/user.pb.go:166.43,167.14 1 0
user/api/user.pb.go:170.2,170.14 1 0
user/api/user.pb.go:167.14,169.3 1 0
user/api/user.pb.go:183.44,185.29 2 0
user/api/user.pb.go:185.29,189.3 3 0
user/api/user.pb.go:192.52,194.2 1 0
user/api/user.pb.go:196.50,196.51 0 0
user/api/user.pb.go:198.72,200.41 2 0
user/api/user.pb.go:207.2,207.24 1 0
user/api/user.pb.go:200.41,202.34 2 0
user/api/user.pb.go:205.3,205.12 1 0
user/api/user.pb.go:202.34,204.4 1 0
user/api/user.pb.go:211.63,213.2 1 0
user/api/user.pb.go:215.54,216.14 1 0
user/api/user.pb.go:219.2,219.11 1 0
user/api/user.pb.go:216.14,218.3 1 0
user/api/user.pb.go:222.57,223.14 1 0
user/api/user.pb.go:226.2,226.11 1 0
user/api/user.pb.go:223.14,225.3 1 0
user/api/user.pb.go:229.54,230.14 1 0
user/api/user.pb.go:233.2,233.10 1 0
user/api/user.pb.go:230.14,232.3 1 0
user/api/user.pb.go:245.31,247.29 2 0
user/api/user.pb.go:247.29,251.3 3 0
user/api/user.pb.go:254.39,256.2 1 0
user/api/user.pb.go:258.37,258.38 0 0
user/api/user.pb.go:260.59,262.41 2 0
user/api/user.pb.go:269.2,269.24 1 0
user/api/user.pb.go:262.41,264.34 2 0
user/api/user.pb.go:267.3,267.12 1 0
user/api/user.pb.go:264.34,266.4 1 0
user/api/user.pb.go:273.50,275.2 1 0
user/api/user.pb.go:277.38,278.14 1 0
user/api/user.pb.go:281.2,281.10 1 0
user/api/user.pb.go:278.14,280.3 1 0
user/api/user.pb.go:284.41,285.14 1 0
user/api/user.pb.go:288.2,288.10 1 0
user/api/user.pb.go:285.14,287.3 1 0
user/api/user.pb.go:306.36,308.29 2 0
user/api/user.pb.go:308.29,312.3 3 0
user/api/user.pb.go:315.44,317.2 1 0
user/api/user.pb.go:319.42,319.43 0 0
user/api/user.pb.go:321.64,323.41 2 0
user/api/user.pb.go:330.2,330.24 1 0
user/api/user.pb.go:323.41,325.34 2 0
user/api/user.pb.go:328.3,328.12 1 0
user/api/user.pb.go:325.34,327.4 1 0
user/api/user.pb.go:334.55,336.2 1 0
user/api/user.pb.go:338.46,339.14 1 0
user/api/user.pb.go:342.2,342.11 1 0
user/api/user.pb.go:339.14,341.3 1 0
user/api/user.pb.go:345.46,346.14 1 0
user/api/user.pb.go:349.2,349.11 1 0
user/api/user.pb.go:346.14,348.3 1 0
user/api/user.pb.go:352.52,353.14 1 0
user/api/user.pb.go:356.2,356.11 1 0
user/api/user.pb.go:353.14,355.3 1 0
user/api/user.pb.go:359.46,360.14 1 0
user/api/user.pb.go:363.2,363.11 1 0
user/api/user.pb.go:360.14,362.3 1 0
user/api/user.pb.go:366.54,367.14 1 0
user/api/user.pb.go:370.2,370.12 1 0
user/api/user.pb.go:367.14,369.3 1 0
user/api/user.pb.go:373.47,374.14 1 0
user/api/user.pb.go:377.2,377.14 1 0
user/api/user.pb.go:374.14,376.3 1 0
user/api/user.pb.go:380.44,381.14 1 0
user/api/user.pb.go:384.2,384.11 1 0
user/api/user.pb.go:381.14,383.3 1 0
user/api/user.pb.go:387.46,388.14 1 0
user/api/user.pb.go:391.2,391.10 1 0
user/api/user.pb.go:388.14,390.3 1 0
user/api/user.pb.go:402.45,404.29 2 0
user/api/user.pb.go:404.29,408.3 3 0
user/api/user.pb.go:411.53,413.2 1 0
user/api/user.pb.go:415.51,415.52 0 0
user/api/user.pb.go:417.73,419.41 2 0
user/api/user.pb.go:426.2,426.24 1 0
user/api/user.pb.go:419.41,421.34 2 0
user/api/user.pb.go:424.3,424.12 1 0
user/api/user.pb.go:421.34,423.4 1 0
user/api/user.pb.go:430.64,432.2 1 0
user/api/user.pb.go:434.63,435.14 1 0
user/api/user.pb.go:438.2,438.12 1 0
user/api/user.pb.go:435.14,437.3 1 0
user/api/user.pb.go:451.36,453.29 2 0
user/api/user.pb.go:453.29,457.3 3 0
user/api/user.pb.go:460.44,462.2 1 0
user/api/user.pb.go:464.42,464.43 0 0
user/api/user.pb.go:466.64,468.41 2 0
user/api/user.pb.go:475.2,475.24 1 0
user/api/user.pb.go:468.41,470.34 2 0
user/api/user.pb.go:473.3,473.12 1 0
user/api/user.pb.go:470.34,472.4 1 0
user/api/user.pb.go:479.55,481.2 1 0
user/api/user.pb.go:483.43,484.14 1 0
user/api/user.pb.go:487.2,487.10 1 0
user/api/user.pb.go:484.14,486.3 1 0
user/api/user.pb.go:490.47,491.14 1 0
user/api/user.pb.go:494.2,494.11 1 0
user/api/user.pb.go:491.14,493.3 1 0
user/api/user.pb.go:497.46,498.14 1 0
user/api/user.pb.go:501.2,501.10 1 0
user/api/user.pb.go:498.14,500.3 1 0
user/api/user.pb.go:512.37,514.29 2 0
user/api/user.pb.go:514.29,518.3 3 0
user/api/user.pb.go:521.45,523.2 1 0
user/api/user.pb.go:525.43,525.44 0 0
user/api/user.pb.go:527.65,529.41 2 0
user/api/user.pb.go:536.2,536.24 1 0
user/api/user.pb.go:529.41,531.34 2 0
user/api/user.pb.go:534.3,534.12 1 0
user/api/user.pb.go:531.34,533.4 1 0
user/api/user.pb.go:540.56,542.2 1 0
user/api/user.pb.go:544.52,545.14 1 0
user/api/user.pb.go:548.2,548.14 1 0
user/api/user.pb.go:545.14,547.3 1 0
user/api/user.pb.go:635.43,636.40 1 0
user/api/user.pb.go:639.2,639.36 1 0
user/api/user.pb.go:636.40,638.3 1 0
user/api/user.pb.go:671.13,671.39 1 1
user/api/user.pb.go:672.29,673.28 1 1
user/api/user.pb.go:676.2,676.30 1 1
user/api/user.pb.go:774.2,791.31 6 1
user/api/user.pb.go:673.28,675.3 1 0
user/api/user.pb.go:676.30,677.81 1 0
user/api/user.pb.go:689.3,689.81 1 0
user/api/user.pb.go:701.3,701.81 1 0
user/api/user.pb.go:713.3,713.81 1 0
user/api/user.pb.go:725.3,725.81 1 0
user/api/user.pb.go:737.3,737.81 1 0
user/api/user.pb.go:749.3,749.81 1 0
user/api/user.pb.go:761.3,761.81 1 0
user/api/user.pb.go:677.81,678.39 1 0
user/api/user.pb.go:679.11,680.20 1 0
user/api/user.pb.go:681.11,682.24 1 0
user/api/user.pb.go:683.11,684.28 1 0
user/api/user.pb.go:685.12,686.15 1 0
user/api/user.pb.go:689.81,690.37 1 0
user/api/user.pb.go:691.11,692.20 1 0
user/api/user.pb.go:693.11,694.24 1 0
user/api/user.pb.go:695.11,696.28 1 0
user/api/user.pb.go:697.12,698.15 1 0
user/api/user.pb.go:701.81,702.49 1 0
user/api/user.pb.go:703.11,704.20 1 0
user/api/user.pb.go:705.11,706.24 1 0
user/api/user.pb.go:707.11,708.28 1 0
user/api/user.pb.go:709.12,710.15 1 0
user/api/user.pb.go:713.81,714.36 1 0
user/api/user.pb.go:715.11,716.20 1 0
user/api/user.pb.go:717.11,718.24 1 0
user/api/user.pb.go:719.11,720.28 1 0
user/api/user.pb.go:721.12,722.15 1 0
user/api/user.pb.go:725.81,726.41 1 0
user/api/user.pb.go:727.11,728.20 1 0
user/api/user.pb.go:729.11,730.24 1 0
user/api/user.pb.go:731.11,732.28 1 0
user/api/user.pb.go:733.12,734.15 1 0
user/api/user.pb.go:737.81,738.50 1 0
user/api/user.pb.go:739.11,740.20 1 0
user/api/user.pb.go:741.11,742.24 1 0
user/api/user.pb.go:743.11,744.28 1 0
user/api/user.pb.go:745.12,746.15 1 0
user/api/user.pb.go:749.81,750.41 1 0
user/api/user.pb.go:751.11,752.20 1 0
user/api/user.pb.go:753.11,754.24 1 0
user/api/user.pb.go:755.11,756.28 1 0
user/api/user.pb.go:757.12,758.15 1 0
user/api/user.pb.go:761.81,762.42 1 0
user/api/user.pb.go:763.11,764.20 1 0
user/api/user.pb.go:765.11,766.24 1 0
user/api/user.pb.go:767.11,768.28 1 0
user/api/user.pb.go:769.12,770.15 1 0
user/internal/app/session/handlers/handlers.go:18.54,22.2 1 0
user/internal/app/session/handlers/handlers.go:24.67,25.71 1 0
user/internal/app/session/handlers/handlers.go:25.71,29.17 3 0
user/internal/app/session/handlers/handlers.go:34.3,35.17 2 0
user/internal/app/session/handlers/handlers.go:39.3,40.40 2 0
user/internal/app/session/handlers/handlers.go:29.17,32.4 2 0
user/internal/app/session/handlers/handlers.go:35.17,38.4 2 0
user/internal/app/order/repository/repository.go:13.46,17.2 1 0
user/internal/app/order/repository/repository.go:19.89,23.16 2 0
user/internal/app/order/repository/repository.go:26.2,34.8 1 0
user/internal/app/order/repository/repository.go:23.16,25.3 1 0
user/pkg/middleware/middleware.go:19.53,20.71 1 0
user/pkg/middleware/middleware.go:20.71,25.3 4 0
user/pkg/middleware/middleware.go:28.49,37.2 1 0
user/pkg/middleware/middleware.go:39.65,47.2 1 0
user/internal/app/user/handlers/grpchandlers.go:19.58,23.2 1 0
user/internal/app/user/handlers/grpchandlers.go:25.111,36.16 3 0
user/internal/app/user/handlers/grpchandlers.go:49.2,52.8 1 0
user/internal/app/user/handlers/grpchandlers.go:36.16,40.21 4 0
user/internal/app/user/handlers/grpchandlers.go:43.3,46.35 1 0
user/internal/app/user/handlers/grpchandlers.go:40.21,42.4 1 0
user/internal/app/user/handlers/grpchandlers.go:55.122,57.16 2 0
user/internal/app/user/handlers/grpchandlers.go:69.2,72.8 1 0
user/internal/app/user/handlers/grpchandlers.go:57.16,61.21 4 0
user/internal/app/user/handlers/grpchandlers.go:64.3,67.50 1 0
user/internal/app/user/handlers/grpchandlers.go:61.21,63.4 1 0
user/internal/app/user/handlers/grpchandlers.go:75.107,77.16 2 0
user/internal/app/user/handlers/grpchandlers.go:95.2,104.8 1 0
user/internal/app/user/handlers/grpchandlers.go:77.16,81.21 4 0
user/internal/app/user/handlers/grpchandlers.go:84.3,93.50 1 0
user/internal/app/user/handlers/grpchandlers.go:81.21,83.4 1 0
user/internal/app/user/handlers/grpchandlers.go:107.126,110.2 1 0
user/internal/app/user/handlers/grpchandlers.go:112.111,114.16 2 0
user/internal/app/user/handlers/grpchandlers.go:123.2,123.56 1 0
user/internal/app/user/handlers/grpchandlers.go:114.16,118.21 4 0
user/internal/app/user/handlers/grpchandlers.go:121.3,121.99 1 0
user/internal/app/user/handlers/grpchandlers.go:118.21,120.4 1 0
user/api/order_grpc.pb.go:28.62,30.2 1 0
user/api/order_grpc.pb.go:32.128,35.16 3 0
user/api/order_grpc.pb.go:38.2,38.17 1 0
user/api/order_grpc.pb.go:35.16,37.3 1 0
user/api/order_grpc.pb.go:53.106,55.2 1 0
user/api/order_grpc.pb.go:56.70,56.71 0 0
user/api/order_grpc.pb.go:65.68,67.2 1 0
user/api/order_grpc.pb.go:69.163,71.32 2 0
user/api/order_grpc.pb.go:74.2,74.24 1 0
user/api/order_grpc.pb.go:77.2,81.77 2 0
user/api/order_grpc.pb.go:84.2,84.44 1 0
user/api/order_grpc.pb.go:71.32,73.3 1 0
user/api/order_grpc.pb.go:74.24,76.3 1 0
user/api/order_grpc.pb.go:81.77,83.3 1 0
user/internal/app/user/repository/repository.go:15.88,25.16 3 0
user/internal/app/user/repository/repository.go:29.2,29.16 1 0
user/internal/app/user/repository/repository.go:25.16,28.3 2 0
user/internal/app/user/repository/repository.go:32.81,35.16 3 0
user/internal/app/user/repository/repository.go:39.2,39.35 1 0
user/internal/app/user/repository/repository.go:43.2,43.12 1 0
user/internal/app/user/repository/repository.go:35.16,38.3 2 0
user/internal/app/user/repository/repository.go:39.35,42.3 2 0
user/internal/app/user/repository/repository.go:46.93,49.16 3 0
user/internal/app/user/repository/repository.go:53.2,53.19 1 0
user/internal/app/user/repository/repository.go:49.16,52.3 2 0
user/internal/app/user/repository/repository.go:56.99,59.16 3 0
user/internal/app/user/repository/repository.go:63.2,63.19 1 0
user/internal/app/user/repository/repository.go:59.16,62.3 2 0
user/internal/app/user/repository/repository.go:66.83,68.16 2 0
user/internal/app/user/repository/repository.go:72.2,72.12 1 0
user/internal/app/user/repository/repository.go:68.16,71.3 2 0
user/internal/app/specialize/usecase/usecase.go:14.63,18.2 1 1
user/internal/app/specialize/usecase/usecase.go:20.88,22.16 2 1
[...]
user/api/order.pb.go:159.14,161.3 1 0
user/api/order.pb.go:198.44,199.41 1 0
user/api/order.pb.go:202.2,202.37 1 0
user/api/order.pb.go:199.41,201.3 1 0
user/api/order.pb.go:220.13,220.40 1 1
user/api/order.pb.go:221.30,222.29 1 1
user/api/order.pb.go:225.2,225.30 1 1
user/api/order.pb.go:251.2,268.32 6 1
user/api/order.pb.go:222.29,224.3 1 0
user/api/order.pb.go:225.30,226.82 1 0
user/api/order.pb.go:238.3,238.82 1 0
user/api/order.pb.go:226.82,227.37 1 0
user/api/order.pb.go:228.11,229.20 1 0
user/api/order.pb.go:230.11,231.24 1 0
user/api/order.pb.go:232.11,233.28 1 0
user/api/order.pb.go:234.12,235.15 1 0
user/api/order.pb.go:238.82,239.42 1 0
user/api/order.pb.go:240.11,241.20 1 0
user/api/order.pb.go:242.11,243.24 1 0
user/api/order.pb.go:244.11,245.28 1 0
user/api/order.pb.go:246.12,247.15 1 0
user/api/user.pb.go:37.34,39.29 2 0
user/api/user.pb.go:39.29,43.3 3 0
user/api/user.pb.go:46.42,48.2 1 0
user/api/user.pb.go:50.40,50.41 0 0
user/api/user.pb.go:52.62,54.41 2 0
user/api/user.pb.go:61.2,61.24 1 0
user/api/user.pb.go:54.41,56.34 2 0
user/api/user.pb.go:59.3,59.12 1 0
user/api/user.pb.go:56.34,58.4 1 0
user/api/user.pb.go:65.53,67.2 1 0
user/api/user.pb.go:69.44,70.14 1 0
user/api/user.pb.go:73.2,73.11 1 0
user/api/user.pb.go:70.14,72.3 1 0
user/api/user.pb.go:76.44,77.14 1 0
user/api/user.pb.go:80.2,80.11 1 0
user/api/user.pb.go:77.14,79.3 1 0
user/api/user.pb.go:83.50,84.14 1 0
user/api/user.pb.go:87.2,87.11 1 0
user/api/user.pb.go:84.14,86.3 1 0
user/api/user.pb.go:90.47,91.14 1 0
user/api/user.pb.go:94.2,94.11 1 0
user/api/user.pb.go:91.14,93.3 1 0
user/api/user.pb.go:97.44,98.14 1 0
user/api/user.pb.go:101.2,101.11 1 0
user/api/user.pb.go:98.14,100.3 1 0
user/api/user.pb.go:104.52,105.14 1 0
user/api/user.pb.go:108.2,108.12 1 0
user/api/user.pb.go:105.14,107.3 1 0
user/api/user.pb.go:111.44,112.14 1 0
user/api/user.pb.go:115.2,115.10 1 0
user/api/user.pb.go:112.14,114.3 1 0
user/api/user.pb.go:127.32,129.29 2 0
user/api/user.pb.go:129.29,133.3 3 0
user/api/user.pb.go:136.40,138.2 1 0
user/api/user.pb.go:140.38,140.39 0 0
user/api/user.pb.go:142.60,144.41 2 0
user/api/user.pb.go:151.2,151.24 1 0
user/api/user.pb.go:144.41,146.34 2 0
user/api/user.pb.go:149.3,149.12 1 0
user/api/user.pb.go:146.34,148.4 1 0
user/api/user.pb.go:155.51,157.2 1 0
user/api/user.pb.go:159.39,160.14 1 0
user/api/user.pb.go:163.2,163.10 1 0
user/api/user.pb.go:160.14,162.3 1 0
user/api/user.pb.go:166.43,167.14 1 0
user/api/user.pb.go:170.2,170.14 1 0
user/api/user.pb.go:167.14,169.3 1 0
user/api/user.pb.go:183.44,185.29 2 0
user/api/user.pb.go:185.29,189.3 3 0
user/api/user.pb.go:192.52,194.2 1 0
user/api/user.pb.go:196.50,196.51 0 0
user/api/user.pb.go:198.72,200.41 2 0
user/api/user.pb.go:207.2,207.24 1 0
user/api/user.pb.go:200.41,202.34 2 0
user/api/user.pb.go:205.3,205.12 1 0
user/api/user.pb.go:202.34,204.4 1 0
user/api/user.pb.go:211.63,213.2 1 0
user/api/user.pb.go:215.54,216.14 1 0
user/api/user.pb.go:219.2,219.11 1 0
user/api/user.pb.go:216.14,218.3 1 0
user/api/user.pb.go:222.57,223.14 1 0
user/api/user.pb.go:226.2,226.11 1 0
user/api/user.pb.go:223.14,225.3 1 0
user/api/user.pb.go:229.54,230.14 1 0
user/api/user.pb.go:233.2,233.10 1 0
user/api/user.pb.go:230.14,232.3 1 0
user/api/user.pb.go:245.31,247.29 2 0
user/api/user.pb.go:247.29,251.3 3 0
user/api/user.pb.go:254.39,256.2 1 0
user/api/user.pb.go:258.37,258.38 0 0
user/api/user.pb.go:260.59,262.41 2 0
user/api/user.pb.go:269.2,269.24 1 0
user/api/user.pb.go:262.41,264.34 2 0
user/api/user.pb.go:267.3,267.12 1 0
user/api/user.pb.go:264.34,266.4 1 0
user/api/user.pb.go:273.50,275.2 1 0
user/api/user.pb.go:277.38,278.14 1 0
user/api/user.pb.go:281.2,281.10 1 0
user/api/user.pb.go:278.14,280.3 1 0
user/api/user.pb.go:284.41,285.14 1 0
user/api/user.pb.go:288.2,288.10 1 0
user/api/user.pb.go:285.14,287.3 1 0
user/api/user.pb.go:306.36,308.29 2 0
user/api/user.pb.go:308.29,312.3 3 0
user/api/user.pb.go:315.44,317.2 1 0
user/api/user.pb.go:319.42,319.43 0 0
user/api/user.pb.go:321.64,323.41 2 0
user/api/user.pb.go:330.2,330.24 1 0
user/api/user.pb.go:323.41,325.34 2 0
user/api/user.pb.go:328.3,328.12 1 0
user/api/user.pb.go:325.34,327.4 1 0
user/api/user.pb.go:334.55,336.2 1 0
user/api/user.pb.go:338.46,339.14 1 0
user/api/user.pb.go:342.2,342.11 1 0
user/api/user.pb.go:339.14,341.3 1 0
user/api/user.pb.go:345.46,346.14 1 0
user/api/user.pb.go:349.2,349.11 1 0
user/api/user.pb.go:346.14,348.3 1 0
user/api/user.pb.go:352.52,353.14 1 0
user/api/user.pb.go:356.2,356.11 1 0
user/api/user.pb.go:353.14,355.3 1 0
user/api/user.pb.go:359.46,360.14 1 0
user/api/user.pb.go:363.2,363.11 1 0
user/api/user.pb.go:360.14,362.3 1 0
user/api/user.pb.go:366.54,367.14 1 0
user/api/user.pb.go:370.2,370.12 1 0
user/api/user.pb.go:367.14,369.3 1 0
user/api/user.pb.go:373.47,374.14 1 0
user/api/user.pb.go:377.2,377.14 1 0
user/api/user.pb.go:374.14,376.3 1 0
user/api/user.pb.go:380.44,381.14 1 0
user/api/user.pb.go:384.2,384.11 1 0
user/api/user.pb.go:381.14,383.3 1 0
user/api/user.pb.go:387.46,388.14 1 0
user/api/user.pb.go:391.2,391.10 1 0
user/api/user.pb.go:388.14,390.3 1 0
user/api/user.pb.go:402.45,404.29 2 0
user/api/user.pb.go:404.29,408.3 3 0
user/api/user.pb.go:411.53,413.2 1 0
user/api/user.pb.go:415.51,415.52 0 0
user/api/user.pb.go:417.73,419.41 2 0
user/api/user.pb.go:426.2,426.24 1 0
user/api/user.pb.go:419.41,421.34 2 0
user/api/user.pb.go:424.3,424.12 1 0
user/api/user.pb.go:421.34,423.4 1 0
user/api/user.pb.go:430.64,432.2 1 0
user/api/user.pb.go:434.63,435.14 1 0
user/api/user.pb.go:438.2,438.12 1 0
user/api/user.pb.go:435.14,437.3 1 0
user/api/user.pb.go:451.36,453.29 2 0
user/api/user.pb.go:453.29,457.3 3 0
user/api/user.pb.go:460.44,462.2 1 0
user/api/user.pb.go:464.42,464.43 0 0
user/api/user.pb.go:466.64,468.41 2 0
user/api/user.pb.go:475.2,475.24 1 0
user/api/user.pb.go:468.41,470.34 2 0
user/api/user.pb.go:473.3,473.12 1 0
user/api/user.pb.go:470.34,472.4 1 0
user/api/user.pb.go:479.55,481.2 1 0
user/api/user.pb.go:483.43,484.14 1 0
user/api/user.pb.go:487.2,487.10 1 0
user/api/user.pb.go:484.14,486.3 1 0
user/api/user.pb.go:490.47,491.14 1 0
user/api/user.pb.go:494.2,494.11 1 0
user/api/user.pb.go:491.14,493.3 1 0
user/api/user.pb.go:497.46,498.14 1 0
user/api/user.pb.go:501.2,501.10 1 0
user/api/user.pb.go:498.14,500.3 1 0
user/api/user.pb.go:512.37,514.29 2 0
user/api/user.pb.go:514.29,518.3 3 0
user/api/user.pb.go:521.45,523.2 1 0
user/api/user.pb.go:525.43,525.44 0 0
user/api/user.pb.go:527.65,529.41 2 0
user/api/user.pb.go:536.2,536.24 1 0
user/api/user.pb.go:529.41,531.34 2 0
user/api/user.pb.go:534.3,534.12 1 0
user/api/user.pb.go:531.34,533.4 1 0
user/api/user.pb.go:540.56,542.2 1 0
user/api/user.pb.go:544.52,545.14 1 0
user/api/user.pb.go:548.2,548.14 1 0
user/api/user.pb.go:545.14,547.3 1 0
user/api/user.pb.go:635.43,636.40 1 0
user/api/user.pb.go:639.2,639.36 1 0
user/api/user.pb.go:636.40,638.3 1 0
user/api/user.pb.go:671.13,671.39 1 1
user/api/user.pb.go:672.29,673.28 1 1
user/api/user.pb.go:676.2,676.30 1 1
user/api/user.pb.go:774.2,791.31 6 1
user/api/user.pb.go:673.28,675.3 1 0
user/api/user.pb.go:676.30,677.81 1 0
user/api/user.pb.go:689.3,689.81 1 0
user/api/user.pb.go:701.3,701.81 1 0
user/api/user.pb.go:713.3,713.81 1 0
user/api/user.pb.go:725.3,725.81 1 0
user/api/user.pb.go:737.3,737.81 1 0
user/api/user.pb.go:749.3,749.81 1 0
user/api/user.pb.go:761.3,761.81 1 0
user/api/user.pb.go:677.81,678.39 1 0
user/api/user.pb.go:679.11,680.20 1 0
user/api/user.pb.go:681.11,682.24 1 0
user/api/user.pb.go:683.11,684.28 1 0
user/api/user.pb.go:685.12,686.15 1 0
user/api/user.pb.go:689.81,690.37 1 0
user/api/user.pb.go:691.11,692.20 1 0
user/api/user.pb.go:693.11,694.24 1 0
user/api/user.pb.go:695.11,696.28 1 0
user/api/user.pb.go:697.12,698.15 1 0
user/api/user.pb.go:701.81,702.49 1 0
user/api/user.pb.go:703.11,704.20 1 0
user/api/user.pb.go:705.11,706.24 1 0
user/api/user.pb.go:707.11,708.28 1 0
user/api/user.pb.go:709.12,710.15 1 0
user/api/user.pb.go:713.81,714.36 1 0
user/api/user.pb.go:715.11,716.20 1 0
user/api/user.pb.go:717.11,718.24 1 0
user/api/user.pb.go:719.11,720.28 1 0
user/api/user.pb.go:721.12,722.15 1 0
user/api/user.pb.go:725.81,726.41 1 0
user/api/user.pb.go:727.11,728.20 1 0
user/api/user.pb.go:729.11,730.24 1 0
user/api/user.pb.go:731.11,732.28 1 0
user/api/user.pb.go:733.12,734.15 1 0
user/api/user.pb.go:737.81,738.50 1 0
user/api/user.pb.go:739.11,740.20 1 0
user/api/user.pb.go:741.11,742.24 1 0
user/api/user.pb.go:743.11,744.28 1 0
user/api/user.pb.go:745.12,746.15 1 0
user/api/user.pb.go:749.81,750.41 1 0
user/api/user.pb.go:751.11,752.20 1 0
user/api/user.pb.go:753.11,754.24 1 0
user/api/user.pb.go:755.11,756.28 1 0
user/api/user.pb.go:757.12,758.15 1 0
user/api/user.pb.go:761.81,762.42 1 0
user/api/user.pb.go:763.11,764.20 1 0
user/api/user.pb.go:765.11,766.24 1 0
user/api/user.pb.go:767.11,768.28 1 0
user/api/user.pb.go:769.12,770.15 1 0
user/configs/config.go:14.26,19.2 1 0
user/internal/app/order/mock/mock_repository.go:27.65,31.2 3 0
user/internal/app/order/mock/mock_repository.go:34.63,36.2 1 0
user/internal/app/order/mock/mock_repository.go:39.96,45.2 5 0
user/internal/app/order/mock/mock_repository.go:48.84,51.2 2 0
user/internal/app/user/mock/mock_usecase.go:27.59,31.2 3 0
user/internal/app/user/mock/mock_usecase.go:34.57,36.2 1 0
user/internal/app/user/mock/mock_usecase.go:39.108,45.2 5 0
user/internal/app/user/mock/mock_usecase.go:48.80,51.2 2 0
user/internal/app/user/mock/mock_usecase.go:54.105,60.2 5 0
user/internal/app/user/mock/mock_usecase.go:63.80,66.2 2 0
user/internal/app/user/mock/mock_usecase.go:69.92,75.2 5 0
user/internal/app/user/mock/mock_usecase.go:78.81,81.2 2 0
user/internal/app/user/mock/mock_usecase.go:84.84,89.2 4 0
user/internal/app/user/mock/mock_usecase.go:92.86,95.2 2 0
user/internal/app/user/mock/mock_usecase.go:98.108,104.2 5 0
user/internal/app/user/mock/mock_usecase.go:107.92,110.2 2 0
user/api/user_grpc.pb.go:32.60,34.2 1 0
user/api/user_grpc.pb.go:36.128,39.16 3 0
user/api/user_grpc.pb.go:42.2,42.17 1 0
user/api/user_grpc.pb.go:39.16,41.3 1 0
user/api/user_grpc.pb.go:45.139,48.16 3 0
user/api/user_grpc.pb.go:51.2,51.17 1 0
user/api/user_grpc.pb.go:48.16,50.3 1 0
user/api/user_grpc.pb.go:54.124,57.16 3 0
user/api/user_grpc.pb.go:60.2,60.17 1 0
user/api/user_grpc.pb.go:57.16,59.3 1 0
user/api/user_grpc.pb.go:63.143,66.16 3 0
user/api/user_grpc.pb.go:69.2,69.17 1 0
user/api/user_grpc.pb.go:66.16,68.3 1 0
user/api/user_grpc.pb.go:72.128,75.16 3 0
user/api/user_grpc.pb.go:78.2,78.17 1 0
user/api/user_grpc.pb.go:75.16,77.3 1 0
user/api/user_grpc.pb.go:97.106,99.2 1 0
user/api/user_grpc.pb.go:100.117,102.2 1 0
user/api/user_grpc.pb.go:103.102,105.2 1 0
user/api/user_grpc.pb.go:106.121,108.2 1 0
user/api/user_grpc.pb.go:109.106,111.2 1 0
user/api/user_grpc.pb.go:112.68,112.69 0 0
user/api/user_grpc.pb.go:121.66,123.2 1 0
user/api/user_grpc.pb.go:125.166,127.32 2 0
user/api/user_grpc.pb.go:130.2,130.24 1 0
user/api/user_grpc.pb.go:133.2,137.77 2 0
user/api/user_grpc.pb.go:140.2,140.44 1 0
user/api/user_grpc.pb.go:127.32,129.3 1 0
user/api/user_grpc.pb.go:130.24,132.3 1 0
user/api/user_grpc.pb.go:137.77,139.3 1 0
user/api/user_grpc.pb.go:143.167,145.32 2 0
user/api/user_grpc.pb.go:148.2,148.24 1 0
user/api/user_grpc.pb.go:151.2,155.77 2 0
user/api/user_grpc.pb.go:158.2,158.44 1 0
user/api/user_grpc.pb.go:145.32,147.3 1 0
user/api/user_grpc.pb.go:148.24,150.3 1 0
user/api/user_grpc.pb.go:155.77,157.3 1 0
user/api/user_grpc.pb.go:161.161,163.32 2 0
user/api/user_grpc.pb.go:166.2,166.24 1 0
user/api/user_grpc.pb.go:169.2,173.77 2 0
user/api/user_grpc.pb.go:176.2,176.44 1 0
user/api/user_grpc.pb.go:163.32,165.3 1 0
user/api/user_grpc.pb.go:166.24,168.3 1 0
user/api/user_grpc.pb.go:173.77,175.3 1 0
user/api/user_grpc.pb.go:179.171,181.32 2 0
user/api/user_grpc.pb.go:184.2,184.24 1 0
user/api/user_grpc.pb.go:187.2,191.77 2 0
user/api/user_grpc.pb.go:194.2,194.44 1 0
user/api/user_grpc.pb.go:181.32,183.3 1 0
user/api/user_grpc.pb.go:184.24,186.3 1 0
user/api/user_grpc.pb.go:191.77,193.3 1 0
user/api/user_grpc.pb.go:197.159,199.32 2 0
user/api/user_grpc.pb.go:202.2,202.24 1 0
user/api/user_grpc.pb.go:205.2,209.77 2 0
user/api/user_grpc.pb.go:212.2,212.44 1 0
user/api/user_grpc.pb.go:199.32,201.3 1 0
user/api/user_grpc.pb.go:202.24,204.3 1 0
user/api/user_grpc.pb.go:209.77,211.3 1 0
user/pkg/metric/metric.go:19.12,30.2 4 0
user/pkg/metric/metric.go:32.63,35.2 2 0
user/pkg/metric/metric.go:37.52,39.2 1 0
user/pkg/metric/metric.go:41.36,42.16 1 0
user/pkg/metric/metric.go:42.16,44.3 1 0
user/internal/app/review/handlers/httphandlers.go:21.50,25.2 1 0
user/internal/app/review/handlers/httphandlers.go:27.66,31.63 3 0
user/internal/app/review/handlers/httphandlers.go:35.2,36.16 2 0
user/internal/app/review/handlers/httphandlers.go:40.2,40.44 1 0
user/internal/app/review/handlers/httphandlers.go:31.63,34.3 2 0
user/internal/app/review/handlers/httphandlers.go:36.16,39.3 2 0
user/internal/app/review/handlers/httphandlers.go:44.74,49.16 4 0
user/internal/app/review/handlers/httphandlers.go:54.2,55.16 2 0
user/internal/app/review/handlers/httphandlers.go:59.2,59.45 1 0
user/internal/app/review/handlers/httphandlers.go:49.16,52.3 2 0
user/internal/app/review/handlers/httphandlers.go:55.16,58.3 2 0
user/internal/app/user/repository/repository.go:15.88,25.16 3 0
user/internal/app/user/repository/repository.go:29.2,29.16 1 0
user/internal/app/user/repository/repository.go:25.16,28.3 2 0
user/internal/app/user/repository/repository.go:32.81,35.16 3 0
user/internal/app/user/repository/repository.go:39.2,39.35 1 0
user/internal/app/user/repository/repository.go:43.2,43.12 1 0
user/internal/app/user/repository/repository.go:35.16,38.3 2 0
user/internal/app/user/repository/repository.go:39.35,42.3 2 0
user/internal/app/user/repository/repository.go:46.93,49.16 3 0
user/internal/app/user/repository/repository.go:53.2,53.19 1 0
user/internal/app/user/repository/repository.go:49.16,52.3 2 0
user/internal/app/user/repository/repository.go:56.99,59.16 3 0
user/internal/app/user/repository/repository.go:63.2,63.19 1 0
user/internal/app/user/repository/repository.go:59.16,62.3 2 0
user/internal/app/user/repository/repository.go:66.83,68.16 2 0
user/internal/app/user/repository/repository.go:72.2,72.12 1 0
user/internal/app/user/repository/repository.go:68.16,71.3 2 0
user/internal/app/session/usecase/usecase.go:13.57,17.2 1 0
user/internal/app/session/usecase/usecase.go:19.101,21.16 2 0
user/internal/app/session/usecase/usecase.go:24.2,24.15 1 0
user/internal/app/session/usecase/usecase.go:21.16,23.3 1 0
user/internal/app/specialize/repository/repository.go:17.95,20.48 3 0
user/internal/app/specialize/repository/repository.go:24.2,24.25 1 0
user/internal/app/specialize/repository/repository.go:20.48,23.3 2 0
user/internal/app/specialize/repository/repository.go:27.85,31.16 3 0
user/internal/app/specialize/repository/repository.go:35.2,35.16 1 0
user/internal/app/specialize/repository/repository.go:31.16,34.3 2 0
user/internal/app/specialize/repository/repository.go:48.83,51.16 3 0
user/internal/app/specialize/repository/repository.go:55.2,55.27 1 0
user/internal/app/specialize/repository/repository.go:51.16,54.3 2 0
user/internal/app/specialize/repository/repository.go:58.111,65.16 2 0
user/internal/app/specialize/repository/repository.go:69.2,69.12 1 0
user/internal/app/specialize/repository/repository.go:65.16,68.3 2 0
user/internal/app/specialize/repository/repository.go:81.115,83.16 2 0
user/internal/app/specialize/repository/repository.go:87.2,87.12 1 0
user/internal/app/specialize/repository/repository.go:83.16,86.3 2 0
user/cmd/main.go:44.13,46.2 1 1
user/cmd/main.go:48.13,52.16 4 0
user/cmd/main.go:56.2,56.51 1 0
user/cmd/main.go:60.2,61.16 2 0
user/cmd/main.go:64.2,64.15 1 0
user/cmd/main.go:70.2,87.16 3 0
user/cmd/main.go:91.2,110.16 7 0
user/cmd/main.go:113.2,121.16 3 0
user/cmd/main.go:124.2,166.12 30 0
user/cmd/main.go:181.2,186.16 5 0
user/cmd/main.go:190.2,191.35 2 0
user/cmd/main.go:52.16,54.3 1 0
user/cmd/main.go:56.51,58.3 1 0
user/cmd/main.go:61.16,63.3 1 0
user/cmd/main.go:64.15,65.42 1 0
user/cmd/main.go:65.42,67.4 1 0
user/cmd/main.go:87.16,89.3 1 0
user/cmd/main.go:110.16,112.3 1 0
user/cmd/main.go:121.16,123.3 1 0
user/cmd/main.go:166.12,167.19 1 0
user/cmd/main.go:175.3,176.49 2 0
user/cmd/main.go:167.19,171.72 2 0
user/cmd/main.go:171.72,173.5 1 0
user/cmd/main.go:176.49,178.4 1 0
user/cmd/main.go:186.16,188.3 1 0
user/cmd/main.go:191.35,193.3 1 0
user/pkg/logger/loger.go:9.38,10.24 1 0
user/pkg/logger/loger.go:20.2,20.12 1 0
user/pkg/logger/loger.go:10.24,12.3 1 0
user/pkg/logger/loger.go:12.8,14.17 2 0
user/pkg/logger/loger.go:17.3,17.31 1 0
user/pkg/logger/loger.go:14.17,16.4 1 0
user/pkg/logger/loger.go:23.64,29.2 1 0
user/pkg/logger/loger.go:31.46,36.2 1 0
user/pkg/logger/loger.go:38.44,43.2 1 0
user/pkg/error/errortools/grpcerror.go:17.56,18.45 1 0
user/pkg/error/errortools/grpcerror.go:26.2,26.22 1 0
user/pkg/error/errortools/grpcerror.go:18.45,19.26 1 0
user/pkg/error/errortools/grpcerror.go:24.3,24.48 1 0
user/pkg/error/errortools/grpcerror.go:19.26,23.4 1 0
user/pkg/httputils/httputils.go:16.100,18.17 2 0
user/pkg/httputils/httputils.go:25.2,27.41 3 0
user/pkg/httputils/httputils.go:18.17,20.17 2 0
user/pkg/httputils/httputils.go:20.17,23.4 2 0
user/pkg/httputils/httputils.go:30.88,35.2 4 0
user/pkg/httputils/httputils.go:37.33,38.71 1 0
user/pkg/httputils/httputils.go:38.71,45.3 3 0
user/api/api_grpc.pb.go:28.66,30.2 1 0
user/api/api_grpc.pb.go:32.133,35.16 3 0
user/api/api_grpc.pb.go:38.2,38.17 1 0
user/api/api_grpc.pb.go:35.16,37.3 1 0
user/api/api_grpc.pb.go:53.111,55.2 1 0
user/api/api_grpc.pb.go:56.74,56.75 0 0
user/api/api_grpc.pb.go:65.72,67.2 1 0
user/api/api_grpc.pb.go:69.158,71.32 2 0
user/api/api_grpc.pb.go:74.2,74.24 1 0
user/api/api_grpc.pb.go:77.2,81.77 2 0
user/api/api_grpc.pb.go:84.2,84.44 1 0
user/api/api_grpc.pb.go:71.32,73.3 1 0
user/api/api_grpc.pb.go:74.24,76.3 1 0
user/api/api_grpc.pb.go:81.77,83.3 1 0
user/api/order_grpc.pb.go:28.62,30.2 1 0
user/api/order_grpc.pb.go:32.128,35.16 3 0
user/api/order_grpc.pb.go:38.2,38.17 1 0
user/api/order_grpc.pb.go:35.16,37.3 1 0
user/api/order_grpc.pb.go:53.106,55.2 1 0
user/api/order_grpc.pb.go:56.70,56.71 0 0
user/api/order_grpc.pb.go:65.68,67.2 1 0
user/api/order_grpc.pb.go:69.163,71.32 2 0
user/api/order_grpc.pb.go:74.2,74.24 1 0
user/api/order_grpc.pb.go:77.2,81.77 2 0
user/api/order_grpc.pb.go:84.2,84.44 1 0
user/api/order_grpc.pb.go:71.32,73.3 1 0
user/api/order_grpc.pb.go:74.24,76.3 1 0
user/api/order_grpc.pb.go:81.77,83.3 1 0
user/internal/app/user/handlers/grpchandlers.go:19.58,23.2 1 0
user/internal/app/user/handlers/grpchandlers.go:25.111,36.16 3 0
user/internal/app/user/handlers/grpchandlers.go:49.2,52.8 1 0
user/internal/app/user/handlers/grpchandlers.go:36.16,40.21 4 0
user/internal/app/user/handlers/grpchandlers.go:43.3,46.35 1 0
user/internal/app/user/handlers/grpchandlers.go:40.21,42.4 1 0
user/internal/app/user/handlers/grpchandlers.go:55.122,57.16 2 0
user/internal/app/user/handlers/grpchandlers.go:69.2,72.8 1 0
user/internal/app/user/handlers/grpchandlers.go:57.16,61.21 4 0
user/internal/app/user/handlers/grpchandlers.go:64.3,67.50 1 0
user/internal/app/user/handlers/grpchandlers.go:61.21,63.4 1 0
user/internal/app/user/handlers/grpchandlers.go:75.107,77.16 2 0
user/internal/app/user/handlers/grpchandlers.go:95.2,104.8 1 0
user/internal/app/user/handlers/grpchandlers.go:77.16,81.21 4 0
user/internal/app/user/handlers/grpchandlers.go:84.3,93.50 1 0
user/internal/app/user/handlers/grpchandlers.go:81.21,83.4 1 0
user/internal/app/user/handlers/grpchandlers.go:107.126,110.2 1 0
user/internal/app/user/handlers/grpchandlers.go:112.111,114.16 2 0
user/internal/app/user/handlers/grpchandlers.go:123.2,123.56 1 0
user/internal/app/user/handlers/grpchandlers.go:114.16,118.21 4 0
user/internal/app/user/handlers/grpchandlers.go:121.3,121.99 1 0
user/internal/app/user/handlers/grpchandlers.go:118.21,120.4 1 0
